IQ-TREE multicore version 2.3.6 for Linux x86 64-bit built Aug  4 2024
Developed by Bui Quang Minh, Nguyen Lam Tung, Olga Chernomor, Heiko Schmidt,
Dominik Schrempf, Michael Woodhams, Ly Trong Nhan, Thomas Wong

Host:    r26i27n24 (AVX512, FMA3, 188 GB RAM)
Command: /usr/local/bin/iqtree2 -s refolded_fullglyco_E1_AA_famsa_3ditrim35.fas -m TEST -bb 1000 -nt AUTO -pre /data/leuven/358/vsc35887/master_thesis/iqtree_output/refolded_fullglyco_E1_famsa_iqtree/refolded_fullglyco_E1_AA_famsa_3ditrim35
Seed:    251132 (Using SPRNG - Scalable Parallel Random Number Generator)
Time:    Mon Sep 16 16:32:48 2024
Kernel:  AVX+FMA - auto-detect threads (16 CPU cores detected)

Reading alignment file refolded_fullglyco_E1_AA_famsa_3ditrim35.fas ... Fasta format detected
Reading fasta file: done in 0.00107012 secs using 52.42% CPU
Alignment most likely contains protein sequences
Alignment has 190 sequences with 195 columns, 195 distinct patterns
193 parsimony-informative, 2 singleton sites, 0 constant sites
                                                                                          Gap/Ambiguity  Composition  p-value
Analyzing sequences: done in 0.00810287 secs using 1490% CPU
   1  HPHV_Bald_eagle_hepacivirus_E1_170-361_AlphaFold.pdb                                        3.08%    passed     94.86%
   2  HPHV_Bamboo_rat_hepacivirus_OM451124_E1_171-356_AlphaFold.pdb                               5.64%    passed     74.86%
   3  HPHV_Bamboo_rat_hepacivirus_OM480528_E1_171-357_AlphaFold.pdb                               5.64%    passed     75.65%
   4  HPHV_Bat_hepacivirus_BK013349_E1_149-356_AlphaFold.pdb                                      0.51%    passed     81.87%
   5  HPHV_Bat_hepacivirus_TA166TZA2013_E1_138-324_AlphaFold.pdb                                  4.62%    passed     85.56%
   6  HPHV_Catfish_hepacivirus_E1_355-549_AlphaFold.pdb                                           1.54%    passed     73.97%
   7  HPHV_Chaetodon_aureofaciatus_hepacivirus_isolate_F25_E1_180-366_AlphaFold.pdb               4.62%    passed     50.21%
   8  HPHV_Chinese_broad-headed_pond_turtle_hepacivirus_E1_298-486_AlphaFold.pdb                  3.59%    passed     35.21%
   9  HPHV_Chinese_softshell_turtle_hepacivirus_E1_301-487_AlphaFold.pdb                          4.62%    passed     25.59%
  10  HPHV_Crab_eating_macaque_hepacivirus_E1_174-383_AlphaFold.pdb                               1.03%    passed     54.48%
  11  HPHV_Cyprichromis_hepacivirus_E1_102-279_AlphaFold.pdb                                      8.72%    passed     87.94%
  12  HPHV_Duck_hepacivirus_HCL-1_E1_289-481_AlphaFold.pdb                                        2.05%    passed     94.28%
  13  HPHV_Equine_hepacivirus_E1_205-391_AlphaFold.pdb                                            4.62%    passed     22.82%
  14  HPHV_Gecko_hepacivirus_E1_311-502_AlphaFold.pdb                                             2.56%    passed     72.63%
  15  HPHV_Gerbil_hepacivirus_E1_219-405_AlphaFold.pdb                                            5.13%    passed     55.58%
  16  HPHV_Guangxi_chinese_leopard_gecko_hepacivirus_E1_660-850_AlphaFold.pdb                     5.13%    failed      0.04%
  17  HPHV_Guangxi_houndshark_hepacivirus_E1_344-537_AlphaFold.pdb                                3.59%    passed     55.88%
  18  HPHV_Guereza_hepacivirus_E1_180-392_AlphaFold.pdb                                           0.51%    passed     98.06%
  19  HPHV_Hainan_oriental_leaf-toed_gecko_hepacivirus_E1_219-407_AlphaFold.pdb                   4.10%    passed     45.22%
  20  HPHV_Hepacivirus_F_E1_152-338_AlphaFold.pdb                                                 5.13%    passed     79.15%
  21  HPHV_Hepacivirus_F_isolate_MgHV2_E1_146-333_AlphaFold.pdb                                   5.13%    passed     79.64%
  22  HPHV_Hepacivirus_F_isolate_MgHV3_E1_146-332_AlphaFold.pdb                                   5.13%    passed     76.10%
  23  HPHV_Hepacivirus_F_isolate_MgHV4_E1_146-333_AlphaFold.pdb                                   5.13%    passed     76.49%
  24  HPHV_Hepacivirus_F_isolate_NA_E1_180-366_AlphaFold.pdb                                      5.13%    passed     83.01%
  25  HPHV_Hepacivirus_I_E1_180-369_AlphaFold.pdb                                                 3.08%    passed     83.32%
  26  HPHV_Hepacivirus_J_isolate_Hepacivirus_RMU10-3382GER2010_E1_164-348_AlphaFold.pdb           5.13%    passed     80.09%
  27  HPHV_Hepacivirus_K_E1_191-383_AlphaFold.pdb                                                 3.08%    passed     81.53%
  28  HPHV_Hepacivirus_L_E1_163-363_AlphaFold.pdb                                                 0.51%    passed     69.23%
  29  HPHV_Hepacivirus_M_E1_191-382_AlphaFold.pdb                                                 3.08%    passed     77.36%
  30  HPHV_Hepacivirus_N_E1_151-347_AlphaFold.pdb                                                 2.56%    passed     90.42%
  31  HPHV_Hepacivirus_N_isolate_IME_BovHep_01_E1_148-347_AlphaFold.pdb                           0.51%    passed     75.44%
  32  HPHV_Hepacivirus_P_E1_148-338_AlphaFold.pdb                                                 2.56%    passed     92.21%
  33  HPHV_Hepacivirus_Q_strain_GDZQ-15_E1_172-361_AlphaFold.pdb                                  3.59%    passed     68.91%
  34  HPHV_Hepacivirus_horseDH1HUN2013_E1_205-390_AlphaFold.pdb                                   5.13%    passed     18.98%
  35  HPHV_Hepacivirus_sp._E1_201-379_AlphaFold.pdb                                               9.74%    passed     82.08%
  36  HPHV_Hepacivirus_sp._clone_B32_E1_157-338_AlphaFold.pdb                                     6.67%    passed     82.26%
  37  HPHV_Hepatitis_C_virus_genotype_1_E1_192-383_AlphaFold.pdb                                  2.56%    passed     62.55%
  38  HPHV_Hepatitis_C_virus_genotype_2_E1_193-383_AlphaFold.pdb                                  3.08%    failed      0.46%
  39  HPHV_Hepatitis_C_virus_genotype_3_E1_193-383_AlphaFold.pdb                                  3.08%    passed      5.51%
  40  HPHV_Hepatitis_C_virus_genotype_4_E1_193-383_AlphaFold.pdb                                  3.08%    passed     30.25%
  41  HPHV_Hepatitis_C_virus_genotype_5_E1_193-383_AlphaFold.pdb                                  3.08%    passed     86.97%
  42  HPHV_Hepatitis_C_virus_genotype_6_E1_193-383_AlphaFold.pdb                                  3.08%    passed     86.75%
  43  HPHV_Hepatitis_C_virus_genotype_7_E1_192-383_AlphaFold.pdb                                  2.56%    passed     44.20%
  44  HPHV_Hepatitis_GB_virus_B_E1_157-349_AlphaFold.pdb                                          2.05%    passed     99.05%
  45  HPHV_Jingmen_Rhinolophus_sinicus_hepacivirus_E1_159-357_AlphaFold.pdb                       1.54%    passed     93.74%
  46  HPHV_Jogalong_virus_P1-10_E1_88-278_AlphaFold.pdb                                           3.59%    failed      0.57%
  47  HPHV_Longquan_Niviventer_fulvescens_hepacivirus_1_E1_265-459_AlphaFold.pdb                  1.54%    passed     99.91%
  48  HPHV_Longquan_Niviventer_niviventer_hepacivirus_1_E1_253-458_AlphaFold.pdb                  1.03%    passed     99.73%
  49  HPHV_Longquan_Rhinolophus_pusillus_hepacivirus_E1_157-362_AlphaFold.pdb                     0.51%    passed     72.23%
  50  HPHV_Mutant_Hepacivirus_clone_S83cc_E1_193-383_AlphaFold.pdb                                3.08%    passed     53.88%
  51  HPHV_Mutant_Hepacivirus_clone_T9cc_E1_193-383_AlphaFold.pdb                                 3.08%    failed      1.30%
  52  HPHV_Nanhai_ghost_shark_hepacivirus_1_E1_2-119_AlphaFold.pdb                               42.05%    passed     74.74%
  53  HPHV_Nanhai_ghost_shark_hepacivirus_2_E1_213-403_AlphaFold.pdb                              3.59%    passed     54.17%
  54  HPHV_Non-primate_hepacivirus_NZP1_E1_205-391_AlphaFold.pdb                                  4.62%    failed      4.41%
  55  HPHV_Non-primate_hepacivirus_strain_CU_isolate_III_E1_205-387_AlphaFold.pdb                 6.67%    passed     21.58%
  56  HPHV_Northern_treeshrew_hepacivirus_E1_155-346_AlphaFold.pdb                                2.56%    passed     80.81%
  57  HPHV_Norway_rat_hepacivirus_1_E1_246-449_AlphaFold.pdb                                      0.51%    passed     81.19%
  58  HPHV_Norway_rat_hepacivirus_2_E1_164-382_AlphaFold.pdb                                      0.51%    passed     92.11%
  59  HPHV_Possum_hepacivrus_E1_166-342_AlphaFold.pdb                                             9.74%    passed     44.46%
  60  HPHV_Recombinant_Hepacivirus_E1_193-383_AlphaFold.pdb                                       3.08%    passed     19.59%
  61  HPHV_Rhizomys_pruinosus_hepacivirus_E1_176-361_AlphaFold.pdb                                5.64%    passed     68.56%
  62  HPHV_Ringtail_hepacivirus_E1_164-353_AlphaFold.pdb                                          4.62%    passed     87.66%
  63  HPHV_Rodent_hepacivirus_05VZ-14-118_E1_170-357_AlphaFold.pdb                                5.13%    passed     48.94%
  64  HPHV_Rodent_hepacivirus_B349PAN2014_E1_164-351_AlphaFold.pdb                                5.13%    passed     10.61%
  65  HPHV_Rodent_hepacivirus_CRT125-BCOD2010_E1_183-365_AlphaFold.pdb                            6.15%    passed     51.64%
  66  HPHV_Rodent_hepacivirus_CRT352-BCOD2010_E1_173-356_AlphaFold.pdb                            5.64%    passed     58.10%
  67  HPHV_Rodent_hepacivirus_CRT382COD2010_E1_252-436_AlphaFold.pdb                              6.15%    passed     95.21%
  68  HPHV_Rodent_hepacivirus_CRT490-BCOD2010_E1_183-365_AlphaFold.pdb                            6.15%    passed     31.03%
  69  HPHV_Rodent_hepacivirus_CRT64-ACOD2010_E1_183-365_AlphaFold.pdb                             6.15%    passed     59.57%
  70  HPHV_Rodent_hepacivirus_CRT682COD2010_E1_173-368_AlphaFold.pdb                              0.51%    passed     75.29%
  71  HPHV_Rodent_hepacivirus_E1_167-353_AlphaFold.pdb                                            5.13%    passed     44.73%
  72  HPHV_Rodent_hepacivirus_MOZ329-AMOZ2011_E1_183-367_AlphaFold.pdb                            5.13%    passed     61.35%
  73  HPHV_Rodent_hepacivirus_MOZ329-CMOZ2011_E1_252-435_AlphaFold.pdb                            6.67%    passed     95.32%
  74  HPHV_Rodent_hepacivirus_RO22799BeAn812052_E1_168-355_AlphaFold.pdb                          5.13%    passed     70.60%
  75  HPHV_Rodent_hepacivirus_TA085TZA2013_E1_223-407_AlphaFold.pdb                               6.15%    passed     88.91%
  76  HPHV_Rodent_hepacivirus_TA100-ATZA2013_E1_173-355_AlphaFold.pdb                             6.15%    passed     65.17%
  77  HPHV_Rodent_hepacivirus_TA142TZA2013_E1_168-351_AlphaFold.pdb                               5.64%    passed     76.57%
  78  HPHV_Rodent_hepacivirus_TA498-ATZA2013_E1_213-395_AlphaFold.pdb                             6.15%    passed     26.37%
  79  HPHV_Rodent_hepacivirus_TA498-CTZA2013_E1_251-435_AlphaFold.pdb                             6.15%    passed     93.24%
  80  HPHV_Rodent_hepacivirus_TA531-ATZA2013_E1_183-365_AlphaFold.pdb                             6.15%    passed     57.96%
  81  HPHV_Rodent_hepacivirus_TZ25757TZA2011_E1_181-367_AlphaFold.pdb                             5.64%    passed     52.14%
  82  HPHV_Rodent_hepacivirus_rn-1_E1_246-450_AlphaFold.pdb                                       0.51%    passed     83.16%
  83  HPHV_Rodent_hepacvirus_RtAs-HCVIM2014_E1_220-403_AlphaFold.pdb                              5.64%    passed     67.74%
  84  HPHV_Rodent_hepacvirus_RtMc-HCVTibet2014_E1_145-332_AlphaFold.pdb                           5.13%    passed     42.83%
  85  HPHV_Sifaka_hepacivirus_MH824541_E1_200-394_AlphaFold.pdb                                   1.54%    passed     95.34%
  86  HPHV_Sifaka_hepacivirus_MT371438_E1_202-393_AlphaFold.pdb                                   2.56%    passed     92.15%
  87  HPHV_Sigmodontinae_hepacivirus_E1_170-367_AlphaFold.pdb                                     2.05%    passed     89.34%
  88  HPHV_Viviparous_lizard_hepacivirus_E1_465-667_AlphaFold.pdb                                 3.08%    passed     61.01%
  89  HPHV_Wenling_shark_virus_E1_301-494_AlphaFold.pdb                                           3.59%    passed     65.95%
  90  HPHV_Wenzhou_Apodemus_agrarius_hepacivirus_1_E1_161-344_AlphaFold.pdb                       7.69%    passed     64.47%
  91  HPHV_Wenzhou_Suncus_murinus_hepacivirus_1_E1_159-344_AlphaFold.pdb                          6.15%    passed     47.35%
  92  HPHV_Western_African_lungfish_hepacivirus_E1_382-570_AlphaFold.pdb                          3.59%    passed     41.32%
  93  HPHV_White_sucker_hepacivirus_E1_381-571_AlphaFold.pdb                                      3.59%    passed     96.20%
  94  HPHV_Wufeng_Niviventer_fulvescens_hepacivirus_1_E1_212-403_AlphaFold.pdb                    3.08%    passed     99.79%
  95  HPHV_Wufeng_Niviventer_niviventer_hepacivirus_1_E1_213-405_AlphaFold.pdb                    2.56%    passed     99.44%
  96  HPHV_Wufeng_Typhlomys_cinereus_hepacivirus_1_E1_173-367_AlphaFold.pdb                       2.56%    passed     24.44%
  97  HPHV_Wufeng_Typhlomys_cinereus_hepacivirus_2_E1_174-359_AlphaFold.pdb                       5.64%    passed     52.68%
  98  HPHV_Wufeng_Typhlomys_cinereus_hepacivirus_3_E1_168-353_AlphaFold.pdb                       5.64%    passed      6.39%
  99  HPHV_Xiamen_guitarfish_hepacivirus_E1_370-557_AlphaFold.pdb                                 5.13%    passed     99.33%
 100  HPHV_Xiamen_sepia_Stingray_hepacivirus_E1_430-621_AlphaFold.pdb                             4.10%    passed     35.75%
 101  HPHV_Yili_teratoscincus_roborowskii_hepacivirus_E1_672-861_AlphaFold.pdb                    3.59%    passed     50.67%
 102  HPPV_Bat_GB-like_virus_E1_22-217_AlphaFold.pdb                                              5.13%    passed     38.94%
 103  HPPV_Bat_pegivirus_PDB-1734_E1_162-347_AlphaFold.pdb                                        6.67%    passed     42.46%
 104  HPPV_Bat_pegivirus_PDB-24_E1_30-214_AlphaFold.pdb                                           5.64%    passed     20.39%
 105  HPPV_Bat_pegivirus_PDB-303_E1_23-220_AlphaFold.pdb                                          5.13%    passed     68.20%
 106  HPPV_Bat_pegivirus_PDB-34.1_E1_289-471_AlphaFold.pdb                                        7.18%    passed     96.19%
 107  HPPV_Bat_pegivirus_PDB-491.2_E1_104-287_AlphaFold.pdb                                       6.15%    failed      2.35%
 108  HPPV_Bat_pegivirus_PDB-694_E1_61-256_AlphaFold.pdb                                          5.13%    passed     52.52%
 109  HPPV_Bat_pegivirus_PDB-737B_E1_58-242_AlphaFold.pdb                                         5.64%    passed     62.38%
 110  HPPV_Bat_pegivirus_PDB-838_E1_102-284_AlphaFold.pdb                                         6.67%    passed     66.89%
 111  HPPV_Chimpanzee_GB_virus_C_E1_21-207_AlphaFold.pdb                                          5.64%    passed     53.63%
 112  HPPV_Dolphin_pegivirus_E1_33-218_AlphaFold.pdb                                              5.13%    passed     44.77%
 113  HPPV_Dremomys_pernyi_pegivirus_isolate_SC_C7-54.2_2022_E1_197-379_AlphaFold.pdb             7.69%    passed     74.20%
 114  HPPV_Eospalax_rufescens_pegivirus_isolate_SC_C3-19.2_2021_E1_212-398_AlphaFold.pdb          6.67%    passed     43.98%
 115  HPPV_Equine_Pegivirus_E1_55-232_AlphaFold.pdb                                               9.23%    failed      0.22%
 116  HPPV_Feline_pegivirus_E1_31-210_AlphaFold.pdb                                               8.72%    passed     85.40%
 117  HPPV_GB_virus_E1_62-249_AlphaFold.pdb                                                       5.13%    passed     27.77%
 118  HPPV_Goose_pegivirus_1_E1_33-220_AlphaFold.pdb                                              4.10%    passed     43.06%
 119  HPPV_Goose_pegivirus_2_E1_29-214_AlphaFold.pdb                                              5.64%    passed     28.19%
 120  HPPV_Hepatitis_GB_virus_A_E1_98-271_AlphaFold.pdb                                          11.79%    passed     61.67%
 121  HPPV_Hepatitis_G_virus_AB018667.1_E1_20-206_AlphaFold.pdb                                   5.64%    passed     36.80%
 122  HPPV_Hepatitis_G_virus_AB021287.1_E1_20-206_AlphaFold.pdb                                   5.64%    passed     43.34%
 123  HPPV_Hepatitis_G_virus_HGV-T55875_E1_52-237_AlphaFold.pdb                                   6.15%    passed     37.14%
 124  HPPV_Hepatitis_G_virus_U94695.1_E1_53-237_AlphaFold.pdb                                     6.67%    passed     27.36%
 125  HPPV_Hepatitis_G_virus_isolate_765_E1_88-274_AlphaFold.pdb                                  5.64%    passed     46.64%
 126  HPPV_Human_hepegivirus_E1_111-315_AlphaFold.pdb                                             6.15%    passed     54.72%
 127  HPPV_Leucosticte_brandti_pegivirus_XZN_E1_28-217_AlphaFold.pdb                              5.13%    passed     72.85%
 128  HPPV_Longquan_Niviventer_fulvescens_pegivirus_E1_225-423_AlphaFold.pdb                      6.67%    passed     47.30%
 129  HPPV_Longquan_Niviventer_niviventer_pegivirus_E1_233-416_AlphaFold.pdb                      6.67%    passed     56.91%
 130  HPPV_Longquan_Rhinolophus_pearsonii_pegivirus_E1_67-245_AlphaFold.pdb                       9.74%    passed     98.77%
 131  HPPV_Marmoset_pegivirus_E1_22-198_AlphaFold.pdb                                            10.26%    failed      1.41%
 132  HPPV_Montifringilla_taczanowskii_pegivirus_E1_28-222_AlphaFold.pdb                          4.62%    passed     67.20%
 133  HPPV_Nabpantry_virus_9_E1_21-205_AlphaFold.pdb                                              5.64%    passed     70.89%
 134  HPPV_Passer_montanus_pegivirus_GXN_E1_27-210_AlphaFold.pdb                                  6.67%    passed     66.73%
 135  HPPV_Pegivirus_A_56330218_E1_20-206_AlphaFold.pdb                                           5.64%    passed     49.10%
 136  HPPV_Pegivirus_A_89859249_E1_65-251_AlphaFold.pdb                                           5.64%    passed     44.04%
 137  HPPV_Pegivirus_D_E1_22-206_AlphaFold.pdb                                                    6.15%    passed     35.48%
 138  HPPV_Pegivirus_G_E1_285-477_AlphaFold.pdb                                                   6.67%    passed     77.41%
 139  HPPV_Pegivirus_I_E1_21-212_AlphaFold.pdb                                                    5.13%    passed     13.28%
 140  HPPV_Pegivirus_K_E1_20-208_AlphaFold.pdb                                                    5.64%    passed      9.09%
 141  HPPV_Phaiomys_leucurus_pegivirus_E1_247-430_AlphaFold.pdb                                   7.18%    passed     15.31%
 142  HPPV_Rodent_pegivirus_05VZ-14-Rat070_E1_233-413_AlphaFold.pdb                               8.21%    passed     69.29%
 143  HPPV_Rodent_pegivirus_RPgV-IND079_E1_231-413_AlphaFold.pdb                                  7.69%    passed     71.73%
 144  HPPV_Rodent_pegivirus_isolate_CC61_E1_226-411_AlphaFold.pdb                                 6.67%    passed     61.14%
 145  HPPV_Simian_pegivirus_SPgVkrc_RC08_E1_21-207_AlphaFold.pdb                                  5.64%    passed     33.15%
 146  HPPV_Simian_pegivirus_VGA00020_E1_21-207_AlphaFold.pdb                                      5.64%    passed     24.07%
 147  HPPV_Simian_pegivirus_myb_M77_E1_21-207_AlphaFold.pdb                                       5.64%    passed     26.26%
 148  HPPV_Southwest_bike_trail_virus_E1_180-362_AlphaFold.pdb                                    6.67%    passed     38.33%
 149  HPPV_Ticpantry_virus_3_E1_102-286_AlphaFold.pdb                                             5.64%    passed     11.32%
 150  HPPV_Tree_shrew_pegivirus_E1_161-347_AlphaFold.pdb                                          6.67%    passed     98.29%
 151  HPPV_Wenzhou_Rattus_norvegicus_pegivirus_1_E1_207-398_AlphaFold.pdb                         8.21%    passed     35.30%
 152  HPPV_Wenzhou_Rattus_tanezumi_pegivirus_1_E1_225-408_AlphaFold.pdb                           7.18%    passed     31.76%
 153  HPPV_Wufeng_Blarinella_griselda_pegivirus_1_E1_167-351_AlphaFold.pdb                        7.18%    passed      9.81%
 154  HPPV_Wufeng_Crocidura_attenuata_pegivirus_1_E1_167-348_AlphaFold.pdb                        8.21%    passed     19.05%
 155  HPPV_Wufeng_Niviventer_fulvescens_pegivirus_1_E1_223-415_AlphaFold.pdb                      6.67%    passed     50.39%
 156  HPUN_Wenling_moray_eel_hepacivirus_E1_286-472_AlphaFold.pdb                                 4.62%    failed      0.01%
 157  PLPV_Atypical_porcine_pestivirus_E1_502-700_AlphaFold.pdb                                  10.26%    failed      0.06%
 158  PLPV_Bat_pestivirus_BtSk-PestV-1GX2017_E1_503-701_AlphaFold.pdb                            10.26%    failed      1.15%
 159  PLPV_Border_disease_virus_X818_E1_496-690_AlphaFold.pdb                                     9.74%    passed     31.43%
 160  PLPV_Bovine_viral_diarrhea_virus_1_E1_498-692_AlphaFold.pdb                                 9.74%    passed     25.51%
 161  PLPV_Bovine_viral_diarrhea_virus_2_E1_498-692_AlphaFold.pdb                                 9.74%    passed     44.71%
 162  PLPV_Bovine_viral_diarrhea_virus_3_Th04_KhonKaen_E1_496-690_AlphaFold.pdb                   9.74%    passed     63.99%
 163  PLPV_Classical_swine_fever_virus_E1_496-689_AlphaFold.pdb                                  10.26%    passed     35.39%
 164  PLPV_Dongyang_pangolin_virus_isolate_DYCS_E1_476-667_AlphaFold.pdb                         13.85%    failed      0.02%
 165  PLPV_Frog_pestivirus_E1_897-1094_AlphaFold.pdb                                             11.28%    failed      4.48%
 166  PLPV_Glass_knifefish_pestivirus_E1_1023-1197_AlphaFold.pdb                                 18.46%    passed     72.31%
 167  PLPV_Jingmen_Crocidura_shantungensis_pestivirus_1_E1_329-526_AlphaFold.pdb                  9.74%    passed     48.90%
 168  PLPV_Linda_virus_strain_Austria1_E1_508-702_AlphaFold.pdb                                  11.28%    passed     15.67%
 169  PLPV_Norway_rat_pestivirus_isolate_NrPVNYC-D23_E1_638-834_AlphaFold.pdb                    10.26%    passed     28.46%
 170  PLPV_Pangolin_pestivirus_1_isolate_ZJ-F1_E1_501-699_AlphaFold.pdb                           9.74%    failed      0.06%
 171  PLPV_Pangolin_pestivirus_strain_PPeVBIME1P019Tpangolin2018_E1_476-673_AlphaFold.pdb        10.26%    passed     17.45%
 172  PLPV_Pangolin_pestivirus_strain_PPeVBIME3P019Tpangolin2018_E1_477-673_AlphaFold.pdb        10.77%    failed      0.01%
 173  PLPV_Pangolin_pestivirus_strain_PPeVBIME5P141Tpangolin2018_E1_476-674_AlphaFold.pdb         9.74%    failed      0.00%
 174  PLPV_Pangolin_pestivirus_strain_PPeVBIME6P141Tpangolin2018_E1_505-702_AlphaFold.pdb         9.74%    failed      0.00%
 175  PLPV_Pangolin_pestivirus_strain_PPeVBIME6P226Tpangolin2018_E1_508-703_AlphaFold.pdb        10.77%    failed      0.19%
 176  PLPV_Pangolin_pestivirus_strain_PPeVBIME7P022Tpangolin2018_E1_476-673_AlphaFold.pdb         9.74%    failed      1.84%
 177  PLPV_Pestivirus_Burdur05-TR_E1_496-690_AlphaFold.pdb                                        9.74%    passed      9.89%
 178  PLPV_Pestivirus_PG-2_E1_495-688_AlphaFold.pdb                                              10.26%    passed     15.72%
 179  PLPV_Pestivirus_giraffe-1_H138_E1_494-688_AlphaFold.pdb                                     9.74%    passed     17.46%
 180  PLPV_Pestivirus_reindeer-1_V60-Krefeld_E1_496-690_AlphaFold.pdb                             9.74%    passed     23.48%
 181  PLPV_Pestivirus_sp._isolate_ovineIt338710-32017_E1_495-689_AlphaFold.pdb                    9.74%    passed     15.60%
 182  PLPV_Pestivirus_strain_Aydin04-TR_E1_496-690_AlphaFold.pdb                                  9.74%    passed     13.73%
 183  PLPV_Phocoena_pestivirus_isolate_NS170386_E1_339-536_AlphaFold.pdb                          9.74%    passed     25.44%
 184  PLPV_Porcine_pestivirus_isolate_Bungowannah_E1_498-694_AlphaFold.pdb                        9.74%    failed      0.60%
 185  PLPV_Pronghorn_antelope_pestivirus_E1_493-687_AlphaFold.pdb                                 9.74%    passed     76.02%
 186  PLPV_Rodent_pestivirus_isolate_RtAp-PestVJL2014_E1_624-819_AlphaFold.pdb                   10.77%    passed     32.24%
 187  PLPV_Rodent_pestivirus_isolate_RtNn-PestVHuB2014_E1_635-832_AlphaFold.pdb                   9.74%    passed     30.36%
 188  PLPV_Tunisian_small_ruminant_pestivirus_strain_920192007AG_E1_495-689_AlphaFold.pdb         9.74%    passed     13.87%
 189  PLPV_Wenzhou_Pipistrellus_abramus_pestivirus_1_isolate_YJB_Pabr_E1_502-698_AlphaFold.pdb   10.26%    passed     15.15%
 190  PLPV_Zikole_virus_E1_503-702_AlphaFold.pdb                                                  9.74%    failed      1.01%
****  TOTAL                                                                                       6.09%  21 sequences failed composition chi2 test (p-value<5%; df=19)


Create initial parsimony tree by phylogenetic likelihood library (PLL)... 0.043 seconds
Measuring multi-threading efficiency up to 16 CPU cores
Increase to 10 rounds for branch lengths
17 trees examined
Threads: 1 / Time: 16.974 sec / Speedup: 1.000 / Efficiency: 100% / LogL: -78569
Threads: 2 / Time: 12.891 sec / Speedup: 1.317 / Efficiency: 66% / LogL: -78569
Threads: 3 / Time: 8.211 sec / Speedup: 2.067 / Efficiency: 69% / LogL: -78569
Threads: 4 / Time: 8.773 sec / Speedup: 1.935 / Efficiency: 48% / LogL: -78569
BEST NUMBER OF THREADS: 3

Perform fast likelihood tree search using LG+G model...
Estimate model parameters (epsilon = 5.000)
Perform nearest neighbor interchange...
Estimate model parameters (epsilon = 1.000)
1. Initial log-likelihood: -43965.994
Optimal log-likelihood: -43965.491
Gamma shape alpha: 1.387
Parameters optimization took 1 rounds (0.181 sec)
Time for fast ML tree search: 2.636 seconds

NOTE: ModelFinder requires 26 MB RAM!
ModelFinder will test up to 112 protein models (sample size: 195 epsilon: 0.100) ...
 No. Model         -LnL         df  AIC          AICc         BIC
  1  LG            45157.736    377 91069.471    376081.471   92303.392
  2  LG+G4         43965.409    378 88686.817    375210.817   89924.011
  4  LG+F+G4       43932.381    397 88658.762    404670.762   89958.143
  6  WAG+G4        44086.894    378 88929.787    375453.787   90166.981
  8  WAG+F+G4      43815.375    397 88424.750    404436.750   89724.131
 10  JTT+G4        44494.091    378 89744.183    376268.183   90981.376
 12  JTT+F+G4      44311.589    397 89417.179    405429.179   90716.560
WARNING: Normalizing state frequencies so that sum of them equals to 1
 14  Q.pfam+G4     43879.286    378 88514.573    375038.573   89751.766
WARNING: Normalizing state frequencies so that sum of them equals to 1
 16  Q.pfam+F+G4   44011.796    397 88817.591    404829.591   90116.972
WARNING: Normalizing state frequencies so that sum of them equals to 1
 18  Q.bird+G4     45365.160    378 91486.320    378010.320   92723.514
WARNING: Normalizing state frequencies so that sum of them equals to 1
 20  Q.bird+F+G4   45371.547    397 91537.093    407549.093   92836.474
WARNING: Normalizing state frequencies so that sum of them equals to 1
 22  Q.mammal+G4   45032.844    378 90821.689    377345.689   92058.883
WARNING: Normalizing state frequencies so that sum of them equals to 1
 24  Q.mammal+F+G4 44992.065    397 90778.130    406790.130   92077.511
 26  Q.insect+G4   44434.366    378 89624.732    376148.732   90861.925
 28  Q.insect+F+G4 44307.747    397 89409.493    405421.493   90708.874
WARNING: Normalizing state frequencies so that sum of them equals to 1
 30  Q.plant+G4    44669.541    378 90095.082    376619.082   91332.276
WARNING: Normalizing state frequencies so that sum of them equals to 1
 32  Q.plant+F+G4  44720.992    397 90235.984    406247.984   91535.364
WARNING: Normalizing state frequencies so that sum of them equals to 1
 34  Q.yeast+G4    44494.681    378 89745.363    376269.363   90982.556
WARNING: Normalizing state frequencies so that sum of them equals to 1
 36  Q.yeast+F+G4  44298.255    397 89390.510    405402.510   90689.891
 38  JTTDCMut+G4   44489.138    378 89734.275    376258.275   90971.469
 40  JTTDCMut+F+G4 44302.281    397 89398.561    405410.561   90697.942
 42  DCMut+G4      44826.947    378 90409.894    376933.894   91647.088
 44  DCMut+F+G4    44214.303    397 89222.606    405234.606   90521.987
 46  VT+G4         44146.690    378 89049.380    375573.380   90286.574
 48  VT+F+G4       43977.337    397 88748.673    404760.673   90048.054
 50  PMB+G4        43994.928    378 88745.857    375269.857   89983.050
 52  PMB+F+G4      43881.679    397 88557.358    404569.358   89856.739
 54  Blosum62+G4   44102.116    378 88960.233    375484.233   90197.426
 56  Blosum62+F+G4 43922.816    397 88639.633    404651.633   89939.014
 58  Dayhoff+G4    44828.449    378 90412.897    376936.897   91650.091
 60  Dayhoff+F+G4  44215.839    397 89225.678    405237.678   90525.059
 62  mtREV+G4      46151.668    378 93059.337    379583.337   94296.531
 64  mtREV+F+G4    44975.064    397 90744.127    406756.127   92043.508
 66  mtART+G4      46477.861    378 93711.723    380235.723   94948.917
 68  mtART+F+G4    45637.400    397 92068.799    408080.799   93368.180
 70  mtZOA+G4      45231.676    378 91219.352    377743.352   92456.546
 72  mtZOA+F+G4    44950.270    397 90694.540    406706.540   91993.921
 74  mtMet+G4      46163.101    378 93082.202    379606.202   94319.396
 76  mtMet+F+G4    44987.008    397 90768.016    406780.016   92067.397
 78  mtVer+G4      46697.282    378 94150.564    380674.564   95387.758
 80  mtVer+F+G4    45619.710    397 92033.421    408045.421   93332.802
 82  mtInv+G4      46222.487    378 93200.973    379724.973   94438.167
 84  mtInv+F+G4    44592.668    397 89979.336    405991.336   91278.717
 86  mtMAM+G4      47452.146    378 95660.292    382184.292   96897.485
 88  mtMAM+F+G4    46147.005    397 93088.010    409100.010   94387.391
WARNING: Normalizing state frequencies so that sum of them equals to 1
 90  FLAVI+G4      46151.255    378 93058.510    379582.510   94295.704
WARNING: Normalizing state frequencies so that sum of them equals to 1
 92  FLAVI+F+G4    46081.715    397 92957.431    408969.431   94256.812
 94  HIVb+G4       45759.861    378 92275.722    378799.722   93512.916
 96  HIVb+F+G4     45453.242    397 91700.483    407712.483   92999.864
 98  HIVw+G4       47794.148    378 96344.296    382868.296   97581.490
100  HIVw+F+G4     46319.671    397 93433.341    409445.341   94732.722
102  FLU+G4        45244.550    378 91245.100    377769.100   92482.294
104  FLU+F+G4      44319.389    397 89432.777    405444.777   90732.158
106  rtREV+G4      44412.682    378 89581.363    376105.363   90818.557
108  rtREV+F+G4    44197.066    397 89188.132    405200.132   90487.513
110  cpREV+G4      44491.484    378 89738.968    376262.968   90976.161
112  cpREV+F+G4    44313.773    397 89421.546    405433.546   90720.927
Akaike Information Criterion:           WAG+F+G4
Corrected Akaike Information Criterion: Q.pfam+G4
Bayesian Information Criterion:         WAG+F+G4
Best-fit model: WAG+F+G4 chosen according to BIC

All model information printed to /data/leuven/358/vsc35887/master_thesis/iqtree_output/refolded_fullglyco_E1_famsa_iqtree/refolded_fullglyco_E1_AA_famsa_3ditrim35.model.gz
CPU time for ModelFinder: 266.739 seconds (0h:4m:26s)
Wall-clock time for ModelFinder: 102.073 seconds (0h:1m:42s)
Generating 1000 samples for ultrafast bootstrap (seed: 251132)...

NOTE: 26 MB RAM (0 GB) is required!
Estimate model parameters (epsilon = 0.100)
1. Initial log-likelihood: -43848.737
2. Current log-likelihood: -43817.792
3. Current log-likelihood: -43816.069
4. Current log-likelihood: -43815.964
Optimal log-likelihood: -43815.902
Gamma shape alpha: 1.741
Parameters optimization took 4 rounds (1.086 sec)
Wrote distance file to... 
Computing ML distances based on estimated model parameters...
Calculating distance matrix: done in 2.72637 secs using 299.3% CPU
Computing ML distances took 2.726707 sec (of wall-clock time) 8.161241 sec (of CPU time)
WARNING: Some pairwise ML distances are too long (saturated)
Setting up auxiliary I and S matrices: done in 0.000442548 secs using 264.4% CPU
Computing RapidNJ tree took 0.032747 sec (of wall-clock time) 0.041118 sec (of CPU time)
Log-likelihood of RapidNJ tree: -44245.399
--------------------------------------------------------------------
|             INITIALIZING CANDIDATE TREE SET                      |
--------------------------------------------------------------------
Generating 98 parsimony trees... 4.508 second
Computing log-likelihood of 98 initial trees ... 7.441 seconds
Current best score: -43815.902

Do NNI search on 20 best initial trees
Estimate model parameters (epsilon = 0.100)
BETTER TREE FOUND at iteration 1: -43803.063
Estimate model parameters (epsilon = 0.100)
BETTER TREE FOUND at iteration 2: -43795.515
Estimate model parameters (epsilon = 0.100)
BETTER TREE FOUND at iteration 3: -43776.802
Iteration 10 / LogL: -43798.719 / Time: 0h:2m:13s
Iteration 20 / LogL: -43790.555 / Time: 0h:2m:31s
Finish initializing candidate tree set (20)
Current best tree score: -43776.802 / CPU time: 44.564
Number of iterations: 20
--------------------------------------------------------------------
|               OPTIMIZING CANDIDATE TREE SET                      |
--------------------------------------------------------------------
BETTER TREE FOUND at iteration 27: -43776.799
Estimate model parameters (epsilon = 0.100)
BETTER TREE FOUND at iteration 28: -43767.641
Iteration 30 / LogL: -43773.588 / Time: 0h:2m:51s (0h:3m:53s left)
Estimate model parameters (epsilon = 0.100)
BETTER TREE FOUND at iteration 33: -43765.527
Iteration 40 / LogL: -43788.131 / Time: 0h:3m:11s (0h:3m:34s left)
Estimate model parameters (epsilon = 0.100)
BETTER TREE FOUND at iteration 46: -43764.479
Estimate model parameters (epsilon = 0.100)
BETTER TREE FOUND at iteration 48: -43762.014
Iteration 50 / LogL: -43779.933 / Time: 0h:3m:33s (0h:3m:42s left)
Log-likelihood cutoff on original alignment: -43842.211
Iteration 60 / LogL: -43766.305 / Time: 0h:3m:54s (0h:3m:17s left)
Estimate model parameters (epsilon = 0.100)
BETTER TREE FOUND at iteration 68: -43760.291
Iteration 70 / LogL: -43766.243 / Time: 0h:4m:13s (0h:3m:35s left)
Estimate model parameters (epsilon = 0.100)
BETTER TREE FOUND at iteration 72: -43760.075
Estimate model parameters (epsilon = 0.100)
BETTER TREE FOUND at iteration 77: -43758.999
Iteration 80 / LogL: -43840.165 / Time: 0h:4m:34s (0h:3m:31s left)
Estimate model parameters (epsilon = 0.100)
BETTER TREE FOUND at iteration 81: -43756.841
Estimate model parameters (epsilon = 0.100)
BETTER TREE FOUND at iteration 88: -43756.723
Iteration 90 / LogL: -43771.008 / Time: 0h:4m:52s (0h:3m:30s left)
Iteration 100 / LogL: -43761.063 / Time: 0h:5m:11s (0h:3m:5s left)
Log-likelihood cutoff on original alignment: -43839.684
NOTE: Bootstrap correlation coefficient of split occurrence frequencies: 0.988
NOTE: UFBoot does not converge, continue at least 100 more iterations
Iteration 110 / LogL: -43758.055 / Time: 0h:5m:29s (0h:3m:8s left)
Estimate model parameters (epsilon = 0.100)
BETTER TREE FOUND at iteration 111: -43756.669
Iteration 120 / LogL: -43757.262 / Time: 0h:5m:49s (0h:3m:8s left)
Estimate model parameters (epsilon = 0.100)
BETTER TREE FOUND at iteration 121: -43756.618
Iteration 130 / LogL: -43759.816 / Time: 0h:6m:9s (0h:3m:8s left)
UPDATE BEST LOG-LIKELIHOOD: -43756.618
BETTER TREE FOUND at iteration 139: -43756.610
Iteration 140 / LogL: -43765.407 / Time: 0h:6m:28s (0h:3m:24s left)
Iteration 150 / LogL: -43756.801 / Time: 0h:6m:47s (0h:3m:2s left)
Log-likelihood cutoff on original alignment: -43838.987
Iteration 160 / LogL: -43769.159 / Time: 0h:7m:6s (0h:2m:41s left)
Iteration 170 / LogL: -43759.174 / Time: 0h:7m:19s (0h:2m:17s left)
Iteration 180 / LogL: -43757.732 / Time: 0h:7m:36s (0h:1m:56s left)
Estimate model parameters (epsilon = 0.100)
BETTER TREE FOUND at iteration 183: -43756.510
Iteration 190 / LogL: -43784.436 / Time: 0h:7m:56s (0h:3m:4s left)
Iteration 200 / LogL: -43760.496 / Time: 0h:8m:15s (0h:2m:43s left)
Log-likelihood cutoff on original alignment: -43838.987
NOTE: Bootstrap correlation coefficient of split occurrence frequencies: 0.998
Iteration 210 / LogL: -43756.677 / Time: 0h:8m:34s (0h:2m:57s left)
Estimate model parameters (epsilon = 0.100)
BETTER TREE FOUND at iteration 213: -43756.168
Iteration 220 / LogL: -43763.331 / Time: 0h:8m:55s (0h:3m:4s left)
Iteration 230 / LogL: -43858.171 / Time: 0h:9m:14s (0h:2m:44s left)
Iteration 240 / LogL: -43759.875 / Time: 0h:9m:34s (0h:2m:24s left)
Iteration 250 / LogL: -43774.784 / Time: 0h:9m:53s (0h:2m:4s left)
Log-likelihood cutoff on original alignment: -43838.987
Estimate model parameters (epsilon = 0.100)
BETTER TREE FOUND at iteration 253: -43755.847
Iteration 260 / LogL: -43768.036 / Time: 0h:10m:14s (0h:3m:3s left)
Iteration 270 / LogL: -43763.890 / Time: 0h:10m:33s (0h:2m:44s left)
Iteration 280 / LogL: -43760.198 / Time: 0h:10m:52s (0h:2m:23s left)
Iteration 290 / LogL: -43762.834 / Time: 0h:11m:13s (0h:2m:4s left)
Iteration 300 / LogL: -43772.523 / Time: 0h:11m:33s (0h:1m:44s left)
Log-likelihood cutoff on original alignment: -43838.987
NOTE: Bootstrap correlation coefficient of split occurrence frequencies: 0.999
Iteration 310 / LogL: -43774.425 / Time: 0h:11m:54s (0h:2m:58s left)
Iteration 320 / LogL: -43787.681 / Time: 0h:12m:14s (0h:2m:38s left)
Iteration 330 / LogL: -43758.121 / Time: 0h:12m:34s (0h:2m:18s left)
Iteration 340 / LogL: -43759.834 / Time: 0h:12m:54s (0h:1m:59s left)
Iteration 350 / LogL: -43758.722 / Time: 0h:13m:13s (0h:1m:39s left)
Log-likelihood cutoff on original alignment: -43838.987
TREE SEARCH COMPLETED AFTER 354 ITERATIONS / Time: 0h:13m:21s

--------------------------------------------------------------------
|                    FINALIZING TREE SEARCH                        |
--------------------------------------------------------------------
Performs final model parameters optimization
Estimate model parameters (epsilon = 0.010)
1. Initial log-likelihood: -43755.847
Optimal log-likelihood: -43755.844
Gamma shape alpha: 1.739
Parameters optimization took 1 rounds (0.200 sec)
BEST SCORE FOUND : -43755.844
Creating bootstrap support values...
Split supports printed to NEXUS file /data/leuven/358/vsc35887/master_thesis/iqtree_output/refolded_fullglyco_E1_famsa_iqtree/refolded_fullglyco_E1_AA_famsa_3ditrim35.splits.nex
Total tree length: 77.320

Total number of iterations: 354
CPU time used for tree search: 2045.253 sec (0h:34m:5s)
Wall-clock time used for tree search: 695.293 sec (0h:11m:35s)
Total CPU time used: 2326.675 sec (0h:38m:46s)
Total wall-clock time used: 802.632 sec (0h:13m:22s)

Computing bootstrap consensus tree...
Reading input file /data/leuven/358/vsc35887/master_thesis/iqtree_output/refolded_fullglyco_E1_famsa_iqtree/refolded_fullglyco_E1_AA_famsa_3ditrim35.splits.nex...
190 taxa and 1049 splits.
Consensus tree written to /data/leuven/358/vsc35887/master_thesis/iqtree_output/refolded_fullglyco_E1_famsa_iqtree/refolded_fullglyco_E1_AA_famsa_3ditrim35.contree
Reading input trees file /data/leuven/358/vsc35887/master_thesis/iqtree_output/refolded_fullglyco_E1_famsa_iqtree/refolded_fullglyco_E1_AA_famsa_3ditrim35.contree
Log-likelihood of consensus tree: -43757.081

Analysis results written to: 
  IQ-TREE report:                /data/leuven/358/vsc35887/master_thesis/iqtree_output/refolded_fullglyco_E1_famsa_iqtree/refolded_fullglyco_E1_AA_famsa_3ditrim35.iqtree
  Maximum-likelihood tree:       /data/leuven/358/vsc35887/master_thesis/iqtree_output/refolded_fullglyco_E1_famsa_iqtree/refolded_fullglyco_E1_AA_famsa_3ditrim35.treefile
  Likelihood distances:          /data/leuven/358/vsc35887/master_thesis/iqtree_output/refolded_fullglyco_E1_famsa_iqtree/refolded_fullglyco_E1_AA_famsa_3ditrim35.mldist

Ultrafast bootstrap approximation results written to:
  Split support values:          /data/leuven/358/vsc35887/master_thesis/iqtree_output/refolded_fullglyco_E1_famsa_iqtree/refolded_fullglyco_E1_AA_famsa_3ditrim35.splits.nex
  Consensus tree:                /data/leuven/358/vsc35887/master_thesis/iqtree_output/refolded_fullglyco_E1_famsa_iqtree/refolded_fullglyco_E1_AA_famsa_3ditrim35.contree
  Screen log file:               /data/leuven/358/vsc35887/master_thesis/iqtree_output/refolded_fullglyco_E1_famsa_iqtree/refolded_fullglyco_E1_AA_famsa_3ditrim35.log

Date and Time: Mon Sep 16 16:46:12 2024
