IQ-TREE multicore version 2.3.6 for Linux x86 64-bit built Aug  4 2024
Developed by Bui Quang Minh, Nguyen Lam Tung, Olga Chernomor, Heiko Schmidt,
Dominik Schrempf, Michael Woodhams, Ly Trong Nhan, Thomas Wong

Host:    r26i27n24 (AVX512, FMA3, 188 GB RAM)
Command: /usr/local/bin/iqtree2 -s refolded_fullglyco_E1_3di_famsa.fas -m 3DI -bb 1000 -alrt 1000 -nt AUTO -pre /data/leuven/358/vsc35887/master_thesis/iqtree_output/refolded_fullglyco_E1_famsa_iqtree/refolded_fullglyco_E1_3di_famsa
Seed:    436117 (Using SPRNG - Scalable Parallel Random Number Generator)
Time:    Mon Sep 16 16:02:45 2024
Kernel:  AVX+FMA - auto-detect threads (16 CPU cores detected)

Reading alignment file refolded_fullglyco_E1_3di_famsa.fas ... Fasta format detected
Reading fasta file: done in 0.00197104 secs using 15.88% CPU
Alignment most likely contains protein sequences
Alignment has 190 sequences with 320 columns, 292 distinct patterns
231 parsimony-informative, 20 singleton sites, 69 constant sites
                                                                                          Gap/Ambiguity  Composition  p-value
Analyzing sequences: done in 3.70499e-05 secs using 618.1% CPU
   1  HPHV_Bald_eagle_hepacivirus_E1_170-361_AlphaFold.pdb                                       40.00%    passed     78.60%
   2  HPHV_Bamboo_rat_hepacivirus_OM451124_E1_171-356_AlphaFold.pdb                              41.88%    passed     96.96%
   3  HPHV_Bamboo_rat_hepacivirus_OM480528_E1_171-357_AlphaFold.pdb                              41.56%    passed     99.97%
   4  HPHV_Bat_hepacivirus_BK013349_E1_149-356_AlphaFold.pdb                                     35.00%    passed     88.60%
   5  HPHV_Bat_hepacivirus_TA166TZA2013_E1_138-324_AlphaFold.pdb                                 41.56%    passed     99.06%
   6  HPHV_Catfish_hepacivirus_E1_355-549_AlphaFold.pdb                                          39.06%    passed     64.75%
   7  HPHV_Chaetodon_aureofaciatus_hepacivirus_isolate_F25_E1_180-366_AlphaFold.pdb              41.56%    passed     83.21%
   8  HPHV_Chinese_broad-headed_pond_turtle_hepacivirus_E1_298-486_AlphaFold.pdb                 40.94%    passed     99.93%
   9  HPHV_Chinese_softshell_turtle_hepacivirus_E1_301-487_AlphaFold.pdb                         41.56%    passed     99.98%
  10  HPHV_Crab_eating_macaque_hepacivirus_E1_174-383_AlphaFold.pdb                              34.38%    passed     93.10%
  11  HPHV_Cyprichromis_hepacivirus_E1_102-279_AlphaFold.pdb                                     44.38%    passed     88.72%
  12  HPHV_Duck_hepacivirus_HCL-1_E1_289-481_AlphaFold.pdb                                       39.69%    passed     98.90%
  13  HPHV_Equine_hepacivirus_E1_205-391_AlphaFold.pdb                                           41.56%    passed     89.92%
  14  HPHV_Gecko_hepacivirus_E1_311-502_AlphaFold.pdb                                            40.00%    passed      9.44%
  15  HPHV_Gerbil_hepacivirus_E1_219-405_AlphaFold.pdb                                           41.56%    passed     70.59%
  16  HPHV_Guangxi_chinese_leopard_gecko_hepacivirus_E1_660-850_AlphaFold.pdb                    40.31%    passed     56.26%
  17  HPHV_Guangxi_houndshark_hepacivirus_E1_344-537_AlphaFold.pdb                               39.38%    passed     77.51%
  18  HPHV_Guereza_hepacivirus_E1_180-392_AlphaFold.pdb                                          33.44%    passed     98.75%
  19  HPHV_Hainan_oriental_leaf-toed_gecko_hepacivirus_E1_219-407_AlphaFold.pdb                  40.94%    passed    100.00%
  20  HPHV_Hepacivirus_F_E1_152-338_AlphaFold.pdb                                                41.56%    passed     98.02%
  21  HPHV_Hepacivirus_F_isolate_MgHV2_E1_146-333_AlphaFold.pdb                                  41.25%    passed     98.49%
  22  HPHV_Hepacivirus_F_isolate_MgHV3_E1_146-332_AlphaFold.pdb                                  41.56%    passed     99.65%
  23  HPHV_Hepacivirus_F_isolate_MgHV4_E1_146-333_AlphaFold.pdb                                  41.25%    passed     96.83%
  24  HPHV_Hepacivirus_F_isolate_NA_E1_180-366_AlphaFold.pdb                                     41.56%    passed     99.60%
  25  HPHV_Hepacivirus_I_E1_180-369_AlphaFold.pdb                                                40.62%    passed     93.94%
  26  HPHV_Hepacivirus_J_isolate_Hepacivirus_RMU10-3382GER2010_E1_164-348_AlphaFold.pdb          42.19%    passed     99.96%
  27  HPHV_Hepacivirus_K_E1_191-383_AlphaFold.pdb                                                39.69%    passed     99.83%
  28  HPHV_Hepacivirus_L_E1_163-363_AlphaFold.pdb                                                37.19%    passed     87.24%
  29  HPHV_Hepacivirus_M_E1_191-382_AlphaFold.pdb                                                40.00%    passed     99.30%
  30  HPHV_Hepacivirus_N_E1_151-347_AlphaFold.pdb                                                38.44%    passed     96.81%
  31  HPHV_Hepacivirus_N_isolate_IME_BovHep_01_E1_148-347_AlphaFold.pdb                          37.50%    passed     99.73%
  32  HPHV_Hepacivirus_P_E1_148-338_AlphaFold.pdb                                                40.31%    passed     99.54%
  33  HPHV_Hepacivirus_Q_strain_GDZQ-15_E1_172-361_AlphaFold.pdb                                 40.62%    passed     96.81%
  34  HPHV_Hepacivirus_horseDH1HUN2013_E1_205-390_AlphaFold.pdb                                  41.88%    passed     81.07%
  35  HPHV_Hepacivirus_sp._E1_201-379_AlphaFold.pdb                                              44.06%    passed     98.52%
  36  HPHV_Hepacivirus_sp._clone_B32_E1_157-338_AlphaFold.pdb                                    43.12%    passed     89.19%
  37  HPHV_Hepatitis_C_virus_genotype_1_E1_192-383_AlphaFold.pdb                                 40.00%    passed     54.32%
  38  HPHV_Hepatitis_C_virus_genotype_2_E1_193-383_AlphaFold.pdb                                 40.31%    passed     77.35%
  39  HPHV_Hepatitis_C_virus_genotype_3_E1_193-383_AlphaFold.pdb                                 40.31%    passed     81.93%
  40  HPHV_Hepatitis_C_virus_genotype_4_E1_193-383_AlphaFold.pdb                                 40.31%    passed     78.56%
  41  HPHV_Hepatitis_C_virus_genotype_5_E1_193-383_AlphaFold.pdb                                 40.31%    passed     15.91%
  42  HPHV_Hepatitis_C_virus_genotype_6_E1_193-383_AlphaFold.pdb                                 40.31%    passed     75.49%
  43  HPHV_Hepatitis_C_virus_genotype_7_E1_192-383_AlphaFold.pdb                                 40.00%    passed     29.63%
  44  HPHV_Hepatitis_GB_virus_B_E1_157-349_AlphaFold.pdb                                         39.69%    passed     98.75%
  45  HPHV_Jingmen_Rhinolophus_sinicus_hepacivirus_E1_159-357_AlphaFold.pdb                      37.81%    passed     98.42%
  46  HPHV_Jogalong_virus_P1-10_E1_88-278_AlphaFold.pdb                                          40.31%    passed     94.27%
  47  HPHV_Longquan_Niviventer_fulvescens_hepacivirus_1_E1_265-459_AlphaFold.pdb                 39.06%    passed     99.99%
  48  HPHV_Longquan_Niviventer_niviventer_hepacivirus_1_E1_253-458_AlphaFold.pdb                 35.62%    failed      1.54%
  49  HPHV_Longquan_Rhinolophus_pusillus_hepacivirus_E1_157-362_AlphaFold.pdb                    35.62%    passed     91.41%
  50  HPHV_Mutant_Hepacivirus_clone_S83cc_E1_193-383_AlphaFold.pdb                               40.31%    passed     69.21%
  51  HPHV_Mutant_Hepacivirus_clone_T9cc_E1_193-383_AlphaFold.pdb                                40.31%    passed     75.19%
  52  HPHV_Nanhai_ghost_shark_hepacivirus_1_E1_2-119_AlphaFold.pdb                               63.12%    failed      0.00%
  53  HPHV_Nanhai_ghost_shark_hepacivirus_2_E1_213-403_AlphaFold.pdb                             40.31%    passed     89.59%
  54  HPHV_Non-primate_hepacivirus_NZP1_E1_205-391_AlphaFold.pdb                                 41.56%    passed     98.61%
  55  HPHV_Non-primate_hepacivirus_strain_CU_isolate_III_E1_205-387_AlphaFold.pdb                42.81%    passed     94.43%
  56  HPHV_Northern_treeshrew_hepacivirus_E1_155-346_AlphaFold.pdb                               40.00%    passed     99.44%
  57  HPHV_Norway_rat_hepacivirus_1_E1_246-449_AlphaFold.pdb                                     36.25%    passed     99.98%
  58  HPHV_Norway_rat_hepacivirus_2_E1_164-382_AlphaFold.pdb                                     31.56%    passed     91.00%
  59  HPHV_Possum_hepacivrus_E1_166-342_AlphaFold.pdb                                            44.69%    passed     97.84%
  60  HPHV_Recombinant_Hepacivirus_E1_193-383_AlphaFold.pdb                                      40.31%    passed     64.40%
  61  HPHV_Rhizomys_pruinosus_hepacivirus_E1_176-361_AlphaFold.pdb                               41.88%    passed     94.44%
  62  HPHV_Ringtail_hepacivirus_E1_164-353_AlphaFold.pdb                                         40.62%    passed     99.53%
  63  HPHV_Rodent_hepacivirus_05VZ-14-118_E1_170-357_AlphaFold.pdb                               41.25%    passed    100.00%
  64  HPHV_Rodent_hepacivirus_B349PAN2014_E1_164-351_AlphaFold.pdb                               41.25%    passed     87.52%
  65  HPHV_Rodent_hepacivirus_CRT125-BCOD2010_E1_183-365_AlphaFold.pdb                           42.81%    passed     98.69%
  66  HPHV_Rodent_hepacivirus_CRT352-BCOD2010_E1_173-356_AlphaFold.pdb                           42.50%    passed     98.94%
  67  HPHV_Rodent_hepacivirus_CRT382COD2010_E1_252-436_AlphaFold.pdb                             42.19%    passed     95.42%
  68  HPHV_Rodent_hepacivirus_CRT490-BCOD2010_E1_183-365_AlphaFold.pdb                           42.81%    passed     98.49%
  69  HPHV_Rodent_hepacivirus_CRT64-ACOD2010_E1_183-365_AlphaFold.pdb                            42.81%    passed     99.96%
  70  HPHV_Rodent_hepacivirus_CRT682COD2010_E1_173-368_AlphaFold.pdb                             38.75%    passed     79.79%
  71  HPHV_Rodent_hepacivirus_E1_167-353_AlphaFold.pdb                                           41.56%    passed     99.34%
  72  HPHV_Rodent_hepacivirus_MOZ329-AMOZ2011_E1_183-367_AlphaFold.pdb                           42.19%    passed     98.61%
  73  HPHV_Rodent_hepacivirus_MOZ329-CMOZ2011_E1_252-435_AlphaFold.pdb                           42.50%    passed     80.57%
  74  HPHV_Rodent_hepacivirus_RO22799BeAn812052_E1_168-355_AlphaFold.pdb                         41.25%    passed     99.51%
  75  HPHV_Rodent_hepacivirus_TA085TZA2013_E1_223-407_AlphaFold.pdb                              42.19%    passed     96.61%
  76  HPHV_Rodent_hepacivirus_TA100-ATZA2013_E1_173-355_AlphaFold.pdb                            42.81%    passed     99.25%
  77  HPHV_Rodent_hepacivirus_TA142TZA2013_E1_168-351_AlphaFold.pdb                              42.50%    passed     82.01%
  78  HPHV_Rodent_hepacivirus_TA498-ATZA2013_E1_213-395_AlphaFold.pdb                            42.81%    passed     99.90%
  79  HPHV_Rodent_hepacivirus_TA498-CTZA2013_E1_251-435_AlphaFold.pdb                            42.19%    passed     86.73%
  80  HPHV_Rodent_hepacivirus_TA531-ATZA2013_E1_183-365_AlphaFold.pdb                            42.81%    passed     95.25%
  81  HPHV_Rodent_hepacivirus_TZ25757TZA2011_E1_181-367_AlphaFold.pdb                            41.56%    passed     99.35%
  82  HPHV_Rodent_hepacivirus_rn-1_E1_246-450_AlphaFold.pdb                                      35.94%    passed     78.21%
  83  HPHV_Rodent_hepacvirus_RtAs-HCVIM2014_E1_220-403_AlphaFold.pdb                             42.50%    passed     90.73%
  84  HPHV_Rodent_hepacvirus_RtMc-HCVTibet2014_E1_145-332_AlphaFold.pdb                          41.25%    passed     99.33%
  85  HPHV_Sifaka_hepacivirus_MH824541_E1_200-394_AlphaFold.pdb                                  39.06%    passed     94.36%
  86  HPHV_Sifaka_hepacivirus_MT371438_E1_202-393_AlphaFold.pdb                                  40.00%    passed     99.85%
  87  HPHV_Sigmodontinae_hepacivirus_E1_170-367_AlphaFold.pdb                                    38.12%    passed     74.52%
  88  HPHV_Viviparous_lizard_hepacivirus_E1_465-667_AlphaFold.pdb                                36.56%    passed     17.46%
  89  HPHV_Wenling_shark_virus_E1_301-494_AlphaFold.pdb                                          39.38%    passed     99.24%
  90  HPHV_Wenzhou_Apodemus_agrarius_hepacivirus_1_E1_161-344_AlphaFold.pdb                      42.50%    passed     89.58%
  91  HPHV_Wenzhou_Suncus_murinus_hepacivirus_1_E1_159-344_AlphaFold.pdb                         41.88%    passed     96.78%
  92  HPHV_Western_African_lungfish_hepacivirus_E1_382-570_AlphaFold.pdb                         40.94%    passed     26.25%
  93  HPHV_White_sucker_hepacivirus_E1_381-571_AlphaFold.pdb                                     40.31%    passed     98.56%
  94  HPHV_Wufeng_Niviventer_fulvescens_hepacivirus_1_E1_212-403_AlphaFold.pdb                   40.00%    passed     99.66%
  95  HPHV_Wufeng_Niviventer_niviventer_hepacivirus_1_E1_213-405_AlphaFold.pdb                   39.69%    passed     99.41%
  96  HPHV_Wufeng_Typhlomys_cinereus_hepacivirus_1_E1_173-367_AlphaFold.pdb                      39.06%    passed     94.93%
  97  HPHV_Wufeng_Typhlomys_cinereus_hepacivirus_2_E1_174-359_AlphaFold.pdb                      41.88%    passed     99.87%
  98  HPHV_Wufeng_Typhlomys_cinereus_hepacivirus_3_E1_168-353_AlphaFold.pdb                      41.88%    passed     86.04%
  99  HPHV_Xiamen_guitarfish_hepacivirus_E1_370-557_AlphaFold.pdb                                41.25%    passed     76.11%
 100  HPHV_Xiamen_sepia_Stingray_hepacivirus_E1_430-621_AlphaFold.pdb                            40.00%    passed     96.87%
 101  HPHV_Yili_teratoscincus_roborowskii_hepacivirus_E1_672-861_AlphaFold.pdb                   40.62%    passed     13.36%
 102  HPPV_Bat_GB-like_virus_E1_22-217_AlphaFold.pdb                                             38.75%    passed     83.14%
 103  HPPV_Bat_pegivirus_PDB-1734_E1_162-347_AlphaFold.pdb                                       41.88%    passed     89.91%
 104  HPPV_Bat_pegivirus_PDB-24_E1_30-214_AlphaFold.pdb                                          42.19%    passed     63.18%
 105  HPPV_Bat_pegivirus_PDB-303_E1_23-220_AlphaFold.pdb                                         38.12%    passed     59.23%
 106  HPPV_Bat_pegivirus_PDB-34.1_E1_289-471_AlphaFold.pdb                                       42.81%    passed     90.75%
 107  HPPV_Bat_pegivirus_PDB-491.2_E1_104-287_AlphaFold.pdb                                      42.50%    passed     84.34%
 108  HPPV_Bat_pegivirus_PDB-694_E1_61-256_AlphaFold.pdb                                         38.75%    passed     69.85%
 109  HPPV_Bat_pegivirus_PDB-737B_E1_58-242_AlphaFold.pdb                                        42.19%    passed     46.42%
 110  HPPV_Bat_pegivirus_PDB-838_E1_102-284_AlphaFold.pdb                                        42.81%    passed     63.12%
 111  HPPV_Chimpanzee_GB_virus_C_E1_21-207_AlphaFold.pdb                                         41.56%    passed     95.40%
 112  HPPV_Dolphin_pegivirus_E1_33-218_AlphaFold.pdb                                             41.88%    passed     99.74%
 113  HPPV_Dremomys_pernyi_pegivirus_isolate_SC_C7-54.2_2022_E1_197-379_AlphaFold.pdb            42.81%    passed     99.37%
 114  HPPV_Eospalax_rufescens_pegivirus_isolate_SC_C3-19.2_2021_E1_212-398_AlphaFold.pdb         41.56%    passed     97.99%
 115  HPPV_Equine_Pegivirus_E1_55-232_AlphaFold.pdb                                              44.38%    passed     68.97%
 116  HPPV_Feline_pegivirus_E1_31-210_AlphaFold.pdb                                              43.75%    passed     96.80%
 117  HPPV_GB_virus_E1_62-249_AlphaFold.pdb                                                      41.25%    passed     74.88%
 118  HPPV_Goose_pegivirus_1_E1_33-220_AlphaFold.pdb                                             41.25%    passed     97.46%
 119  HPPV_Goose_pegivirus_2_E1_29-214_AlphaFold.pdb                                             41.88%    passed     88.14%
 120  HPPV_Hepatitis_GB_virus_A_E1_98-271_AlphaFold.pdb                                          45.62%    passed     95.45%
 121  HPPV_Hepatitis_G_virus_AB018667.1_E1_20-206_AlphaFold.pdb                                  41.56%    passed     96.48%
 122  HPPV_Hepatitis_G_virus_AB021287.1_E1_20-206_AlphaFold.pdb                                  41.56%    passed     99.39%
 123  HPPV_Hepatitis_G_virus_HGV-T55875_E1_52-237_AlphaFold.pdb                                  41.88%    passed     99.26%
 124  HPPV_Hepatitis_G_virus_U94695.1_E1_53-237_AlphaFold.pdb                                    42.19%    passed     82.30%
 125  HPPV_Hepatitis_G_virus_isolate_765_E1_88-274_AlphaFold.pdb                                 41.56%    passed     93.12%
 126  HPPV_Human_hepegivirus_E1_111-315_AlphaFold.pdb                                            35.94%    passed     80.70%
 127  HPPV_Leucosticte_brandti_pegivirus_XZN_E1_28-217_AlphaFold.pdb                             40.62%    passed     89.32%
 128  HPPV_Longquan_Niviventer_fulvescens_pegivirus_E1_225-423_AlphaFold.pdb                     37.81%    passed     83.15%
 129  HPPV_Longquan_Niviventer_niviventer_pegivirus_E1_233-416_AlphaFold.pdb                     42.50%    passed     71.85%
 130  HPPV_Longquan_Rhinolophus_pearsonii_pegivirus_E1_67-245_AlphaFold.pdb                      44.06%    passed     46.04%
 131  HPPV_Marmoset_pegivirus_E1_22-198_AlphaFold.pdb                                            44.69%    passed     77.49%
 132  HPPV_Montifringilla_taczanowskii_pegivirus_E1_28-222_AlphaFold.pdb                         39.06%    passed     78.13%
 133  HPPV_Nabpantry_virus_9_E1_21-205_AlphaFold.pdb                                             42.19%    passed     96.35%
 134  HPPV_Passer_montanus_pegivirus_GXN_E1_27-210_AlphaFold.pdb                                 42.50%    passed     40.87%
 135  HPPV_Pegivirus_A_56330218_E1_20-206_AlphaFold.pdb                                          41.56%    passed     92.30%
 136  HPPV_Pegivirus_A_89859249_E1_65-251_AlphaFold.pdb                                          41.56%    passed     77.28%
 137  HPPV_Pegivirus_D_E1_22-206_AlphaFold.pdb                                                   42.19%    passed     96.43%
 138  HPPV_Pegivirus_G_E1_285-477_AlphaFold.pdb                                                  39.69%    passed     80.87%
 139  HPPV_Pegivirus_I_E1_21-212_AlphaFold.pdb                                                   40.00%    passed     39.42%
 140  HPPV_Pegivirus_K_E1_20-208_AlphaFold.pdb                                                   40.94%    passed     99.86%
 141  HPPV_Phaiomys_leucurus_pegivirus_E1_247-430_AlphaFold.pdb                                  42.50%    passed     43.53%
 142  HPPV_Rodent_pegivirus_05VZ-14-Rat070_E1_233-413_AlphaFold.pdb                              43.44%    passed     96.63%
 143  HPPV_Rodent_pegivirus_RPgV-IND079_E1_231-413_AlphaFold.pdb                                 42.81%    passed     98.98%
 144  HPPV_Rodent_pegivirus_isolate_CC61_E1_226-411_AlphaFold.pdb                                41.88%    passed     89.12%
 145  HPPV_Simian_pegivirus_SPgVkrc_RC08_E1_21-207_AlphaFold.pdb                                 41.56%    passed     86.10%
 146  HPPV_Simian_pegivirus_VGA00020_E1_21-207_AlphaFold.pdb                                     41.56%    passed     92.56%
 147  HPPV_Simian_pegivirus_myb_M77_E1_21-207_AlphaFold.pdb                                      41.56%    passed     99.06%
 148  HPPV_Southwest_bike_trail_virus_E1_180-362_AlphaFold.pdb                                   42.81%    passed     88.07%
 149  HPPV_Ticpantry_virus_3_E1_102-286_AlphaFold.pdb                                            42.19%    passed     97.32%
 150  HPPV_Tree_shrew_pegivirus_E1_161-347_AlphaFold.pdb                                         41.56%    passed     51.21%
 151  HPPV_Wenzhou_Rattus_norvegicus_pegivirus_1_E1_207-398_AlphaFold.pdb                        40.00%    passed     54.21%
 152  HPPV_Wenzhou_Rattus_tanezumi_pegivirus_1_E1_225-408_AlphaFold.pdb                          42.50%    passed     99.02%
 153  HPPV_Wufeng_Blarinella_griselda_pegivirus_1_E1_167-351_AlphaFold.pdb                       42.19%    passed     90.11%
 154  HPPV_Wufeng_Crocidura_attenuata_pegivirus_1_E1_167-348_AlphaFold.pdb                       43.12%    passed     29.76%
 155  HPPV_Wufeng_Niviventer_fulvescens_pegivirus_1_E1_223-415_AlphaFold.pdb                     39.69%    passed     73.44%
 156  HPUN_Wenling_moray_eel_hepacivirus_E1_286-472_AlphaFold.pdb                                41.56%    passed     99.11%
 157  PLPV_Atypical_porcine_pestivirus_E1_502-700_AlphaFold.pdb                                  37.81%    passed     96.03%
 158  PLPV_Bat_pestivirus_BtSk-PestV-1GX2017_E1_503-701_AlphaFold.pdb                            37.81%    passed     17.85%
 159  PLPV_Border_disease_virus_X818_E1_496-690_AlphaFold.pdb                                    39.06%    passed     34.76%
 160  PLPV_Bovine_viral_diarrhea_virus_1_E1_498-692_AlphaFold.pdb                                39.06%    passed     22.94%
 161  PLPV_Bovine_viral_diarrhea_virus_2_E1_498-692_AlphaFold.pdb                                39.06%    passed      6.83%
 162  PLPV_Bovine_viral_diarrhea_virus_3_Th04_KhonKaen_E1_496-690_AlphaFold.pdb                  39.06%    passed     44.89%
 163  PLPV_Classical_swine_fever_virus_E1_496-689_AlphaFold.pdb                                  39.38%    passed     22.45%
 164  PLPV_Dongyang_pangolin_virus_isolate_DYCS_E1_476-667_AlphaFold.pdb                         40.00%    failed      4.47%
 165  PLPV_Frog_pestivirus_E1_897-1094_AlphaFold.pdb                                             38.12%    failed      1.21%
 166  PLPV_Glass_knifefish_pestivirus_E1_1023-1197_AlphaFold.pdb                                 45.31%    failed      0.00%
 167  PLPV_Jingmen_Crocidura_shantungensis_pestivirus_1_E1_329-526_AlphaFold.pdb                 38.12%    passed      9.37%
 168  PLPV_Linda_virus_strain_Austria1_E1_508-702_AlphaFold.pdb                                  39.06%    passed     22.23%
 169  PLPV_Norway_rat_pestivirus_isolate_NrPVNYC-D23_E1_638-834_AlphaFold.pdb                    38.44%    passed     12.79%
 170  PLPV_Pangolin_pestivirus_1_isolate_ZJ-F1_E1_501-699_AlphaFold.pdb                          37.81%    passed     35.13%
 171  PLPV_Pangolin_pestivirus_strain_PPeVBIME1P019Tpangolin2018_E1_476-673_AlphaFold.pdb        38.12%    failed      4.07%
 172  PLPV_Pangolin_pestivirus_strain_PPeVBIME3P019Tpangolin2018_E1_477-673_AlphaFold.pdb        38.44%    failed      2.99%
 173  PLPV_Pangolin_pestivirus_strain_PPeVBIME5P141Tpangolin2018_E1_476-674_AlphaFold.pdb        37.81%    failed      0.04%
 174  PLPV_Pangolin_pestivirus_strain_PPeVBIME6P141Tpangolin2018_E1_505-702_AlphaFold.pdb        38.12%    failed      1.06%
 175  PLPV_Pangolin_pestivirus_strain_PPeVBIME6P226Tpangolin2018_E1_508-703_AlphaFold.pdb        38.75%    passed     27.12%
 176  PLPV_Pangolin_pestivirus_strain_PPeVBIME7P022Tpangolin2018_E1_476-673_AlphaFold.pdb        38.12%    passed     19.51%
 177  PLPV_Pestivirus_Burdur05-TR_E1_496-690_AlphaFold.pdb                                       39.06%    passed     12.70%
 178  PLPV_Pestivirus_PG-2_E1_495-688_AlphaFold.pdb                                              39.38%    passed     30.15%
 179  PLPV_Pestivirus_giraffe-1_H138_E1_494-688_AlphaFold.pdb                                    39.06%    passed     40.50%
 180  PLPV_Pestivirus_reindeer-1_V60-Krefeld_E1_496-690_AlphaFold.pdb                            39.06%    passed     30.04%
 181  PLPV_Pestivirus_sp._isolate_ovineIt338710-32017_E1_495-689_AlphaFold.pdb                   39.06%    passed     22.90%
 182  PLPV_Pestivirus_strain_Aydin04-TR_E1_496-690_AlphaFold.pdb                                 39.06%    passed     19.62%
 183  PLPV_Phocoena_pestivirus_isolate_NS170386_E1_339-536_AlphaFold.pdb                         38.12%    passed     42.98%
 184  PLPV_Porcine_pestivirus_isolate_Bungowannah_E1_498-694_AlphaFold.pdb                       38.44%    passed     75.33%
 185  PLPV_Pronghorn_antelope_pestivirus_E1_493-687_AlphaFold.pdb                                39.06%    passed     72.17%
 186  PLPV_Rodent_pestivirus_isolate_RtAp-PestVJL2014_E1_624-819_AlphaFold.pdb                   38.75%    failed      4.96%
 187  PLPV_Rodent_pestivirus_isolate_RtNn-PestVHuB2014_E1_635-832_AlphaFold.pdb                  38.12%    passed     20.00%
 188  PLPV_Tunisian_small_ruminant_pestivirus_strain_920192007AG_E1_495-689_AlphaFold.pdb        39.06%    passed     27.58%
 189  PLPV_Wenzhou_Pipistrellus_abramus_pestivirus_1_isolate_YJB_Pabr_E1_502-698_AlphaFold.pdb   38.44%    passed     20.34%
 190  PLPV_Zikole_virus_E1_503-702_AlphaFold.pdb                                                 37.50%    passed     20.06%
WARNING: 1 sequences contain more than 50% gaps/ambiguity
****  TOTAL                                                                                      40.62%  10 sequences failed composition chi2 test (p-value<5%; df=19)

Create initial parsimony tree by phylogenetic likelihood library (PLL)... 0.047 seconds
Generating 1000 samples for ultrafast bootstrap (seed: 436117)...
Reading model parameters from file 3DI
WARNING: Normalizing state frequencies so that sum of them equals to 1

NOTE: 10 MB RAM (0 GB) is required!
Measuring multi-threading efficiency up to 16 CPU cores
Increase to 10 rounds for branch lengths
44 trees examined
Threads: 1 / Time: 16.035 sec / Speedup: 1.000 / Efficiency: 100% / LogL: -45977
Threads: 2 / Time: 15.798 sec / Speedup: 1.015 / Efficiency: 51% / LogL: -45977
Threads: 3 / Time: 8.969 sec / Speedup: 1.788 / Efficiency: 60% / LogL: -45977
Threads: 4 / Time: 7.743 sec / Speedup: 2.071 / Efficiency: 52% / LogL: -45977
Threads: 5 / Time: 7.162 sec / Speedup: 2.239 / Efficiency: 45% / LogL: -45977
BEST NUMBER OF THREADS: 4

Estimate model parameters (epsilon = 0.100)
1. Initial log-likelihood: -30048.254
Optimal log-likelihood: -29363.119
Parameters optimization took 1 rounds (0.075 sec)
Wrote distance file to... 
Computing ML distances based on estimated model parameters...
Calculating distance matrix: done in 0.266234 secs using 399% CPU
Computing ML distances took 0.266442 sec (of wall-clock time) 1.062526 sec (of CPU time)
Setting up auxiliary I and S matrices: done in 0.000470359 secs using 326.1% CPU
Computing RapidNJ tree took 0.050439 sec (of wall-clock time) 0.067285 sec (of CPU time)
Log-likelihood of RapidNJ tree: -29516.371
--------------------------------------------------------------------
|             INITIALIZING CANDIDATE TREE SET                      |
--------------------------------------------------------------------
Generating 98 parsimony trees... 4.987 second
Computing log-likelihood of 98 initial trees ... 2.413 seconds
Current best score: -29240.661

Do NNI search on 20 best initial trees
Estimate model parameters (epsilon = 0.100)
BETTER TREE FOUND at iteration 1: -29133.647
Estimate model parameters (epsilon = 0.100)
BETTER TREE FOUND at iteration 4: -29131.674
Iteration 10 / LogL: -29184.473 / Time: 0h:1m:8s
Iteration 20 / LogL: -29186.393 / Time: 0h:1m:14s
Finish initializing candidate tree set (20)
Current best tree score: -29131.674 / CPU time: 18.157
Number of iterations: 20
--------------------------------------------------------------------
|               OPTIMIZING CANDIDATE TREE SET                      |
--------------------------------------------------------------------
Estimate model parameters (epsilon = 0.100)
BETTER TREE FOUND at iteration 21: -29115.675
Estimate model parameters (epsilon = 0.100)
BETTER TREE FOUND at iteration 28: -29114.244
Estimate model parameters (epsilon = 0.100)
BETTER TREE FOUND at iteration 29: -29107.976
Iteration 30 / LogL: -29121.886 / Time: 0h:1m:22s (0h:4m:41s left)
Estimate model parameters (epsilon = 0.100)
BETTER TREE FOUND at iteration 32: -29088.158
Iteration 40 / LogL: -29111.056 / Time: 0h:1m:30s (0h:3m:32s left)
Estimate model parameters (epsilon = 0.100)
BETTER TREE FOUND at iteration 43: -29085.500
Estimate model parameters (epsilon = 0.100)
BETTER TREE FOUND at iteration 47: -29084.809
Iteration 50 / LogL: -29097.070 / Time: 0h:1m:37s (0h:3m:13s left)
Log-likelihood cutoff on original alignment: -29239.214
Estimate model parameters (epsilon = 0.100)
BETTER TREE FOUND at iteration 58: -29080.871
Iteration 60 / LogL: -29087.395 / Time: 0h:1m:46s (0h:2m:56s left)
Estimate model parameters (epsilon = 0.100)
BETTER TREE FOUND at iteration 61: -29070.064
Iteration 70 / LogL: -29071.960 / Time: 0h:1m:53s (0h:2m:29s left)
Estimate model parameters (epsilon = 0.100)
BETTER TREE FOUND at iteration 73: -29064.716
Iteration 80 / LogL: -29118.298 / Time: 0h:2m:0s (0h:2m:21s left)
Iteration 90 / LogL: -29068.545 / Time: 0h:2m:7s (0h:1m:58s left)
Iteration 100 / LogL: -29066.186 / Time: 0h:2m:14s (0h:1m:38s left)
Log-likelihood cutoff on original alignment: -29239.214
NOTE: Bootstrap correlation coefficient of split occurrence frequencies: 0.982
NOTE: UFBoot does not converge, continue at least 100 more iterations
Iteration 110 / LogL: -29070.882 / Time: 0h:2m:21s (0h:1m:56s left)
Iteration 120 / LogL: -29084.707 / Time: 0h:2m:29s (0h:1m:40s left)
Iteration 130 / LogL: -29094.885 / Time: 0h:2m:36s (0h:1m:24s left)
Iteration 140 / LogL: -29073.061 / Time: 0h:2m:43s (0h:1m:10s left)
Iteration 150 / LogL: -29073.318 / Time: 0h:2m:51s (0h:0m:57s left)
Log-likelihood cutoff on original alignment: -29239.214
Iteration 160 / LogL: -29097.858 / Time: 0h:2m:58s (0h:0m:44s left)
Estimate model parameters (epsilon = 0.100)
BETTER TREE FOUND at iteration 167: -29058.556
Iteration 170 / LogL: -29091.164 / Time: 0h:3m:5s (0h:1m:46s left)
Iteration 180 / LogL: -29064.293 / Time: 0h:3m:12s (0h:1m:33s left)
Iteration 190 / LogL: -29067.294 / Time: 0h:3m:19s (0h:1m:21s left)
Iteration 200 / LogL: -29085.976 / Time: 0h:3m:26s (0h:1m:9s left)
Log-likelihood cutoff on original alignment: -29239.214
NOTE: Bootstrap correlation coefficient of split occurrence frequencies: 0.988
NOTE: UFBoot does not converge, continue at least 100 more iterations
Estimate model parameters (epsilon = 0.100)
BETTER TREE FOUND at iteration 202: -29057.369
Iteration 210 / LogL: -29093.841 / Time: 0h:3m:34s (0h:1m:34s left)
Estimate model parameters (epsilon = 0.100)
BETTER TREE FOUND at iteration 217: -29055.784
Iteration 220 / LogL: -29067.392 / Time: 0h:3m:41s (0h:1m:38s left)
Iteration 230 / LogL: -29095.206 / Time: 0h:3m:49s (0h:1m:27s left)
Iteration 240 / LogL: -29070.304 / Time: 0h:3m:57s (0h:1m:16s left)
Iteration 250 / LogL: -29067.938 / Time: 0h:4m:5s (0h:1m:6s left)
Log-likelihood cutoff on original alignment: -29239.214
Iteration 260 / LogL: -29061.491 / Time: 0h:4m:13s (0h:0m:55s left)
Iteration 270 / LogL: -29069.089 / Time: 0h:4m:21s (0h:0m:45s left)
Iteration 280 / LogL: -29066.920 / Time: 0h:4m:28s (0h:0m:35s left)
Iteration 290 / LogL: -29058.191 / Time: 0h:4m:34s (0h:0m:25s left)
Iteration 300 / LogL: -29072.879 / Time: 0h:4m:42s (0h:0m:16s left)
Log-likelihood cutoff on original alignment: -29239.214
NOTE: Bootstrap correlation coefficient of split occurrence frequencies: 0.977
NOTE: UFBoot does not converge, continue at least 100 more iterations
Iteration 310 / LogL: -29058.796 / Time: 0h:4m:50s (0h:1m:24s left)
Iteration 320 / LogL: -29068.552 / Time: 0h:4m:57s (0h:1m:14s left)
Iteration 330 / LogL: -29063.012 / Time: 0h:5m:5s (0h:1m:4s left)
Iteration 340 / LogL: -29058.918 / Time: 0h:5m:12s (0h:0m:55s left)
Iteration 350 / LogL: -29055.938 / Time: 0h:5m:20s (0h:0m:45s left)
Log-likelihood cutoff on original alignment: -29239.214
Iteration 360 / LogL: -29073.429 / Time: 0h:5m:28s (0h:0m:36s left)
Iteration 370 / LogL: -29094.447 / Time: 0h:5m:35s (0h:0m:27s left)
BETTER TREE FOUND at iteration 374: -29055.778
Iteration 380 / LogL: -29084.166 / Time: 0h:5m:42s (0h:1m:24s left)
Iteration 390 / LogL: -29071.641 / Time: 0h:5m:49s (0h:1m:15s left)
Iteration 400 / LogL: -29120.943 / Time: 0h:5m:58s (0h:1m:6s left)
Log-likelihood cutoff on original alignment: -29239.214
NOTE: Bootstrap correlation coefficient of split occurrence frequencies: 0.991
Iteration 410 / LogL: -29076.733 / Time: 0h:6m:7s (0h:1m:20s left)
Estimate model parameters (epsilon = 0.100)
BETTER TREE FOUND at iteration 412: -29055.758
Iteration 420 / LogL: -29061.667 / Time: 0h:6m:15s (0h:1m:22s left)
Iteration 430 / LogL: -29066.013 / Time: 0h:6m:23s (0h:1m:13s left)
Estimate model parameters (epsilon = 0.100)
BETTER TREE FOUND at iteration 437: -29055.541
Iteration 440 / LogL: -29074.996 / Time: 0h:6m:31s (0h:1m:26s left)
Iteration 450 / LogL: -29071.781 / Time: 0h:6m:40s (0h:1m:17s left)
Log-likelihood cutoff on original alignment: -29239.214
Estimate model parameters (epsilon = 0.100)
BETTER TREE FOUND at iteration 459: -29055.162
Iteration 460 / LogL: -29081.164 / Time: 0h:6m:49s (0h:1m:28s left)
Iteration 470 / LogL: -29071.099 / Time: 0h:6m:57s (0h:1m:19s left)
Iteration 480 / LogL: -29071.808 / Time: 0h:7m:6s (0h:1m:10s left)
Iteration 490 / LogL: -29082.265 / Time: 0h:7m:13s (0h:1m:1s left)
Iteration 500 / LogL: -29080.488 / Time: 0h:7m:22s (0h:0m:52s left)
Log-likelihood cutoff on original alignment: -29239.214
NOTE: Bootstrap correlation coefficient of split occurrence frequencies: 0.996
Iteration 510 / LogL: -29081.880 / Time: 0h:7m:30s (0h:1m:19s left)
Iteration 520 / LogL: -29068.421 / Time: 0h:7m:38s (0h:1m:10s left)
Iteration 530 / LogL: -29073.533 / Time: 0h:7m:46s (0h:1m:1s left)
Iteration 540 / LogL: -29086.838 / Time: 0h:7m:54s (0h:0m:52s left)
Iteration 550 / LogL: -29073.669 / Time: 0h:8m:3s (0h:0m:44s left)
Log-likelihood cutoff on original alignment: -29238.697
Iteration 560 / LogL: -29059.038 / Time: 0h:8m:12s (0h:0m:35s left)
TREE SEARCH COMPLETED AFTER 560 ITERATIONS / Time: 0h:8m:12s

--------------------------------------------------------------------
|                    FINALIZING TREE SEARCH                        |
--------------------------------------------------------------------
Performs final model parameters optimization
Estimate model parameters (epsilon = 0.010)
1. Initial log-likelihood: -29055.162
Optimal log-likelihood: -29055.161
Parameters optimization took 1 rounds (0.042 sec)
BEST SCORE FOUND : -29055.161

Testing tree branches by SH-like aLRT with 1000 replicates...
Alternative NNI shows better log-likelihood -29055.092 > -29055.161
Alternative NNI shows better log-likelihood -29055.130 > -29055.161
0.423 sec.
Creating bootstrap support values...
Split supports printed to NEXUS file /data/leuven/358/vsc35887/master_thesis/iqtree_output/refolded_fullglyco_E1_famsa_iqtree/refolded_fullglyco_E1_3di_famsa.splits.nex
Total tree length: 30.364

Total number of iterations: 560
CPU time used for tree search: 1647.705 sec (0h:27m:27s)
Wall-clock time used for tree search: 435.846 sec (0h:7m:15s)
Total CPU time used: 1792.319 sec (0h:29m:52s)
Total wall-clock time used: 493.132 sec (0h:8m:13s)

Computing bootstrap consensus tree...
Reading input file /data/leuven/358/vsc35887/master_thesis/iqtree_output/refolded_fullglyco_E1_famsa_iqtree/refolded_fullglyco_E1_3di_famsa.splits.nex...
190 taxa and 1807 splits.
Consensus tree written to /data/leuven/358/vsc35887/master_thesis/iqtree_output/refolded_fullglyco_E1_famsa_iqtree/refolded_fullglyco_E1_3di_famsa.contree
Reading input trees file /data/leuven/358/vsc35887/master_thesis/iqtree_output/refolded_fullglyco_E1_famsa_iqtree/refolded_fullglyco_E1_3di_famsa.contree
Log-likelihood of consensus tree: -29060.455

Analysis results written to: 
  IQ-TREE report:                /data/leuven/358/vsc35887/master_thesis/iqtree_output/refolded_fullglyco_E1_famsa_iqtree/refolded_fullglyco_E1_3di_famsa.iqtree
  Maximum-likelihood tree:       /data/leuven/358/vsc35887/master_thesis/iqtree_output/refolded_fullglyco_E1_famsa_iqtree/refolded_fullglyco_E1_3di_famsa.treefile
  Likelihood distances:          /data/leuven/358/vsc35887/master_thesis/iqtree_output/refolded_fullglyco_E1_famsa_iqtree/refolded_fullglyco_E1_3di_famsa.mldist

Ultrafast bootstrap approximation results written to:
  Split support values:          /data/leuven/358/vsc35887/master_thesis/iqtree_output/refolded_fullglyco_E1_famsa_iqtree/refolded_fullglyco_E1_3di_famsa.splits.nex
  Consensus tree:                /data/leuven/358/vsc35887/master_thesis/iqtree_output/refolded_fullglyco_E1_famsa_iqtree/refolded_fullglyco_E1_3di_famsa.contree
  Screen log file:               /data/leuven/358/vsc35887/master_thesis/iqtree_output/refolded_fullglyco_E1_famsa_iqtree/refolded_fullglyco_E1_3di_famsa.log

Date and Time: Mon Sep 16 16:10:58 2024
