IQ-TREE multicore version 2.3.6 for Linux x86 64-bit built Aug  4 2024
Developed by Bui Quang Minh, Nguyen Lam Tung, Olga Chernomor, Heiko Schmidt,
Dominik Schrempf, Michael Woodhams, Ly Trong Nhan, Thomas Wong

Host:    r26i27n24 (AVX512, FMA3, 188 GB RAM)
Command: /usr/local/bin/iqtree2 -s refolded_fullglyco_E1_3di_famsa_trim35.fas -m 3DI -bb 1000 -alrt 1000 -nt AUTO -pre /data/leuven/358/vsc35887/master_thesis/iqtree_output/refolded_fullglyco_E1_famsa_iqtree/refolded_fullglyco_E1_3di_famsa_trim35
Seed:    302647 (Using SPRNG - Scalable Parallel Random Number Generator)
Time:    Mon Sep 16 16:11:00 2024
Kernel:  AVX+FMA - auto-detect threads (16 CPU cores detected)

Reading alignment file refolded_fullglyco_E1_3di_famsa_trim35.fas ... Fasta format detected
Reading fasta file: done in 0.00115971 secs using 32.77% CPU
Alignment most likely contains protein sequences
Alignment has 190 sequences with 195 columns, 195 distinct patterns
191 parsimony-informative, 3 singleton sites, 1 constant sites
                                                                                          Gap/Ambiguity  Composition  p-value
Analyzing sequences: done in 4.72553e-05 secs using 1759% CPU
   1  HPHV_Bald_eagle_hepacivirus_E1_170-361_AlphaFold.pdb                                        3.08%    passed     76.67%
   2  HPHV_Bamboo_rat_hepacivirus_OM451124_E1_171-356_AlphaFold.pdb                               5.64%    passed     98.44%
   3  HPHV_Bamboo_rat_hepacivirus_OM480528_E1_171-357_AlphaFold.pdb                               5.64%    passed     99.90%
   4  HPHV_Bat_hepacivirus_BK013349_E1_149-356_AlphaFold.pdb                                      0.51%    passed     97.84%
   5  HPHV_Bat_hepacivirus_TA166TZA2013_E1_138-324_AlphaFold.pdb                                  4.62%    passed     99.52%
   6  HPHV_Catfish_hepacivirus_E1_355-549_AlphaFold.pdb                                           1.54%    passed     67.53%
   7  HPHV_Chaetodon_aureofaciatus_hepacivirus_isolate_F25_E1_180-366_AlphaFold.pdb               4.62%    passed     90.68%
   8  HPHV_Chinese_broad-headed_pond_turtle_hepacivirus_E1_298-486_AlphaFold.pdb                  3.59%    passed     99.72%
   9  HPHV_Chinese_softshell_turtle_hepacivirus_E1_301-487_AlphaFold.pdb                          4.62%    passed     99.99%
  10  HPHV_Crab_eating_macaque_hepacivirus_E1_174-383_AlphaFold.pdb                               1.03%    passed     99.43%
  11  HPHV_Cyprichromis_hepacivirus_E1_102-279_AlphaFold.pdb                                      8.72%    passed     93.02%
  12  HPHV_Duck_hepacivirus_HCL-1_E1_289-481_AlphaFold.pdb                                        2.05%    passed     97.93%
  13  HPHV_Equine_hepacivirus_E1_205-391_AlphaFold.pdb                                            4.62%    passed     88.22%
  14  HPHV_Gecko_hepacivirus_E1_311-502_AlphaFold.pdb                                             2.56%    passed     10.82%
  15  HPHV_Gerbil_hepacivirus_E1_219-405_AlphaFold.pdb                                            5.13%    passed     75.72%
  16  HPHV_Guangxi_chinese_leopard_gecko_hepacivirus_E1_660-850_AlphaFold.pdb                     5.13%    passed     57.58%
  17  HPHV_Guangxi_houndshark_hepacivirus_E1_344-537_AlphaFold.pdb                                3.59%    passed     85.06%
  18  HPHV_Guereza_hepacivirus_E1_180-392_AlphaFold.pdb                                           0.51%    passed     99.95%
  19  HPHV_Hainan_oriental_leaf-toed_gecko_hepacivirus_E1_219-407_AlphaFold.pdb                   4.10%    passed     99.98%
  20  HPHV_Hepacivirus_F_E1_152-338_AlphaFold.pdb                                                 5.13%    passed     99.06%
  21  HPHV_Hepacivirus_F_isolate_MgHV2_E1_146-333_AlphaFold.pdb                                   5.13%    passed     99.28%
  22  HPHV_Hepacivirus_F_isolate_MgHV3_E1_146-332_AlphaFold.pdb                                   5.13%    passed     99.83%
  23  HPHV_Hepacivirus_F_isolate_MgHV4_E1_146-333_AlphaFold.pdb                                   5.13%    passed     98.37%
  24  HPHV_Hepacivirus_F_isolate_NA_E1_180-366_AlphaFold.pdb                                      5.13%    passed     99.39%
  25  HPHV_Hepacivirus_I_E1_180-369_AlphaFold.pdb                                                 3.08%    passed     95.95%
  26  HPHV_Hepacivirus_J_isolate_Hepacivirus_RMU10-3382GER2010_E1_164-348_AlphaFold.pdb           5.13%    passed     99.99%
  27  HPHV_Hepacivirus_K_E1_191-383_AlphaFold.pdb                                                 3.08%    passed     99.30%
  28  HPHV_Hepacivirus_L_E1_163-363_AlphaFold.pdb                                                 0.51%    passed     81.44%
  29  HPHV_Hepacivirus_M_E1_191-382_AlphaFold.pdb                                                 3.08%    passed     98.78%
  30  HPHV_Hepacivirus_N_E1_151-347_AlphaFold.pdb                                                 2.56%    passed     97.18%
  31  HPHV_Hepacivirus_N_isolate_IME_BovHep_01_E1_148-347_AlphaFold.pdb                           0.51%    passed     99.85%
  32  HPHV_Hepacivirus_P_E1_148-338_AlphaFold.pdb                                                 2.56%    passed     99.79%
  33  HPHV_Hepacivirus_Q_strain_GDZQ-15_E1_172-361_AlphaFold.pdb                                  3.59%    passed     96.48%
  34  HPHV_Hepacivirus_horseDH1HUN2013_E1_205-390_AlphaFold.pdb                                   5.13%    passed     77.55%
  35  HPHV_Hepacivirus_sp._E1_201-379_AlphaFold.pdb                                               9.74%    passed     99.63%
  36  HPHV_Hepacivirus_sp._clone_B32_E1_157-338_AlphaFold.pdb                                     6.67%    passed     92.88%
  37  HPHV_Hepatitis_C_virus_genotype_1_E1_192-383_AlphaFold.pdb                                  2.56%    passed     57.26%
  38  HPHV_Hepatitis_C_virus_genotype_2_E1_193-383_AlphaFold.pdb                                  3.08%    passed     79.76%
  39  HPHV_Hepatitis_C_virus_genotype_3_E1_193-383_AlphaFold.pdb                                  3.08%    passed     82.05%
  40  HPHV_Hepatitis_C_virus_genotype_4_E1_193-383_AlphaFold.pdb                                  3.08%    passed     79.72%
  41  HPHV_Hepatitis_C_virus_genotype_5_E1_193-383_AlphaFold.pdb                                  3.08%    passed     18.71%
  42  HPHV_Hepatitis_C_virus_genotype_6_E1_193-383_AlphaFold.pdb                                  3.08%    passed     61.93%
  43  HPHV_Hepatitis_C_virus_genotype_7_E1_192-383_AlphaFold.pdb                                  2.56%    passed     32.73%
  44  HPHV_Hepatitis_GB_virus_B_E1_157-349_AlphaFold.pdb                                          2.05%    passed     99.27%
  45  HPHV_Jingmen_Rhinolophus_sinicus_hepacivirus_E1_159-357_AlphaFold.pdb                       1.54%    passed     96.25%
  46  HPHV_Jogalong_virus_P1-10_E1_88-278_AlphaFold.pdb                                           3.59%    passed     87.18%
  47  HPHV_Longquan_Niviventer_fulvescens_hepacivirus_1_E1_265-459_AlphaFold.pdb                  1.54%    passed     99.98%
  48  HPHV_Longquan_Niviventer_niviventer_hepacivirus_1_E1_253-458_AlphaFold.pdb                  1.03%    passed     10.36%
  49  HPHV_Longquan_Rhinolophus_pusillus_hepacivirus_E1_157-362_AlphaFold.pdb                     0.51%    passed     99.32%
  50  HPHV_Mutant_Hepacivirus_clone_S83cc_E1_193-383_AlphaFold.pdb                                3.08%    passed     69.91%
  51  HPHV_Mutant_Hepacivirus_clone_T9cc_E1_193-383_AlphaFold.pdb                                 3.08%    passed     76.52%
  52  HPHV_Nanhai_ghost_shark_hepacivirus_1_E1_2-119_AlphaFold.pdb                               42.05%    failed      0.00%
  53  HPHV_Nanhai_ghost_shark_hepacivirus_2_E1_213-403_AlphaFold.pdb                              3.59%    passed     92.95%
  54  HPHV_Non-primate_hepacivirus_NZP1_E1_205-391_AlphaFold.pdb                                  4.62%    passed     97.80%
  55  HPHV_Non-primate_hepacivirus_strain_CU_isolate_III_E1_205-387_AlphaFold.pdb                 6.67%    passed     94.03%
  56  HPHV_Northern_treeshrew_hepacivirus_E1_155-346_AlphaFold.pdb                                2.56%    passed     99.35%
  57  HPHV_Norway_rat_hepacivirus_1_E1_246-449_AlphaFold.pdb                                      0.51%    passed     99.99%
  58  HPHV_Norway_rat_hepacivirus_2_E1_164-382_AlphaFold.pdb                                      0.51%    passed     95.70%
  59  HPHV_Possum_hepacivrus_E1_166-342_AlphaFold.pdb                                             9.74%    passed     98.19%
  60  HPHV_Recombinant_Hepacivirus_E1_193-383_AlphaFold.pdb                                       3.08%    passed     66.05%
  61  HPHV_Rhizomys_pruinosus_hepacivirus_E1_176-361_AlphaFold.pdb                                5.64%    passed     95.78%
  62  HPHV_Ringtail_hepacivirus_E1_164-353_AlphaFold.pdb                                          4.62%    passed     99.61%
  63  HPHV_Rodent_hepacivirus_05VZ-14-118_E1_170-357_AlphaFold.pdb                                5.13%    passed     99.98%
  64  HPHV_Rodent_hepacivirus_B349PAN2014_E1_164-351_AlphaFold.pdb                                5.13%    passed     86.92%
  65  HPHV_Rodent_hepacivirus_CRT125-BCOD2010_E1_183-365_AlphaFold.pdb                            6.15%    passed     99.50%
  66  HPHV_Rodent_hepacivirus_CRT352-BCOD2010_E1_173-356_AlphaFold.pdb                            5.64%    passed     99.45%
  67  HPHV_Rodent_hepacivirus_CRT382COD2010_E1_252-436_AlphaFold.pdb                              6.15%    passed     94.94%
  68  HPHV_Rodent_hepacivirus_CRT490-BCOD2010_E1_183-365_AlphaFold.pdb                            6.15%    passed     99.17%
  69  HPHV_Rodent_hepacivirus_CRT64-ACOD2010_E1_183-365_AlphaFold.pdb                             6.15%    passed     99.98%
  70  HPHV_Rodent_hepacivirus_CRT682COD2010_E1_173-368_AlphaFold.pdb                              0.51%    passed     82.05%
  71  HPHV_Rodent_hepacivirus_E1_167-353_AlphaFold.pdb                                            5.13%    passed     99.71%
  72  HPHV_Rodent_hepacivirus_MOZ329-AMOZ2011_E1_183-367_AlphaFold.pdb                            5.13%    passed     99.29%
  73  HPHV_Rodent_hepacivirus_MOZ329-CMOZ2011_E1_252-435_AlphaFold.pdb                            6.67%    passed     76.62%
  74  HPHV_Rodent_hepacivirus_RO22799BeAn812052_E1_168-355_AlphaFold.pdb                          5.13%    passed     99.79%
  75  HPHV_Rodent_hepacivirus_TA085TZA2013_E1_223-407_AlphaFold.pdb                               6.15%    passed     96.91%
  76  HPHV_Rodent_hepacivirus_TA100-ATZA2013_E1_173-355_AlphaFold.pdb                             6.15%    passed     99.72%
  77  HPHV_Rodent_hepacivirus_TA142TZA2013_E1_168-351_AlphaFold.pdb                               5.64%    passed     89.68%
  78  HPHV_Rodent_hepacivirus_TA498-ATZA2013_E1_213-395_AlphaFold.pdb                             6.15%    passed     99.94%
  79  HPHV_Rodent_hepacivirus_TA498-CTZA2013_E1_251-435_AlphaFold.pdb                             6.15%    passed     79.94%
  80  HPHV_Rodent_hepacivirus_TA531-ATZA2013_E1_183-365_AlphaFold.pdb                             6.15%    passed     96.77%
  81  HPHV_Rodent_hepacivirus_TZ25757TZA2011_E1_181-367_AlphaFold.pdb                             5.64%    passed     99.60%
  82  HPHV_Rodent_hepacivirus_rn-1_E1_246-450_AlphaFold.pdb                                       0.51%    passed     88.50%
  83  HPHV_Rodent_hepacvirus_RtAs-HCVIM2014_E1_220-403_AlphaFold.pdb                              5.64%    passed     94.04%
  84  HPHV_Rodent_hepacvirus_RtMc-HCVTibet2014_E1_145-332_AlphaFold.pdb                           5.13%    passed     98.91%
  85  HPHV_Sifaka_hepacivirus_MH824541_E1_200-394_AlphaFold.pdb                                   1.54%    passed     95.35%
  86  HPHV_Sifaka_hepacivirus_MT371438_E1_202-393_AlphaFold.pdb                                   2.56%    passed     99.77%
  87  HPHV_Sigmodontinae_hepacivirus_E1_170-367_AlphaFold.pdb                                     2.05%    passed     53.45%
  88  HPHV_Viviparous_lizard_hepacivirus_E1_465-667_AlphaFold.pdb                                 3.08%    passed      8.98%
  89  HPHV_Wenling_shark_virus_E1_301-494_AlphaFold.pdb                                           3.59%    passed     99.88%
  90  HPHV_Wenzhou_Apodemus_agrarius_hepacivirus_1_E1_161-344_AlphaFold.pdb                       7.69%    passed     82.32%
  91  HPHV_Wenzhou_Suncus_murinus_hepacivirus_1_E1_159-344_AlphaFold.pdb                          6.15%    passed     94.33%
  92  HPHV_Western_African_lungfish_hepacivirus_E1_382-570_AlphaFold.pdb                          3.59%    passed     28.02%
  93  HPHV_White_sucker_hepacivirus_E1_381-571_AlphaFold.pdb                                      3.59%    passed     98.47%
  94  HPHV_Wufeng_Niviventer_fulvescens_hepacivirus_1_E1_212-403_AlphaFold.pdb                    3.08%    passed     99.36%
  95  HPHV_Wufeng_Niviventer_niviventer_hepacivirus_1_E1_213-405_AlphaFold.pdb                    2.56%    passed     98.68%
  96  HPHV_Wufeng_Typhlomys_cinereus_hepacivirus_1_E1_173-367_AlphaFold.pdb                       2.56%    passed     93.81%
  97  HPHV_Wufeng_Typhlomys_cinereus_hepacivirus_2_E1_174-359_AlphaFold.pdb                       5.64%    passed     99.91%
  98  HPHV_Wufeng_Typhlomys_cinereus_hepacivirus_3_E1_168-353_AlphaFold.pdb                       5.64%    passed     89.22%
  99  HPHV_Xiamen_guitarfish_hepacivirus_E1_370-557_AlphaFold.pdb                                 5.13%    passed     67.43%
 100  HPHV_Xiamen_sepia_Stingray_hepacivirus_E1_430-621_AlphaFold.pdb                             4.10%    passed     92.63%
 101  HPHV_Yili_teratoscincus_roborowskii_hepacivirus_E1_672-861_AlphaFold.pdb                    3.59%    passed     11.18%
 102  HPPV_Bat_GB-like_virus_E1_22-217_AlphaFold.pdb                                              5.13%    passed     75.05%
 103  HPPV_Bat_pegivirus_PDB-1734_E1_162-347_AlphaFold.pdb                                        6.67%    passed     93.92%
 104  HPPV_Bat_pegivirus_PDB-24_E1_30-214_AlphaFold.pdb                                           5.64%    passed     67.51%
 105  HPPV_Bat_pegivirus_PDB-303_E1_23-220_AlphaFold.pdb                                          5.13%    passed     80.11%
 106  HPPV_Bat_pegivirus_PDB-34.1_E1_289-471_AlphaFold.pdb                                        7.18%    passed     90.67%
 107  HPPV_Bat_pegivirus_PDB-491.2_E1_104-287_AlphaFold.pdb                                       6.15%    passed     84.49%
 108  HPPV_Bat_pegivirus_PDB-694_E1_61-256_AlphaFold.pdb                                          5.13%    passed     59.72%
 109  HPPV_Bat_pegivirus_PDB-737B_E1_58-242_AlphaFold.pdb                                         5.64%    passed     40.74%
 110  HPPV_Bat_pegivirus_PDB-838_E1_102-284_AlphaFold.pdb                                         6.67%    passed     63.58%
 111  HPPV_Chimpanzee_GB_virus_C_E1_21-207_AlphaFold.pdb                                          5.64%    passed     94.88%
 112  HPPV_Dolphin_pegivirus_E1_33-218_AlphaFold.pdb                                              5.13%    passed     99.79%
 113  HPPV_Dremomys_pernyi_pegivirus_isolate_SC_C7-54.2_2022_E1_197-379_AlphaFold.pdb             7.69%    passed     98.61%
 114  HPPV_Eospalax_rufescens_pegivirus_isolate_SC_C3-19.2_2021_E1_212-398_AlphaFold.pdb          6.67%    passed     95.96%
 115  HPPV_Equine_Pegivirus_E1_55-232_AlphaFold.pdb                                               9.23%    passed     70.33%
 116  HPPV_Feline_pegivirus_E1_31-210_AlphaFold.pdb                                               8.72%    passed     96.37%
 117  HPPV_GB_virus_E1_62-249_AlphaFold.pdb                                                       5.13%    passed     83.26%
 118  HPPV_Goose_pegivirus_1_E1_33-220_AlphaFold.pdb                                              4.10%    passed     97.00%
 119  HPPV_Goose_pegivirus_2_E1_29-214_AlphaFold.pdb                                              5.64%    passed     94.68%
 120  HPPV_Hepatitis_GB_virus_A_E1_98-271_AlphaFold.pdb                                          11.79%    passed     90.32%
 121  HPPV_Hepatitis_G_virus_AB018667.1_E1_20-206_AlphaFold.pdb                                   5.64%    passed     98.38%
 122  HPPV_Hepatitis_G_virus_AB021287.1_E1_20-206_AlphaFold.pdb                                   5.64%    passed     99.38%
 123  HPPV_Hepatitis_G_virus_HGV-T55875_E1_52-237_AlphaFold.pdb                                   6.15%    passed     99.13%
 124  HPPV_Hepatitis_G_virus_U94695.1_E1_53-237_AlphaFold.pdb                                     6.67%    passed     88.22%
 125  HPPV_Hepatitis_G_virus_isolate_765_E1_88-274_AlphaFold.pdb                                  5.64%    passed     95.89%
 126  HPPV_Human_hepegivirus_E1_111-315_AlphaFold.pdb                                             6.15%    passed     95.50%
 127  HPPV_Leucosticte_brandti_pegivirus_XZN_E1_28-217_AlphaFold.pdb                              5.13%    passed     88.26%
 128  HPPV_Longquan_Niviventer_fulvescens_pegivirus_E1_225-423_AlphaFold.pdb                      6.67%    passed     56.79%
 129  HPPV_Longquan_Niviventer_niviventer_pegivirus_E1_233-416_AlphaFold.pdb                      6.67%    passed     66.74%
 130  HPPV_Longquan_Rhinolophus_pearsonii_pegivirus_E1_67-245_AlphaFold.pdb                       9.74%    passed     37.21%
 131  HPPV_Marmoset_pegivirus_E1_22-198_AlphaFold.pdb                                            10.26%    passed     61.42%
 132  HPPV_Montifringilla_taczanowskii_pegivirus_E1_28-222_AlphaFold.pdb                          4.62%    passed     73.36%
 133  HPPV_Nabpantry_virus_9_E1_21-205_AlphaFold.pdb                                              5.64%    passed     96.76%
 134  HPPV_Passer_montanus_pegivirus_GXN_E1_27-210_AlphaFold.pdb                                  6.67%    passed     43.85%
 135  HPPV_Pegivirus_A_56330218_E1_20-206_AlphaFold.pdb                                           5.64%    passed     95.05%
 136  HPPV_Pegivirus_A_89859249_E1_65-251_AlphaFold.pdb                                           5.64%    passed     86.19%
 137  HPPV_Pegivirus_D_E1_22-206_AlphaFold.pdb                                                    6.15%    passed     91.32%
 138  HPPV_Pegivirus_G_E1_285-477_AlphaFold.pdb                                                   6.67%    passed     80.44%
 139  HPPV_Pegivirus_I_E1_21-212_AlphaFold.pdb                                                    5.13%    passed     25.89%
 140  HPPV_Pegivirus_K_E1_20-208_AlphaFold.pdb                                                    5.64%    passed     99.81%
 141  HPPV_Phaiomys_leucurus_pegivirus_E1_247-430_AlphaFold.pdb                                   7.18%    passed     56.06%
 142  HPPV_Rodent_pegivirus_05VZ-14-Rat070_E1_233-413_AlphaFold.pdb                               8.21%    passed     96.34%
 143  HPPV_Rodent_pegivirus_RPgV-IND079_E1_231-413_AlphaFold.pdb                                  7.69%    passed     98.40%
 144  HPPV_Rodent_pegivirus_isolate_CC61_E1_226-411_AlphaFold.pdb                                 6.67%    passed     93.02%
 145  HPPV_Simian_pegivirus_SPgVkrc_RC08_E1_21-207_AlphaFold.pdb                                  5.64%    passed     84.11%
 146  HPPV_Simian_pegivirus_VGA00020_E1_21-207_AlphaFold.pdb                                      5.64%    passed     88.69%
 147  HPPV_Simian_pegivirus_myb_M77_E1_21-207_AlphaFold.pdb                                       5.64%    passed     98.94%
 148  HPPV_Southwest_bike_trail_virus_E1_180-362_AlphaFold.pdb                                    6.67%    passed     87.26%
 149  HPPV_Ticpantry_virus_3_E1_102-286_AlphaFold.pdb                                             5.64%    passed     98.39%
 150  HPPV_Tree_shrew_pegivirus_E1_161-347_AlphaFold.pdb                                          6.67%    passed     53.51%
 151  HPPV_Wenzhou_Rattus_norvegicus_pegivirus_1_E1_207-398_AlphaFold.pdb                         8.21%    passed     69.07%
 152  HPPV_Wenzhou_Rattus_tanezumi_pegivirus_1_E1_225-408_AlphaFold.pdb                           7.18%    passed     99.28%
 153  HPPV_Wufeng_Blarinella_griselda_pegivirus_1_E1_167-351_AlphaFold.pdb                        7.18%    passed     92.44%
 154  HPPV_Wufeng_Crocidura_attenuata_pegivirus_1_E1_167-348_AlphaFold.pdb                        8.21%    passed     39.70%
 155  HPPV_Wufeng_Niviventer_fulvescens_pegivirus_1_E1_223-415_AlphaFold.pdb                      6.67%    passed     59.68%
 156  HPUN_Wenling_moray_eel_hepacivirus_E1_286-472_AlphaFold.pdb                                 4.62%    passed     98.63%
 157  PLPV_Atypical_porcine_pestivirus_E1_502-700_AlphaFold.pdb                                  10.26%    passed     80.12%
 158  PLPV_Bat_pestivirus_BtSk-PestV-1GX2017_E1_503-701_AlphaFold.pdb                            10.26%    failed      2.02%
 159  PLPV_Border_disease_virus_X818_E1_496-690_AlphaFold.pdb                                     9.74%    passed     36.39%
 160  PLPV_Bovine_viral_diarrhea_virus_1_E1_498-692_AlphaFold.pdb                                 9.74%    passed     10.36%
 161  PLPV_Bovine_viral_diarrhea_virus_2_E1_498-692_AlphaFold.pdb                                 9.74%    passed     11.64%
 162  PLPV_Bovine_viral_diarrhea_virus_3_Th04_KhonKaen_E1_496-690_AlphaFold.pdb                   9.74%    passed     32.12%
 163  PLPV_Classical_swine_fever_virus_E1_496-689_AlphaFold.pdb                                  10.26%    passed     14.65%
 164  PLPV_Dongyang_pangolin_virus_isolate_DYCS_E1_476-667_AlphaFold.pdb                         13.85%    failed      4.66%
 165  PLPV_Frog_pestivirus_E1_897-1094_AlphaFold.pdb                                             11.28%    failed      0.57%
 166  PLPV_Glass_knifefish_pestivirus_E1_1023-1197_AlphaFold.pdb                                 18.46%    failed      0.04%
 167  PLPV_Jingmen_Crocidura_shantungensis_pestivirus_1_E1_329-526_AlphaFold.pdb                  9.74%    passed     13.78%
 168  PLPV_Linda_virus_strain_Austria1_E1_508-702_AlphaFold.pdb                                  11.28%    passed     26.15%
 169  PLPV_Norway_rat_pestivirus_isolate_NrPVNYC-D23_E1_638-834_AlphaFold.pdb                    10.26%    passed      5.75%
 170  PLPV_Pangolin_pestivirus_1_isolate_ZJ-F1_E1_501-699_AlphaFold.pdb                           9.74%    passed     34.87%
 171  PLPV_Pangolin_pestivirus_strain_PPeVBIME1P019Tpangolin2018_E1_476-673_AlphaFold.pdb        10.26%    failed      4.17%
 172  PLPV_Pangolin_pestivirus_strain_PPeVBIME3P019Tpangolin2018_E1_477-673_AlphaFold.pdb        10.77%    failed      2.23%
 173  PLPV_Pangolin_pestivirus_strain_PPeVBIME5P141Tpangolin2018_E1_476-674_AlphaFold.pdb         9.74%    failed      0.55%
 174  PLPV_Pangolin_pestivirus_strain_PPeVBIME6P141Tpangolin2018_E1_505-702_AlphaFold.pdb         9.74%    passed     67.02%
 175  PLPV_Pangolin_pestivirus_strain_PPeVBIME6P226Tpangolin2018_E1_508-703_AlphaFold.pdb        10.77%    passed     41.88%
 176  PLPV_Pangolin_pestivirus_strain_PPeVBIME7P022Tpangolin2018_E1_476-673_AlphaFold.pdb         9.74%    passed     23.76%
 177  PLPV_Pestivirus_Burdur05-TR_E1_496-690_AlphaFold.pdb                                        9.74%    passed     13.56%
 178  PLPV_Pestivirus_PG-2_E1_495-688_AlphaFold.pdb                                              10.26%    passed     17.61%
 179  PLPV_Pestivirus_giraffe-1_H138_E1_494-688_AlphaFold.pdb                                     9.74%    passed     33.84%
 180  PLPV_Pestivirus_reindeer-1_V60-Krefeld_E1_496-690_AlphaFold.pdb                             9.74%    passed     19.39%
 181  PLPV_Pestivirus_sp._isolate_ovineIt338710-32017_E1_495-689_AlphaFold.pdb                    9.74%    passed      8.73%
 182  PLPV_Pestivirus_strain_Aydin04-TR_E1_496-690_AlphaFold.pdb                                  9.74%    passed     14.36%
 183  PLPV_Phocoena_pestivirus_isolate_NS170386_E1_339-536_AlphaFold.pdb                          9.74%    passed     34.01%
 184  PLPV_Porcine_pestivirus_isolate_Bungowannah_E1_498-694_AlphaFold.pdb                        9.74%    passed     59.17%
 185  PLPV_Pronghorn_antelope_pestivirus_E1_493-687_AlphaFold.pdb                                 9.74%    passed     46.45%
 186  PLPV_Rodent_pestivirus_isolate_RtAp-PestVJL2014_E1_624-819_AlphaFold.pdb                   10.77%    failed      0.83%
 187  PLPV_Rodent_pestivirus_isolate_RtNn-PestVHuB2014_E1_635-832_AlphaFold.pdb                   9.74%    failed      3.46%
 188  PLPV_Tunisian_small_ruminant_pestivirus_strain_920192007AG_E1_495-689_AlphaFold.pdb         9.74%    passed     33.24%
 189  PLPV_Wenzhou_Pipistrellus_abramus_pestivirus_1_isolate_YJB_Pabr_E1_502-698_AlphaFold.pdb   10.26%    passed     17.77%
 190  PLPV_Zikole_virus_E1_503-702_AlphaFold.pdb                                                  9.74%    passed      5.81%
****  TOTAL                                                                                       6.09%  10 sequences failed composition chi2 test (p-value<5%; df=19)

Create initial parsimony tree by phylogenetic likelihood library (PLL)... 0.051 seconds
Generating 1000 samples for ultrafast bootstrap (seed: 302647)...
Reading model parameters from file 3DI
WARNING: Normalizing state frequencies so that sum of them equals to 1

NOTE: 7 MB RAM (0 GB) is required!
Measuring multi-threading efficiency up to 16 CPU cores
Increase to 10 rounds for branch lengths
62 trees examined
Threads: 1 / Time: 16.071 sec / Speedup: 1.000 / Efficiency: 100% / LogL: -42645
Threads: 2 / Time: 17.049 sec / Speedup: 0.943 / Efficiency: 47% / LogL: -42645
BEST NUMBER OF THREADS: 1

Estimate model parameters (epsilon = 0.100)
1. Initial log-likelihood: -27621.594
Optimal log-likelihood: -27483.533
Parameters optimization took 1 rounds (0.116 sec)
Wrote distance file to... 
Computing ML distances based on estimated model parameters...
Calculating distance matrix: done in 0.961947 secs using 99.74% CPU
Computing ML distances took 0.962165 sec (of wall-clock time) 0.959634 sec (of CPU time)
Setting up auxiliary I and S matrices: done in 0.000736915 secs
Computing RapidNJ tree took 0.002580 sec (of wall-clock time) 0.003475 sec (of CPU time)
Log-likelihood of RapidNJ tree: -27590.970
--------------------------------------------------------------------
|             INITIALIZING CANDIDATE TREE SET                      |
--------------------------------------------------------------------
Generating 98 parsimony trees... 4.581 second
Computing log-likelihood of 98 initial trees ... 3.364 seconds
Current best score: -27377.282

Do NNI search on 20 best initial trees
Estimate model parameters (epsilon = 0.100)
BETTER TREE FOUND at iteration 1: -27300.954
Estimate model parameters (epsilon = 0.100)
BETTER TREE FOUND at iteration 2: -27273.859
Iteration 10 / LogL: -27322.968 / Time: 0h:0m:48s
Iteration 20 / LogL: -27338.570 / Time: 0h:0m:54s
Finish initializing candidate tree set (20)
Current best tree score: -27273.859 / CPU time: 20.181
Number of iterations: 20
--------------------------------------------------------------------
|               OPTIMIZING CANDIDATE TREE SET                      |
--------------------------------------------------------------------
Estimate model parameters (epsilon = 0.100)
BETTER TREE FOUND at iteration 21: -27261.416
Iteration 30 / LogL: -27306.027 / Time: 0h:1m:2s (0h:3m:15s left)
Estimate model parameters (epsilon = 0.100)
BETTER TREE FOUND at iteration 34: -27247.706
Estimate model parameters (epsilon = 0.100)
BETTER TREE FOUND at iteration 36: -27244.455
Estimate model parameters (epsilon = 0.100)
BETTER TREE FOUND at iteration 39: -27229.716
Iteration 40 / LogL: -27257.294 / Time: 0h:1m:10s (0h:2m:57s left)
Iteration 50 / LogL: -27247.895 / Time: 0h:1m:17s (0h:2m:21s left)
Log-likelihood cutoff on original alignment: -27378.555
Iteration 60 / LogL: -27321.277 / Time: 0h:1m:26s (0h:1m:55s left)
Estimate model parameters (epsilon = 0.100)
BETTER TREE FOUND at iteration 67: -27229.108
Iteration 70 / LogL: -27246.572 / Time: 0h:1m:34s (0h:2m:12s left)
Estimate model parameters (epsilon = 0.100)
BETTER TREE FOUND at iteration 72: -27228.757
Iteration 80 / LogL: -27238.030 / Time: 0h:1m:41s (0h:1m:58s left)
Estimate model parameters (epsilon = 0.100)
BETTER TREE FOUND at iteration 81: -27228.543
Estimate model parameters (epsilon = 0.100)
BETTER TREE FOUND at iteration 82: -27227.865
Estimate model parameters (epsilon = 0.100)
BETTER TREE FOUND at iteration 87: -27227.790
Iteration 90 / LogL: -27245.786 / Time: 0h:1m:49s (0h:1m:59s left)
Iteration 100 / LogL: -27243.732 / Time: 0h:1m:57s (0h:1m:43s left)
Log-likelihood cutoff on original alignment: -27378.555
NOTE: Bootstrap correlation coefficient of split occurrence frequencies: 0.984
NOTE: UFBoot does not converge, continue at least 100 more iterations
Estimate model parameters (epsilon = 0.100)
BETTER TREE FOUND at iteration 108: -27227.434
Iteration 110 / LogL: -27235.649 / Time: 0h:2m:5s (0h:1m:53s left)
Estimate model parameters (epsilon = 0.100)
BETTER TREE FOUND at iteration 118: -27226.604
Iteration 120 / LogL: -27227.263 / Time: 0h:2m:13s (0h:1m:49s left)
Estimate model parameters (epsilon = 0.100)
BETTER TREE FOUND at iteration 126: -27226.208
Iteration 130 / LogL: -27262.411 / Time: 0h:2m:21s (0h:1m:45s left)
Iteration 140 / LogL: -27243.433 / Time: 0h:2m:28s (0h:1m:31s left)
Estimate model parameters (epsilon = 0.100)
BETTER TREE FOUND at iteration 148: -27224.624
Iteration 150 / LogL: -27238.966 / Time: 0h:2m:35s (0h:1m:42s left)
Log-likelihood cutoff on original alignment: -27378.555
Estimate model parameters (epsilon = 0.100)
BETTER TREE FOUND at iteration 159: -27224.089
Iteration 160 / LogL: -27267.673 / Time: 0h:2m:43s (0h:1m:41s left)
Estimate model parameters (epsilon = 0.100)
BETTER TREE FOUND at iteration 167: -27223.474
Iteration 170 / LogL: -27235.374 / Time: 0h:2m:51s (0h:1m:38s left)
Estimate model parameters (epsilon = 0.100)
BETTER TREE FOUND at iteration 174: -27222.322
Iteration 180 / LogL: -27253.615 / Time: 0h:2m:58s (0h:1m:33s left)
Estimate model parameters (epsilon = 0.100)
BETTER TREE FOUND at iteration 184: -27220.457
Estimate model parameters (epsilon = 0.100)
BETTER TREE FOUND at iteration 188: -27217.853
Iteration 190 / LogL: -27226.523 / Time: 0h:3m:5s (0h:1m:36s left)
Iteration 200 / LogL: -27225.966 / Time: 0h:3m:13s (0h:1m:25s left)
Log-likelihood cutoff on original alignment: -27374.880
NOTE: Bootstrap correlation coefficient of split occurrence frequencies: 0.982
NOTE: UFBoot does not converge, continue at least 100 more iterations
Iteration 210 / LogL: -27224.215 / Time: 0h:3m:21s (0h:1m:26s left)
Iteration 220 / LogL: -27239.553 / Time: 0h:3m:29s (0h:1m:16s left)
Iteration 230 / LogL: -27239.189 / Time: 0h:3m:37s (0h:1m:6s left)
Estimate model parameters (epsilon = 0.100)
BETTER TREE FOUND at iteration 238: -27217.396
Iteration 240 / LogL: -27236.914 / Time: 0h:3m:44s (0h:1m:31s left)
Estimate model parameters (epsilon = 0.100)
BETTER TREE FOUND at iteration 241: -27215.656
Iteration 250 / LogL: -27220.220 / Time: 0h:3m:51s (0h:1m:24s left)
Log-likelihood cutoff on original alignment: -27374.880
Estimate model parameters (epsilon = 0.100)
BETTER TREE FOUND at iteration 252: -27212.935
Iteration 260 / LogL: -27238.954 / Time: 0h:3m:59s (0h:1m:25s left)
Iteration 270 / LogL: -27215.227 / Time: 0h:4m:6s (0h:1m:15s left)
Iteration 280 / LogL: -27220.828 / Time: 0h:4m:14s (0h:1m:5s left)
Iteration 290 / LogL: -27220.306 / Time: 0h:4m:21s (0h:0m:56s left)
Estimate model parameters (epsilon = 0.100)
BETTER TREE FOUND at iteration 293: -27209.004
Iteration 300 / LogL: -27246.783 / Time: 0h:4m:29s (0h:1m:23s left)
Log-likelihood cutoff on original alignment: -27374.880
NOTE: Bootstrap correlation coefficient of split occurrence frequencies: 0.967
NOTE: UFBoot does not converge, continue at least 100 more iterations
Estimate model parameters (epsilon = 0.100)
BETTER TREE FOUND at iteration 309: -27204.436
Iteration 310 / LogL: -27205.153 / Time: 0h:4m:37s (0h:1m:28s left)
Iteration 320 / LogL: -27220.381 / Time: 0h:4m:44s (0h:1m:19s left)
Iteration 330 / LogL: -27211.830 / Time: 0h:4m:52s (0h:1m:10s left)
Estimate model parameters (epsilon = 0.100)
BETTER TREE FOUND at iteration 339: -27202.983
Iteration 340 / LogL: -27219.139 / Time: 0h:5m:0s (0h:1m:27s left)
Estimate model parameters (epsilon = 0.100)
BETTER TREE FOUND at iteration 341: -27201.061
Iteration 350 / LogL: -27223.987 / Time: 0h:5m:9s (0h:1m:20s left)
Log-likelihood cutoff on original alignment: -27363.344
Iteration 360 / LogL: -27209.416 / Time: 0h:5m:18s (0h:1m:11s left)
Iteration 370 / LogL: -27208.147 / Time: 0h:5m:26s (0h:1m:2s left)
Iteration 380 / LogL: -27213.327 / Time: 0h:5m:35s (0h:0m:53s left)
Estimate model parameters (epsilon = 0.100)
BETTER TREE FOUND at iteration 382: -27200.446
Iteration 390 / LogL: -27218.527 / Time: 0h:5m:43s (0h:1m:21s left)
Iteration 400 / LogL: -27208.327 / Time: 0h:5m:51s (0h:1m:12s left)
Log-likelihood cutoff on original alignment: -27363.344
NOTE: Bootstrap correlation coefficient of split occurrence frequencies: 0.950
NOTE: UFBoot does not converge, continue at least 100 more iterations
Iteration 410 / LogL: -27208.830 / Time: 0h:6m:0s (0h:1m:19s left)
Iteration 420 / LogL: -27207.912 / Time: 0h:6m:8s (0h:1m:10s left)
Estimate model parameters (epsilon = 0.100)
BETTER TREE FOUND at iteration 426: -27199.764
Iteration 430 / LogL: -27216.136 / Time: 0h:6m:16s (0h:1m:24s left)
Iteration 440 / LogL: -27232.251 / Time: 0h:6m:23s (0h:1m:15s left)
Iteration 450 / LogL: -27245.348 / Time: 0h:6m:31s (0h:1m:6s left)
Log-likelihood cutoff on original alignment: -27363.344
Iteration 460 / LogL: -27212.720 / Time: 0h:6m:39s (0h:0m:57s left)
Iteration 470 / LogL: -27227.817 / Time: 0h:6m:47s (0h:0m:48s left)
Estimate model parameters (epsilon = 0.100)
BETTER TREE FOUND at iteration 479: -27198.597
Iteration 480 / LogL: -27216.885 / Time: 0h:6m:54s (0h:1m:25s left)
Iteration 490 / LogL: -27203.315 / Time: 0h:7m:2s (0h:1m:16s left)
Iteration 500 / LogL: -27216.586 / Time: 0h:7m:9s (0h:1m:8s left)
Log-likelihood cutoff on original alignment: -27363.344
NOTE: Bootstrap correlation coefficient of split occurrence frequencies: 0.949
NOTE: UFBoot does not converge, continue at least 100 more iterations
Iteration 510 / LogL: -27226.126 / Time: 0h:7m:18s (0h:1m:17s left)
Iteration 520 / LogL: -27253.192 / Time: 0h:7m:26s (0h:1m:8s left)
Iteration 530 / LogL: -27246.350 / Time: 0h:7m:34s (0h:1m:0s left)
Estimate model parameters (epsilon = 0.100)
BETTER TREE FOUND at iteration 540: -27197.387
Iteration 540 / LogL: -27197.387 / Time: 0h:7m:41s (0h:1m:25s left)
Iteration 550 / LogL: -27220.591 / Time: 0h:7m:49s (0h:1m:16s left)
Log-likelihood cutoff on original alignment: -27363.344
Iteration 560 / LogL: -27203.081 / Time: 0h:7m:57s (0h:1m:8s left)
Iteration 570 / LogL: -27203.958 / Time: 0h:8m:5s (0h:0m:59s left)
Estimate model parameters (epsilon = 0.100)
BETTER TREE FOUND at iteration 573: -27194.344
Iteration 580 / LogL: -27201.479 / Time: 0h:8m:13s (0h:1m:19s left)
Iteration 590 / LogL: -27200.096 / Time: 0h:8m:20s (0h:1m:10s left)
Iteration 600 / LogL: -27228.387 / Time: 0h:8m:27s (0h:1m:1s left)
Log-likelihood cutoff on original alignment: -27363.344
NOTE: Bootstrap correlation coefficient of split occurrence frequencies: 0.956
NOTE: UFBoot does not converge, continue at least 100 more iterations
Iteration 610 / LogL: -27219.859 / Time: 0h:8m:35s (0h:1m:16s left)
Iteration 620 / LogL: -27200.989 / Time: 0h:8m:44s (0h:1m:7s left)
Iteration 630 / LogL: -27227.343 / Time: 0h:8m:51s (0h:0m:59s left)
Iteration 640 / LogL: -27212.485 / Time: 0h:9m:0s (0h:0m:50s left)
Estimate model parameters (epsilon = 0.100)
BETTER TREE FOUND at iteration 641: -27193.325
Iteration 650 / LogL: -27224.213 / Time: 0h:9m:8s (0h:1m:16s left)
Log-likelihood cutoff on original alignment: -27363.344
Iteration 660 / LogL: -27195.415 / Time: 0h:9m:17s (0h:1m:8s left)
Iteration 670 / LogL: -27202.582 / Time: 0h:9m:26s (0h:1m:0s left)
Iteration 680 / LogL: -27202.252 / Time: 0h:9m:34s (0h:0m:51s left)
Iteration 690 / LogL: -27226.753 / Time: 0h:9m:42s (0h:0m:43s left)
Iteration 700 / LogL: -27201.825 / Time: 0h:9m:50s (0h:0m:34s left)
Log-likelihood cutoff on original alignment: -27363.344
NOTE: Bootstrap correlation coefficient of split occurrence frequencies: 0.978
NOTE: UFBoot does not converge, continue at least 100 more iterations
Iteration 710 / LogL: -27217.414 / Time: 0h:9m:59s (0h:1m:16s left)
Iteration 720 / LogL: -27205.936 / Time: 0h:10m:7s (0h:1m:7s left)
Iteration 730 / LogL: -27220.657 / Time: 0h:10m:15s (0h:0m:59s left)
Iteration 740 / LogL: -27200.810 / Time: 0h:10m:23s (0h:0m:50s left)
Iteration 750 / LogL: -27240.820 / Time: 0h:10m:31s (0h:0m:42s left)
Log-likelihood cutoff on original alignment: -27363.344
Iteration 760 / LogL: -27206.827 / Time: 0h:10m:39s (0h:0m:33s left)
Iteration 770 / LogL: -27210.278 / Time: 0h:10m:47s (0h:0m:25s left)
Iteration 780 / LogL: -27207.065 / Time: 0h:10m:55s (0h:0m:16s left)
Iteration 790 / LogL: -27201.272 / Time: 0h:11m:3s (0h:0m:8s left)
Iteration 800 / LogL: -27198.429 / Time: 0h:11m:11s (0h:0m:0s left)
Log-likelihood cutoff on original alignment: -27363.344
NOTE: Bootstrap correlation coefficient of split occurrence frequencies: 0.990
NOTE: UFBoot does not converge, continue at least 100 more iterations
Iteration 810 / LogL: -27199.188 / Time: 0h:11m:20s (0h:1m:15s left)
Iteration 820 / LogL: -27204.108 / Time: 0h:11m:28s (0h:1m:7s left)
Iteration 830 / LogL: -27195.312 / Time: 0h:11m:36s (0h:0m:58s left)
Iteration 840 / LogL: -27194.701 / Time: 0h:11m:44s (0h:0m:50s left)
Iteration 850 / LogL: -27222.188 / Time: 0h:11m:53s (0h:0m:41s left)
Log-likelihood cutoff on original alignment: -27363.344
Iteration 860 / LogL: -27207.534 / Time: 0h:12m:2s (0h:0m:33s left)
Iteration 870 / LogL: -27209.278 / Time: 0h:12m:11s (0h:0m:25s left)
Iteration 880 / LogL: -27197.021 / Time: 0h:12m:19s (0h:0m:16s left)
Iteration 890 / LogL: -27208.937 / Time: 0h:12m:28s (0h:0m:8s left)
Iteration 900 / LogL: -27223.143 / Time: 0h:12m:37s (0h:0m:0s left)
Log-likelihood cutoff on original alignment: -27363.344
NOTE: Bootstrap correlation coefficient of split occurrence frequencies: 0.991
TREE SEARCH COMPLETED AFTER 900 ITERATIONS / Time: 0h:12m:37s

--------------------------------------------------------------------
|                    FINALIZING TREE SEARCH                        |
--------------------------------------------------------------------
Performs final model parameters optimization
Estimate model parameters (epsilon = 0.010)
1. Initial log-likelihood: -27193.325
Optimal log-likelihood: -27193.325
Parameters optimization took 1 rounds (0.054 sec)
BEST SCORE FOUND : -27193.325

Testing tree branches by SH-like aLRT with 1000 replicates...
0.770 sec.
Creating bootstrap support values...
Split supports printed to NEXUS file /data/leuven/358/vsc35887/master_thesis/iqtree_output/refolded_fullglyco_E1_famsa_iqtree/refolded_fullglyco_E1_3di_famsa_trim35.splits.nex
Total tree length: 30.170

Total number of iterations: 900
CPU time used for tree search: 716.755 sec (0h:11m:56s)
Wall-clock time used for tree search: 723.341 sec (0h:12m:3s)
Total CPU time used: 769.220 sec (0h:12m:49s)
Total wall-clock time used: 759.206 sec (0h:12m:39s)

Computing bootstrap consensus tree...
Reading input file /data/leuven/358/vsc35887/master_thesis/iqtree_output/refolded_fullglyco_E1_famsa_iqtree/refolded_fullglyco_E1_3di_famsa_trim35.splits.nex...
190 taxa and 1801 splits.
Consensus tree written to /data/leuven/358/vsc35887/master_thesis/iqtree_output/refolded_fullglyco_E1_famsa_iqtree/refolded_fullglyco_E1_3di_famsa_trim35.contree
Reading input trees file /data/leuven/358/vsc35887/master_thesis/iqtree_output/refolded_fullglyco_E1_famsa_iqtree/refolded_fullglyco_E1_3di_famsa_trim35.contree
Log-likelihood of consensus tree: -27198.183

Analysis results written to: 
  IQ-TREE report:                /data/leuven/358/vsc35887/master_thesis/iqtree_output/refolded_fullglyco_E1_famsa_iqtree/refolded_fullglyco_E1_3di_famsa_trim35.iqtree
  Maximum-likelihood tree:       /data/leuven/358/vsc35887/master_thesis/iqtree_output/refolded_fullglyco_E1_famsa_iqtree/refolded_fullglyco_E1_3di_famsa_trim35.treefile
  Likelihood distances:          /data/leuven/358/vsc35887/master_thesis/iqtree_output/refolded_fullglyco_E1_famsa_iqtree/refolded_fullglyco_E1_3di_famsa_trim35.mldist

Ultrafast bootstrap approximation results written to:
  Split support values:          /data/leuven/358/vsc35887/master_thesis/iqtree_output/refolded_fullglyco_E1_famsa_iqtree/refolded_fullglyco_E1_3di_famsa_trim35.splits.nex
  Consensus tree:                /data/leuven/358/vsc35887/master_thesis/iqtree_output/refolded_fullglyco_E1_famsa_iqtree/refolded_fullglyco_E1_3di_famsa_trim35.contree
  Screen log file:               /data/leuven/358/vsc35887/master_thesis/iqtree_output/refolded_fullglyco_E1_famsa_iqtree/refolded_fullglyco_E1_3di_famsa_trim35.log

Date and Time: Mon Sep 16 16:23:40 2024
