IQ-TREE multicore version 2.3.6 for Linux x86 64-bit built Aug  4 2024
Developed by Bui Quang Minh, Nguyen Lam Tung, Olga Chernomor, Heiko Schmidt,
Dominik Schrempf, Michael Woodhams, Ly Trong Nhan, Thomas Wong

Host:    r26i27n24 (AVX512, FMA3, 188 GB RAM)
Command: /usr/local/bin/iqtree2 -s refolded_fullglyco_E1_AA_famsa.fas -m TEST -bb 1000 -nt AUTO -pre /data/leuven/358/vsc35887/master_thesis/iqtree_output/refolded_fullglyco_E1_famsa_iqtree/refolded_fullglyco_E1_AA_famsa
Seed:    349136 (Using SPRNG - Scalable Parallel Random Number Generator)
Time:    Mon Sep 16 16:23:41 2024
Kernel:  AVX+FMA - auto-detect threads (16 CPU cores detected)

Reading alignment file refolded_fullglyco_E1_AA_famsa.fas ... Fasta format detected
Reading fasta file: done in 0.00231791 secs using 32.44% CPU
Alignment most likely contains protein sequences
Alignment has 190 sequences with 320 columns, 310 distinct patterns
232 parsimony-informative, 19 singleton sites, 69 constant sites
                                                                                          Gap/Ambiguity  Composition  p-value
Analyzing sequences: done in 4.31873e-05 secs using 1086% CPU
   1  HPHV_Bald_eagle_hepacivirus_E1_170-361_AlphaFold.pdb                                       40.00%    passed     93.86%
   2  HPHV_Bamboo_rat_hepacivirus_OM451124_E1_171-356_AlphaFold.pdb                              41.88%    passed     76.64%
   3  HPHV_Bamboo_rat_hepacivirus_OM480528_E1_171-357_AlphaFold.pdb                              41.56%    passed     74.97%
   4  HPHV_Bat_hepacivirus_BK013349_E1_149-356_AlphaFold.pdb                                     35.00%    passed     86.76%
   5  HPHV_Bat_hepacivirus_TA166TZA2013_E1_138-324_AlphaFold.pdb                                 41.56%    passed     90.08%
   6  HPHV_Catfish_hepacivirus_E1_355-549_AlphaFold.pdb                                          39.06%    passed     74.13%
   7  HPHV_Chaetodon_aureofaciatus_hepacivirus_isolate_F25_E1_180-366_AlphaFold.pdb              41.56%    passed     47.82%
   8  HPHV_Chinese_broad-headed_pond_turtle_hepacivirus_E1_298-486_AlphaFold.pdb                 40.94%    passed     35.58%
   9  HPHV_Chinese_softshell_turtle_hepacivirus_E1_301-487_AlphaFold.pdb                         41.56%    passed     26.45%
  10  HPHV_Crab_eating_macaque_hepacivirus_E1_174-383_AlphaFold.pdb                              34.38%    passed     49.05%
  11  HPHV_Cyprichromis_hepacivirus_E1_102-279_AlphaFold.pdb                                     44.38%    passed     87.25%
  12  HPHV_Duck_hepacivirus_HCL-1_E1_289-481_AlphaFold.pdb                                       39.69%    passed     94.04%
  13  HPHV_Equine_hepacivirus_E1_205-391_AlphaFold.pdb                                           41.56%    passed     25.00%
  14  HPHV_Gecko_hepacivirus_E1_311-502_AlphaFold.pdb                                            40.00%    passed     73.57%
  15  HPHV_Gerbil_hepacivirus_E1_219-405_AlphaFold.pdb                                           41.56%    passed     45.31%
  16  HPHV_Guangxi_chinese_leopard_gecko_hepacivirus_E1_660-850_AlphaFold.pdb                    40.31%    failed      0.10%
  17  HPHV_Guangxi_houndshark_hepacivirus_E1_344-537_AlphaFold.pdb                               39.38%    passed     67.78%
  18  HPHV_Guereza_hepacivirus_E1_180-392_AlphaFold.pdb                                          33.44%    passed     89.61%
  19  HPHV_Hainan_oriental_leaf-toed_gecko_hepacivirus_E1_219-407_AlphaFold.pdb                  40.94%    passed     58.01%
  20  HPHV_Hepacivirus_F_E1_152-338_AlphaFold.pdb                                                41.56%    passed     70.72%
  21  HPHV_Hepacivirus_F_isolate_MgHV2_E1_146-333_AlphaFold.pdb                                  41.25%    passed     67.90%
  22  HPHV_Hepacivirus_F_isolate_MgHV3_E1_146-332_AlphaFold.pdb                                  41.56%    passed     64.93%
  23  HPHV_Hepacivirus_F_isolate_MgHV4_E1_146-333_AlphaFold.pdb                                  41.25%    passed     63.46%
  24  HPHV_Hepacivirus_F_isolate_NA_E1_180-366_AlphaFold.pdb                                     41.56%    passed     74.53%
  25  HPHV_Hepacivirus_I_E1_180-369_AlphaFold.pdb                                                40.62%    passed     84.72%
  26  HPHV_Hepacivirus_J_isolate_Hepacivirus_RMU10-3382GER2010_E1_164-348_AlphaFold.pdb          42.19%    passed     77.54%
  27  HPHV_Hepacivirus_K_E1_191-383_AlphaFold.pdb                                                39.69%    passed     69.72%
  28  HPHV_Hepacivirus_L_E1_163-363_AlphaFold.pdb                                                37.19%    passed     71.25%
  29  HPHV_Hepacivirus_M_E1_191-382_AlphaFold.pdb                                                40.00%    passed     82.89%
  30  HPHV_Hepacivirus_N_E1_151-347_AlphaFold.pdb                                                38.44%    passed     89.99%
  31  HPHV_Hepacivirus_N_isolate_IME_BovHep_01_E1_148-347_AlphaFold.pdb                          37.50%    passed     64.94%
  32  HPHV_Hepacivirus_P_E1_148-338_AlphaFold.pdb                                                40.31%    passed     91.55%
  33  HPHV_Hepacivirus_Q_strain_GDZQ-15_E1_172-361_AlphaFold.pdb                                 40.62%    passed     66.70%
  34  HPHV_Hepacivirus_horseDH1HUN2013_E1_205-390_AlphaFold.pdb                                  41.88%    passed     22.24%
  35  HPHV_Hepacivirus_sp._E1_201-379_AlphaFold.pdb                                              44.06%    passed     77.94%
  36  HPHV_Hepacivirus_sp._clone_B32_E1_157-338_AlphaFold.pdb                                    43.12%    passed     81.61%
  37  HPHV_Hepatitis_C_virus_genotype_1_E1_192-383_AlphaFold.pdb                                 40.00%    passed     65.21%
  38  HPHV_Hepatitis_C_virus_genotype_2_E1_193-383_AlphaFold.pdb                                 40.31%    failed      0.51%
  39  HPHV_Hepatitis_C_virus_genotype_3_E1_193-383_AlphaFold.pdb                                 40.31%    passed      5.26%
  40  HPHV_Hepatitis_C_virus_genotype_4_E1_193-383_AlphaFold.pdb                                 40.31%    passed     30.61%
  41  HPHV_Hepatitis_C_virus_genotype_5_E1_193-383_AlphaFold.pdb                                 40.31%    passed     89.00%
  42  HPHV_Hepatitis_C_virus_genotype_6_E1_193-383_AlphaFold.pdb                                 40.31%    passed     84.86%
  43  HPHV_Hepatitis_C_virus_genotype_7_E1_192-383_AlphaFold.pdb                                 40.00%    passed     52.68%
  44  HPHV_Hepatitis_GB_virus_B_E1_157-349_AlphaFold.pdb                                         39.69%    passed     99.23%
  45  HPHV_Jingmen_Rhinolophus_sinicus_hepacivirus_E1_159-357_AlphaFold.pdb                      37.81%    passed     93.37%
  46  HPHV_Jogalong_virus_P1-10_E1_88-278_AlphaFold.pdb                                          40.31%    failed      0.48%
  47  HPHV_Longquan_Niviventer_fulvescens_hepacivirus_1_E1_265-459_AlphaFold.pdb                 39.06%    passed     99.87%
  48  HPHV_Longquan_Niviventer_niviventer_hepacivirus_1_E1_253-458_AlphaFold.pdb                 35.62%    passed     96.78%
  49  HPHV_Longquan_Rhinolophus_pusillus_hepacivirus_E1_157-362_AlphaFold.pdb                    35.62%    passed     74.61%
  50  HPHV_Mutant_Hepacivirus_clone_S83cc_E1_193-383_AlphaFold.pdb                               40.31%    passed     53.03%
  51  HPHV_Mutant_Hepacivirus_clone_T9cc_E1_193-383_AlphaFold.pdb                                40.31%    failed      1.34%
  52  HPHV_Nanhai_ghost_shark_hepacivirus_1_E1_2-119_AlphaFold.pdb                               63.12%    passed     85.80%
  53  HPHV_Nanhai_ghost_shark_hepacivirus_2_E1_213-403_AlphaFold.pdb                             40.31%    passed     60.61%
  54  HPHV_Non-primate_hepacivirus_NZP1_E1_205-391_AlphaFold.pdb                                 41.56%    passed      5.63%
  55  HPHV_Non-primate_hepacivirus_strain_CU_isolate_III_E1_205-387_AlphaFold.pdb                42.81%    passed     24.90%
  56  HPHV_Northern_treeshrew_hepacivirus_E1_155-346_AlphaFold.pdb                               40.00%    passed     88.74%
  57  HPHV_Norway_rat_hepacivirus_1_E1_246-449_AlphaFold.pdb                                     36.25%    passed     71.57%
  58  HPHV_Norway_rat_hepacivirus_2_E1_164-382_AlphaFold.pdb                                     31.56%    passed     84.62%
  59  HPHV_Possum_hepacivrus_E1_166-342_AlphaFold.pdb                                            44.69%    passed     45.55%
  60  HPHV_Recombinant_Hepacivirus_E1_193-383_AlphaFold.pdb                                      40.31%    passed     21.40%
  61  HPHV_Rhizomys_pruinosus_hepacivirus_E1_176-361_AlphaFold.pdb                               41.88%    passed     70.70%
  62  HPHV_Ringtail_hepacivirus_E1_164-353_AlphaFold.pdb                                         40.62%    passed     84.57%
  63  HPHV_Rodent_hepacivirus_05VZ-14-118_E1_170-357_AlphaFold.pdb                               41.25%    passed     39.89%
  64  HPHV_Rodent_hepacivirus_B349PAN2014_E1_164-351_AlphaFold.pdb                               41.25%    passed      7.14%
  65  HPHV_Rodent_hepacivirus_CRT125-BCOD2010_E1_183-365_AlphaFold.pdb                           42.81%    passed     49.62%
  66  HPHV_Rodent_hepacivirus_CRT352-BCOD2010_E1_173-356_AlphaFold.pdb                           42.50%    passed     57.03%
  67  HPHV_Rodent_hepacivirus_CRT382COD2010_E1_252-436_AlphaFold.pdb                             42.19%    passed     95.03%
  68  HPHV_Rodent_hepacivirus_CRT490-BCOD2010_E1_183-365_AlphaFold.pdb                           42.81%    passed     28.74%
  69  HPHV_Rodent_hepacivirus_CRT64-ACOD2010_E1_183-365_AlphaFold.pdb                            42.81%    passed     56.93%
  70  HPHV_Rodent_hepacivirus_CRT682COD2010_E1_173-368_AlphaFold.pdb                             38.75%    passed     69.88%
  71  HPHV_Rodent_hepacivirus_E1_167-353_AlphaFold.pdb                                           41.56%    passed     39.76%
  72  HPHV_Rodent_hepacivirus_MOZ329-AMOZ2011_E1_183-367_AlphaFold.pdb                           42.19%    passed     60.17%
  73  HPHV_Rodent_hepacivirus_MOZ329-CMOZ2011_E1_252-435_AlphaFold.pdb                           42.50%    passed     96.55%
  74  HPHV_Rodent_hepacivirus_RO22799BeAn812052_E1_168-355_AlphaFold.pdb                         41.25%    passed     65.32%
  75  HPHV_Rodent_hepacivirus_TA085TZA2013_E1_223-407_AlphaFold.pdb                              42.19%    passed     83.87%
  76  HPHV_Rodent_hepacivirus_TA100-ATZA2013_E1_173-355_AlphaFold.pdb                            42.81%    passed     63.24%
  77  HPHV_Rodent_hepacivirus_TA142TZA2013_E1_168-351_AlphaFold.pdb                              42.50%    passed     73.50%
  78  HPHV_Rodent_hepacivirus_TA498-ATZA2013_E1_213-395_AlphaFold.pdb                            42.81%    passed     24.95%
  79  HPHV_Rodent_hepacivirus_TA498-CTZA2013_E1_251-435_AlphaFold.pdb                            42.19%    passed     93.08%
  80  HPHV_Rodent_hepacivirus_TA531-ATZA2013_E1_183-365_AlphaFold.pdb                            42.81%    passed     56.44%
  81  HPHV_Rodent_hepacivirus_TZ25757TZA2011_E1_181-367_AlphaFold.pdb                            41.56%    passed     46.51%
  82  HPHV_Rodent_hepacivirus_rn-1_E1_246-450_AlphaFold.pdb                                      35.94%    passed     75.69%
  83  HPHV_Rodent_hepacvirus_RtAs-HCVIM2014_E1_220-403_AlphaFold.pdb                             42.50%    passed     69.56%
  84  HPHV_Rodent_hepacvirus_RtMc-HCVTibet2014_E1_145-332_AlphaFold.pdb                          41.25%    passed     28.72%
  85  HPHV_Sifaka_hepacivirus_MH824541_E1_200-394_AlphaFold.pdb                                  39.06%    passed     93.82%
  86  HPHV_Sifaka_hepacivirus_MT371438_E1_202-393_AlphaFold.pdb                                  40.00%    passed     89.78%
  87  HPHV_Sigmodontinae_hepacivirus_E1_170-367_AlphaFold.pdb                                    38.12%    passed     93.31%
  88  HPHV_Viviparous_lizard_hepacivirus_E1_465-667_AlphaFold.pdb                                36.56%    passed     69.63%
  89  HPHV_Wenling_shark_virus_E1_301-494_AlphaFold.pdb                                          39.38%    passed     74.16%
  90  HPHV_Wenzhou_Apodemus_agrarius_hepacivirus_1_E1_161-344_AlphaFold.pdb                      42.50%    passed     60.40%
  91  HPHV_Wenzhou_Suncus_murinus_hepacivirus_1_E1_159-344_AlphaFold.pdb                         41.88%    passed     40.98%
  92  HPHV_Western_African_lungfish_hepacivirus_E1_382-570_AlphaFold.pdb                         40.94%    passed     49.72%
  93  HPHV_White_sucker_hepacivirus_E1_381-571_AlphaFold.pdb                                     40.31%    passed     93.01%
  94  HPHV_Wufeng_Niviventer_fulvescens_hepacivirus_1_E1_212-403_AlphaFold.pdb                   40.00%    passed     99.67%
  95  HPHV_Wufeng_Niviventer_niviventer_hepacivirus_1_E1_213-405_AlphaFold.pdb                   39.69%    passed     99.30%
  96  HPHV_Wufeng_Typhlomys_cinereus_hepacivirus_1_E1_173-367_AlphaFold.pdb                      39.06%    passed     41.36%
  97  HPHV_Wufeng_Typhlomys_cinereus_hepacivirus_2_E1_174-359_AlphaFold.pdb                      41.88%    passed     54.86%
  98  HPHV_Wufeng_Typhlomys_cinereus_hepacivirus_3_E1_168-353_AlphaFold.pdb                      41.88%    passed      5.23%
  99  HPHV_Xiamen_guitarfish_hepacivirus_E1_370-557_AlphaFold.pdb                                41.25%    passed     99.22%
 100  HPHV_Xiamen_sepia_Stingray_hepacivirus_E1_430-621_AlphaFold.pdb                            40.00%    passed     44.13%
 101  HPHV_Yili_teratoscincus_roborowskii_hepacivirus_E1_672-861_AlphaFold.pdb                   40.62%    passed     48.73%
 102  HPPV_Bat_GB-like_virus_E1_22-217_AlphaFold.pdb                                             38.75%    passed     30.90%
 103  HPPV_Bat_pegivirus_PDB-1734_E1_162-347_AlphaFold.pdb                                       41.88%    passed     48.48%
 104  HPPV_Bat_pegivirus_PDB-24_E1_30-214_AlphaFold.pdb                                          42.19%    passed     17.42%
 105  HPPV_Bat_pegivirus_PDB-303_E1_23-220_AlphaFold.pdb                                         38.12%    passed     30.87%
 106  HPPV_Bat_pegivirus_PDB-34.1_E1_289-471_AlphaFold.pdb                                       42.81%    passed     97.54%
 107  HPPV_Bat_pegivirus_PDB-491.2_E1_104-287_AlphaFold.pdb                                      42.50%    failed      1.96%
 108  HPPV_Bat_pegivirus_PDB-694_E1_61-256_AlphaFold.pdb                                         38.75%    passed     44.86%
 109  HPPV_Bat_pegivirus_PDB-737B_E1_58-242_AlphaFold.pdb                                        42.19%    passed     57.86%
 110  HPPV_Bat_pegivirus_PDB-838_E1_102-284_AlphaFold.pdb                                        42.81%    passed     64.77%
 111  HPPV_Chimpanzee_GB_virus_C_E1_21-207_AlphaFold.pdb                                         41.56%    passed     45.63%
 112  HPPV_Dolphin_pegivirus_E1_33-218_AlphaFold.pdb                                             41.88%    passed     36.50%
 113  HPPV_Dremomys_pernyi_pegivirus_isolate_SC_C7-54.2_2022_E1_197-379_AlphaFold.pdb            42.81%    passed     65.72%
 114  HPPV_Eospalax_rufescens_pegivirus_isolate_SC_C3-19.2_2021_E1_212-398_AlphaFold.pdb         41.56%    passed     51.82%
 115  HPPV_Equine_Pegivirus_E1_55-232_AlphaFold.pdb                                              44.38%    failed      0.36%
 116  HPPV_Feline_pegivirus_E1_31-210_AlphaFold.pdb                                              43.75%    passed     84.67%
 117  HPPV_GB_virus_E1_62-249_AlphaFold.pdb                                                      41.25%    passed     25.80%
 118  HPPV_Goose_pegivirus_1_E1_33-220_AlphaFold.pdb                                             41.25%    passed     37.16%
 119  HPPV_Goose_pegivirus_2_E1_29-214_AlphaFold.pdb                                             41.88%    passed     29.24%
 120  HPPV_Hepatitis_GB_virus_A_E1_98-271_AlphaFold.pdb                                          45.62%    passed     57.23%
 121  HPPV_Hepatitis_G_virus_AB018667.1_E1_20-206_AlphaFold.pdb                                  41.56%    passed     39.27%
 122  HPPV_Hepatitis_G_virus_AB021287.1_E1_20-206_AlphaFold.pdb                                  41.56%    passed     46.46%
 123  HPPV_Hepatitis_G_virus_HGV-T55875_E1_52-237_AlphaFold.pdb                                  41.88%    passed     38.87%
 124  HPPV_Hepatitis_G_virus_U94695.1_E1_53-237_AlphaFold.pdb                                    42.19%    passed     30.40%
 125  HPPV_Hepatitis_G_virus_isolate_765_E1_88-274_AlphaFold.pdb                                 41.56%    passed     49.91%
 126  HPPV_Human_hepegivirus_E1_111-315_AlphaFold.pdb                                            35.94%    passed     36.54%
 127  HPPV_Leucosticte_brandti_pegivirus_XZN_E1_28-217_AlphaFold.pdb                             40.62%    passed     87.54%
 128  HPPV_Longquan_Niviventer_fulvescens_pegivirus_E1_225-423_AlphaFold.pdb                     37.81%    passed     55.28%
 129  HPPV_Longquan_Niviventer_niviventer_pegivirus_E1_233-416_AlphaFold.pdb                     42.50%    passed     47.77%
 130  HPPV_Longquan_Rhinolophus_pearsonii_pegivirus_E1_67-245_AlphaFold.pdb                      44.06%    passed     97.67%
 131  HPPV_Marmoset_pegivirus_E1_22-198_AlphaFold.pdb                                            44.69%    failed      0.88%
 132  HPPV_Montifringilla_taczanowskii_pegivirus_E1_28-222_AlphaFold.pdb                         39.06%    passed     78.22%
 133  HPPV_Nabpantry_virus_9_E1_21-205_AlphaFold.pdb                                             42.19%    passed     71.72%
 134  HPPV_Passer_montanus_pegivirus_GXN_E1_27-210_AlphaFold.pdb                                 42.50%    passed     56.48%
 135  HPPV_Pegivirus_A_56330218_E1_20-206_AlphaFold.pdb                                          41.56%    passed     51.90%
 136  HPPV_Pegivirus_A_89859249_E1_65-251_AlphaFold.pdb                                          41.56%    passed     45.77%
 137  HPPV_Pegivirus_D_E1_22-206_AlphaFold.pdb                                                   42.19%    passed     42.76%
 138  HPPV_Pegivirus_G_E1_285-477_AlphaFold.pdb                                                  39.69%    passed     74.66%
 139  HPPV_Pegivirus_I_E1_21-212_AlphaFold.pdb                                                   40.00%    passed     14.25%
 140  HPPV_Pegivirus_K_E1_20-208_AlphaFold.pdb                                                   40.94%    passed     12.48%
 141  HPPV_Phaiomys_leucurus_pegivirus_E1_247-430_AlphaFold.pdb                                  42.50%    passed     17.25%
 142  HPPV_Rodent_pegivirus_05VZ-14-Rat070_E1_233-413_AlphaFold.pdb                              43.44%    passed     70.93%
 143  HPPV_Rodent_pegivirus_RPgV-IND079_E1_231-413_AlphaFold.pdb                                 42.81%    passed     73.53%
 144  HPPV_Rodent_pegivirus_isolate_CC61_E1_226-411_AlphaFold.pdb                                41.88%    passed     60.31%
 145  HPPV_Simian_pegivirus_SPgVkrc_RC08_E1_21-207_AlphaFold.pdb                                 41.56%    passed     25.57%
 146  HPPV_Simian_pegivirus_VGA00020_E1_21-207_AlphaFold.pdb                                     41.56%    passed     19.80%
 147  HPPV_Simian_pegivirus_myb_M77_E1_21-207_AlphaFold.pdb                                      41.56%    passed     18.80%
 148  HPPV_Southwest_bike_trail_virus_E1_180-362_AlphaFold.pdb                                   42.81%    passed     34.39%
 149  HPPV_Ticpantry_virus_3_E1_102-286_AlphaFold.pdb                                            42.19%    passed     13.23%
 150  HPPV_Tree_shrew_pegivirus_E1_161-347_AlphaFold.pdb                                         41.56%    passed     96.34%
 151  HPPV_Wenzhou_Rattus_norvegicus_pegivirus_1_E1_207-398_AlphaFold.pdb                        40.00%    passed     42.15%
 152  HPPV_Wenzhou_Rattus_tanezumi_pegivirus_1_E1_225-408_AlphaFold.pdb                          42.50%    passed     37.15%
 153  HPPV_Wufeng_Blarinella_griselda_pegivirus_1_E1_167-351_AlphaFold.pdb                       42.19%    passed     15.08%
 154  HPPV_Wufeng_Crocidura_attenuata_pegivirus_1_E1_167-348_AlphaFold.pdb                       43.12%    passed     28.62%
 155  HPPV_Wufeng_Niviventer_fulvescens_pegivirus_1_E1_223-415_AlphaFold.pdb                     39.69%    passed     65.50%
 156  HPUN_Wenling_moray_eel_hepacivirus_E1_286-472_AlphaFold.pdb                                41.56%    failed      0.01%
 157  PLPV_Atypical_porcine_pestivirus_E1_502-700_AlphaFold.pdb                                  37.81%    failed      0.07%
 158  PLPV_Bat_pestivirus_BtSk-PestV-1GX2017_E1_503-701_AlphaFold.pdb                            37.81%    failed      0.28%
 159  PLPV_Border_disease_virus_X818_E1_496-690_AlphaFold.pdb                                    39.06%    passed     43.43%
 160  PLPV_Bovine_viral_diarrhea_virus_1_E1_498-692_AlphaFold.pdb                                39.06%    passed     46.08%
 161  PLPV_Bovine_viral_diarrhea_virus_2_E1_498-692_AlphaFold.pdb                                39.06%    passed     53.36%
 162  PLPV_Bovine_viral_diarrhea_virus_3_Th04_KhonKaen_E1_496-690_AlphaFold.pdb                  39.06%    passed     84.04%
 163  PLPV_Classical_swine_fever_virus_E1_496-689_AlphaFold.pdb                                  39.38%    passed     56.83%
 164  PLPV_Dongyang_pangolin_virus_isolate_DYCS_E1_476-667_AlphaFold.pdb                         40.00%    failed      0.00%
 165  PLPV_Frog_pestivirus_E1_897-1094_AlphaFold.pdb                                             38.12%    passed      7.90%
 166  PLPV_Glass_knifefish_pestivirus_E1_1023-1197_AlphaFold.pdb                                 45.31%    passed     84.05%
 167  PLPV_Jingmen_Crocidura_shantungensis_pestivirus_1_E1_329-526_AlphaFold.pdb                 38.12%    passed     42.92%
 168  PLPV_Linda_virus_strain_Austria1_E1_508-702_AlphaFold.pdb                                  39.06%    passed     33.68%
 169  PLPV_Norway_rat_pestivirus_isolate_NrPVNYC-D23_E1_638-834_AlphaFold.pdb                    38.44%    passed     43.27%
 170  PLPV_Pangolin_pestivirus_1_isolate_ZJ-F1_E1_501-699_AlphaFold.pdb                          37.81%    failed      0.02%
 171  PLPV_Pangolin_pestivirus_strain_PPeVBIME1P019Tpangolin2018_E1_476-673_AlphaFold.pdb        38.12%    failed      4.04%
 172  PLPV_Pangolin_pestivirus_strain_PPeVBIME3P019Tpangolin2018_E1_477-673_AlphaFold.pdb        38.44%    failed      0.00%
 173  PLPV_Pangolin_pestivirus_strain_PPeVBIME5P141Tpangolin2018_E1_476-674_AlphaFold.pdb        37.81%    failed      0.00%
 174  PLPV_Pangolin_pestivirus_strain_PPeVBIME6P141Tpangolin2018_E1_505-702_AlphaFold.pdb        38.12%    failed      0.00%
 175  PLPV_Pangolin_pestivirus_strain_PPeVBIME6P226Tpangolin2018_E1_508-703_AlphaFold.pdb        38.75%    failed      0.37%
 176  PLPV_Pangolin_pestivirus_strain_PPeVBIME7P022Tpangolin2018_E1_476-673_AlphaFold.pdb        38.12%    failed      0.61%
 177  PLPV_Pestivirus_Burdur05-TR_E1_496-690_AlphaFold.pdb                                       39.06%    passed     23.17%
 178  PLPV_Pestivirus_PG-2_E1_495-688_AlphaFold.pdb                                              39.38%    passed     17.83%
 179  PLPV_Pestivirus_giraffe-1_H138_E1_494-688_AlphaFold.pdb                                    39.06%    passed     28.49%
 180  PLPV_Pestivirus_reindeer-1_V60-Krefeld_E1_496-690_AlphaFold.pdb                            39.06%    passed     42.73%
 181  PLPV_Pestivirus_sp._isolate_ovineIt338710-32017_E1_495-689_AlphaFold.pdb                   39.06%    passed     35.42%
 182  PLPV_Pestivirus_strain_Aydin04-TR_E1_496-690_AlphaFold.pdb                                 39.06%    passed     19.31%
 183  PLPV_Phocoena_pestivirus_isolate_NS170386_E1_339-536_AlphaFold.pdb                         38.12%    passed      9.86%
 184  PLPV_Porcine_pestivirus_isolate_Bungowannah_E1_498-694_AlphaFold.pdb                       38.44%    failed      1.90%
 185  PLPV_Pronghorn_antelope_pestivirus_E1_493-687_AlphaFold.pdb                                39.06%    passed     76.85%
 186  PLPV_Rodent_pestivirus_isolate_RtAp-PestVJL2014_E1_624-819_AlphaFold.pdb                   38.75%    passed     26.81%
 187  PLPV_Rodent_pestivirus_isolate_RtNn-PestVHuB2014_E1_635-832_AlphaFold.pdb                  38.12%    passed     39.75%
 188  PLPV_Tunisian_small_ruminant_pestivirus_strain_920192007AG_E1_495-689_AlphaFold.pdb        39.06%    passed     22.26%
 189  PLPV_Wenzhou_Pipistrellus_abramus_pestivirus_1_isolate_YJB_Pabr_E1_502-698_AlphaFold.pdb   38.44%    passed     18.49%
 190  PLPV_Zikole_virus_E1_503-702_AlphaFold.pdb                                                 37.50%    failed      0.45%
WARNING: 1 sequences contain more than 50% gaps/ambiguity
****  TOTAL                                                                                      40.62%  20 sequences failed composition chi2 test (p-value<5%; df=19)


Create initial parsimony tree by phylogenetic likelihood library (PLL)... 0.040 seconds
Measuring multi-threading efficiency up to 16 CPU cores
Increase to 10 rounds for branch lengths
10 trees examined
Threads: 1 / Time: 16.262 sec / Speedup: 1.000 / Efficiency: 100% / LogL: -80778
Threads: 2 / Time: 11.084 sec / Speedup: 1.467 / Efficiency: 73% / LogL: -80778
Threads: 3 / Time: 8.694 sec / Speedup: 1.870 / Efficiency: 62% / LogL: -80778
Threads: 4 / Time: 7.009 sec / Speedup: 2.320 / Efficiency: 58% / LogL: -80778
Threads: 5 / Time: 6.152 sec / Speedup: 2.644 / Efficiency: 53% / LogL: -80778
Threads: 6 / Time: 5.754 sec / Speedup: 2.826 / Efficiency: 47% / LogL: -80778
BEST NUMBER OF THREADS: 5

Perform fast likelihood tree search using LG+I+G model...
Estimate model parameters (epsilon = 5.000)
Perform nearest neighbor interchange...
Estimate model parameters (epsilon = 1.000)
1. Initial log-likelihood: -45948.707
Optimal log-likelihood: -45948.414
Proportion of invariable sites: 0.000
Gamma shape alpha: 1.396
Parameters optimization took 1 rounds (0.198 sec)
Time for fast ML tree search: 3.029 seconds

NOTE: ModelFinder requires 40 MB RAM!
ModelFinder will test up to 224 protein models (sample size: 320 epsilon: 0.100) ...
 No. Model         -LnL         df  AIC          AICc         BIC
  1  LG            47153.733    377 95061.466    380073.466   96482.123
  2  LG+I          47153.244    378 95062.488    381586.488   96486.913
  3  LG+G4         45948.625    378 92653.250    379177.250   94077.676
  4  LG+I+G4       45948.633    379 92655.265    380695.265   94083.459
  7  LG+F+G4       45919.850    397 92633.700    408645.700   94129.724
  8  LG+F+I+G4     45919.821    398 92635.642    410239.642   94135.434
 11  WAG+G4        46052.573    378 92861.146    379385.146   94285.571
 12  WAG+I+G4      46052.556    379 92863.113    380903.113   94291.307
 15  WAG+F+G4      45794.631    397 92383.261    408395.261   93879.285
 16  WAG+F+I+G4    45794.628    398 92385.256    409989.256   93885.048
 19  JTT+G4        46483.603    378 93723.206    380247.206   95147.632
 20  JTT+I+G4      46483.610    379 93725.219    381765.219   95153.413
 23  JTT+F+G4      46315.364    397 93424.727    409436.727   94920.751
 24  JTT+F+I+G4    46315.363    398 93426.727    411030.727   94926.519
WARNING: Normalizing state frequencies so that sum of them equals to 1
 27  Q.pfam+G4     45848.774    378 92453.548    378977.548   93877.973
WARNING: Normalizing state frequencies so that sum of them equals to 1
 28  Q.pfam+I+G4   45848.756    379 92455.511    380495.511   93883.705
WARNING: Normalizing state frequencies so that sum of them equals to 1
 31  Q.pfam+F+G4   45991.466    397 92776.931    408788.931   94272.955
WARNING: Normalizing state frequencies so that sum of them equals to 1
 32  Q.pfam+F+I+G4 45991.461    398 92778.922    410382.922   94278.714
WARNING: Normalizing state frequencies so that sum of them equals to 1
 35  Q.bird+G4     47400.091    378 95556.182    382080.182   96980.607
WARNING: Normalizing state frequencies so that sum of them equals to 1
 36  Q.bird+I+G4   47400.048    379 95558.097    383598.097   96986.290
WARNING: Normalizing state frequencies so that sum of them equals to 1
 39  Q.bird+F+G4   47419.448    397 95632.897    411644.897   97128.920
WARNING: Normalizing state frequencies so that sum of them equals to 1
 40  Q.bird+F+I+G4 47419.427    398 95634.853    413238.853   97134.645
WARNING: Normalizing state frequencies so that sum of them equals to 1
 43  Q.mammal+G4   47050.928    378 94857.855    381381.855   96282.280
WARNING: Normalizing state frequencies so that sum of them equals to 1
 44  Q.mammal+I+G4 47050.927    379 94859.854    382899.854   96288.047
WARNING: Normalizing state frequencies so that sum of them equals to 1
 47  Q.mammal+F+G4 47020.453    397 94834.906    410846.906   96330.929
WARNING: Normalizing state frequencies so that sum of them equals to 1
 48  Q.mammal+F+I+G4 47020.447    398 94836.894    412440.894   96336.686
 51  Q.insect+G4   46436.010    378 93628.019    380152.019   95052.445
 52  Q.insect+I+G4 46436.004    379 93630.008    381670.008   95058.201
 55  Q.insect+F+G4 46310.593    397 93415.186    409427.186   94911.209
 56  Q.insect+F+I+G4 46310.591    398 93417.182    411021.182   94916.974
WARNING: Normalizing state frequencies so that sum of them equals to 1
 59  Q.plant+G4    46692.573    378 94141.147    380665.147   95565.572
WARNING: Normalizing state frequencies so that sum of them equals to 1
 60  Q.plant+I+G4  46692.564    379 94143.128    382183.128   95571.321
WARNING: Normalizing state frequencies so that sum of them equals to 1
 63  Q.plant+F+G4  46750.026    397 94294.053    410306.053   95790.076
WARNING: Normalizing state frequencies so that sum of them equals to 1
 64  Q.plant+F+I+G4 46750.007    398 94296.013    411900.013   95795.805
WARNING: Normalizing state frequencies so that sum of them equals to 1
 67  Q.yeast+G4    46495.213    378 93746.426    380270.426   95170.851
WARNING: Normalizing state frequencies so that sum of them equals to 1
 68  Q.yeast+I+G4  46495.210    379 93748.420    381788.420   95176.613
WARNING: Normalizing state frequencies so that sum of them equals to 1
 71  Q.yeast+F+G4  46296.063    397 93386.126    409398.126   94882.149
WARNING: Normalizing state frequencies so that sum of them equals to 1
 72  Q.yeast+F+I+G4 46296.066    398 93388.133    410992.133   94887.925
 75  JTTDCMut+G4   46480.199    378 93716.399    380240.399   95140.824
 76  JTTDCMut+I+G4 46480.194    379 93718.389    381758.389   95146.583
 79  JTTDCMut+F+G4 46308.185    397 93410.371    409422.371   94906.394
 80  JTTDCMut+F+I+G4 46308.199    398 93412.398    411016.398   94912.190
 83  DCMut+G4      46821.961    378 94399.921    380923.921   95824.347
 84  DCMut+I+G4    46821.954    379 94401.909    382441.909   95830.102
 87  DCMut+F+G4    46212.701    397 93219.401    409231.401   94715.425
 88  DCMut+F+I+G4  46212.663    398 93221.327    410825.327   94721.118
 91  VT+G4         46116.178    378 92988.357    379512.357   94412.782
 92  VT+I+G4       46116.182    379 92990.364    381030.364   94418.558
 95  VT+F+G4       45959.580    397 92713.160    408725.160   94209.184
 96  VT+F+I+G4     45959.575    398 92715.149    410319.149   94214.941
 99  PMB+G4        45963.179    378 92682.358    379206.358   94106.784
100  PMB+I+G4      45963.177    379 92684.355    380724.355   94112.548
103  PMB+F+G4      45859.039    397 92512.079    408524.079   94008.102
104  PMB+F+I+G4    45859.032    398 92514.064    410118.064   94013.856
107  Blosum62+G4   46076.071    378 92908.142    379432.142   94332.568
108  Blosum62+I+G4 46076.068    379 92910.136    380950.136   94338.330
111  Blosum62+F+G4 45902.000    397 92597.999    408609.999   94094.023
112  Blosum62+F+I+G4 45902.006    398 92600.012    410204.012   94099.804
115  Dayhoff+G4    46823.558    378 94403.117    380927.117   95827.542
116  Dayhoff+I+G4  46823.543    379 94405.086    382445.086   95833.280
119  Dayhoff+F+G4  46214.383    397 93222.766    409234.766   94718.790
120  Dayhoff+F+I+G4 46214.336    398 93224.672    410828.672   94724.463
123  mtREV+G4      48274.528    378 97305.056    383829.056   98729.481
124  mtREV+I+G4    48274.529    379 97307.058    385347.058   98735.252
127  mtREV+F+G4    47006.027    397 94806.055    410818.055   96302.078
128  mtREV+F+I+G4  47006.024    398 94808.048    412412.048   96307.840
131  mtART+G4      48621.369    378 97998.739    384522.739   99423.164
132  mtART+I+G4    48621.371    379 98000.742    386040.742   99428.936
135  mtART+F+G4    47701.054    397 96196.108    412208.108   97692.131
136  mtART+F+I+G4  47701.055    398 96198.110    413802.110   97697.901
139  mtZOA+G4      47317.197    378 95390.393    381914.393   96814.819
140  mtZOA+I+G4    47317.181    379 95392.363    383432.363   96820.556
143  mtZOA+F+G4    46983.293    397 94760.586    410772.586   96256.610
144  mtZOA+F+I+G4  46983.279    398 94762.559    412366.559   96262.350
147  mtMet+G4      48275.621    378 97307.243    383831.243   98731.668
148  mtMet+I+G4    48275.613    379 97309.226    385349.226   98737.420
151  mtMet+F+G4    47017.145    397 94828.291    410840.291   96324.314
152  mtMet+F+I+G4  47017.134    398 94830.267    412434.267   96330.059
155  mtVer+G4      48828.231    378 98412.462    384936.462   99836.888
156  mtVer+I+G4    48828.225    379 98414.450    386454.450   99842.643
159  mtVer+F+G4    47659.984    397 96113.969    412125.969   97609.992
160  mtVer+F+I+G4  47659.983    398 96115.967    413719.967   97615.759
163  mtInv+G4      48361.853    378 97479.706    384003.706   98904.132
164  mtInv+I+G4    48361.820    379 97481.640    385521.640   98909.833
167  mtInv+F+G4    46617.090    397 94028.179    410040.179   95524.203
168  mtInv+F+I+G4  46617.056    398 94030.112    411634.112   95529.904
171  mtMAM+G4      49598.984    378 99953.968    386477.968   101378.394
172  mtMAM+I+G4    49598.984    379 99955.968    387995.968   101384.162
175  mtMAM+F+G4    48206.029    397 97206.059    413218.059   98702.082
176  mtMAM+F+I+G4  48206.021    398 97208.041    414812.041   98707.833
WARNING: Normalizing state frequencies so that sum of them equals to 1
179  FLAVI+G4      48226.983    378 97209.967    383733.967   98634.392
WARNING: Normalizing state frequencies so that sum of them equals to 1
180  FLAVI+I+G4    48226.947    379 97211.893    385251.893   98640.087
WARNING: Normalizing state frequencies so that sum of them equals to 1
183  FLAVI+F+G4    48154.079    397 97102.159    413114.159   98598.182
WARNING: Normalizing state frequencies so that sum of them equals to 1
184  FLAVI+F+I+G4  48154.074    398 97104.148    414708.148   98603.940
187  HIVb+G4       47816.240    378 96388.481    382912.481   97812.906
188  HIVb+I+G4     47816.249    379 96390.497    384430.497   97818.691
191  HIVb+F+G4     47516.331    397 95826.663    411838.663   97322.686
192  HIVb+F+I+G4   47516.021    398 95828.042    413432.042   97327.833
195  HIVw+G4       49904.440    378 100564.879   387088.879   101989.305
196  HIVw+I+G4     49904.444    379 100566.888   388606.888   101995.082
199  HIVw+F+G4     48427.152    397 97648.305    413660.305   99144.328
200  HIVw+F+I+G4   48427.135    398 97650.270    415254.270   99150.062
203  FLU+G4        47264.077    378 95284.154    381808.154   96708.579
204  FLU+I+G4      47263.801    379 95285.602    383325.602   96713.795
207  FLU+F+G4      46341.324    397 93476.648    409488.648   94972.672
208  FLU+F+I+G4    46341.295    398 93478.590    411082.590   94978.381
211  rtREV+G4      46409.710    378 93575.420    380099.420   94999.845
212  rtREV+I+G4    46409.703    379 93577.405    381617.405   95005.599
215  rtREV+F+G4    46187.613    397 93169.227    409181.227   94665.250
216  rtREV+F+I+G4  46187.614    398 93171.227    410775.227   94671.019
219  cpREV+G4      46495.954    378 93747.908    380271.908   95172.334
220  cpREV+I+G4    46495.950    379 93749.900    381789.900   95178.093
223  cpREV+F+G4    46327.691    397 93449.382    409461.382   94945.405
224  cpREV+F+I+G4  46327.680    398 93451.361    411055.361   94951.152
Akaike Information Criterion:           WAG+F+G4
Corrected Akaike Information Criterion: Q.pfam+G4
Bayesian Information Criterion:         Q.pfam+G4
Best-fit model: Q.pfam+G4 chosen according to BIC

All model information printed to /data/leuven/358/vsc35887/master_thesis/iqtree_output/refolded_fullglyco_E1_famsa_iqtree/refolded_fullglyco_E1_AA_famsa.model.gz
CPU time for ModelFinder: 593.034 seconds (0h:9m:53s)
Wall-clock time for ModelFinder: 142.945 seconds (0h:2m:22s)
Generating 1000 samples for ultrafast bootstrap (seed: 349136)...
WARNING: Normalizing state frequencies so that sum of them equals to 1

NOTE: 40 MB RAM (0 GB) is required!
Estimate model parameters (epsilon = 0.100)
1. Initial log-likelihood: -45869.348
2. Current log-likelihood: -45849.184
3. Current log-likelihood: -45848.893
Optimal log-likelihood: -45848.878
Gamma shape alpha: 1.306
Parameters optimization took 3 rounds (0.532 sec)
Wrote distance file to... 
Computing ML distances based on estimated model parameters...
Calculating distance matrix: done in 2.06986 secs using 498.9% CPU
Computing ML distances took 2.070209 sec (of wall-clock time) 10.326581 sec (of CPU time)
WARNING: Some pairwise ML distances are too long (saturated)
Setting up auxiliary I and S matrices: done in 0.000422923 secs using 385.6% CPU
Computing RapidNJ tree took 0.063812 sec (of wall-clock time) 0.112401 sec (of CPU time)
Log-likelihood of RapidNJ tree: -46122.503
--------------------------------------------------------------------
|             INITIALIZING CANDIDATE TREE SET                      |
--------------------------------------------------------------------
Generating 98 parsimony trees... 4.595 second
Computing log-likelihood of 98 initial trees ... 7.432 seconds
Current best score: -45848.878

Do NNI search on 20 best initial trees
Estimate model parameters (epsilon = 0.100)
BETTER TREE FOUND at iteration 1: -45837.620
Estimate model parameters (epsilon = 0.100)
BETTER TREE FOUND at iteration 2: -45827.476
Estimate model parameters (epsilon = 0.100)
BETTER TREE FOUND at iteration 3: -45821.594
Estimate model parameters (epsilon = 0.100)
BETTER TREE FOUND at iteration 4: -45812.953
Estimate model parameters (epsilon = 0.100)
BETTER TREE FOUND at iteration 6: -45810.093
Iteration 10 / LogL: -45834.117 / Time: 0h:2m:54s
Iteration 20 / LogL: -45831.634 / Time: 0h:3m:11s
Finish initializing candidate tree set (20)
Current best tree score: -45810.093 / CPU time: 44.271
Number of iterations: 20
--------------------------------------------------------------------
|               OPTIMIZING CANDIDATE TREE SET                      |
--------------------------------------------------------------------
Estimate model parameters (epsilon = 0.100)
BETTER TREE FOUND at iteration 21: -45801.173
Iteration 30 / LogL: -45901.837 / Time: 0h:3m:29s (0h:3m:29s left)
Iteration 40 / LogL: -45815.671 / Time: 0h:3m:47s (0h:2m:54s left)
Iteration 50 / LogL: -45834.825 / Time: 0h:4m:6s (0h:2m:29s left)
Log-likelihood cutoff on original alignment: -45881.285
Estimate model parameters (epsilon = 0.100)
BETTER TREE FOUND at iteration 54: -45797.188
Iteration 60 / LogL: -45805.921 / Time: 0h:4m:29s (0h:3m:21s left)
Estimate model parameters (epsilon = 0.100)
BETTER TREE FOUND at iteration 68: -45795.659
Iteration 70 / LogL: -45818.060 / Time: 0h:4m:49s (0h:3m:28s left)
Iteration 80 / LogL: -45825.544 / Time: 0h:5m:8s (0h:3m:4s left)
Estimate model parameters (epsilon = 0.100)
BETTER TREE FOUND at iteration 88: -45795.366
Iteration 90 / LogL: -45805.855 / Time: 0h:5m:28s (0h:3m:24s left)
Estimate model parameters (epsilon = 0.100)
BETTER TREE FOUND at iteration 98: -45795.202
Iteration 100 / LogL: -45795.635 / Time: 0h:5m:50s (0h:3m:25s left)
Log-likelihood cutoff on original alignment: -45881.285
NOTE: Bootstrap correlation coefficient of split occurrence frequencies: 0.988
NOTE: UFBoot does not converge, continue at least 100 more iterations
Iteration 110 / LogL: -45821.021 / Time: 0h:6m:9s (0h:3m:7s left)
Iteration 120 / LogL: -45801.801 / Time: 0h:6m:29s (0h:2m:45s left)
Iteration 130 / LogL: -45796.321 / Time: 0h:6m:49s (0h:2m:24s left)
Iteration 140 / LogL: -45806.914 / Time: 0h:7m:7s (0h:2m:2s left)
Iteration 150 / LogL: -45796.050 / Time: 0h:7m:27s (0h:1m:42s left)
Log-likelihood cutoff on original alignment: -45881.285
Iteration 160 / LogL: -45798.179 / Time: 0h:7m:46s (0h:1m:21s left)
Iteration 170 / LogL: -45795.683 / Time: 0h:8m:6s (0h:1m:0s left)
Iteration 180 / LogL: -45799.704 / Time: 0h:8m:25s (0h:0m:40s left)
Iteration 190 / LogL: -45825.921 / Time: 0h:8m:44s (0h:0m:20s left)
Iteration 200 / LogL: -45800.663 / Time: 0h:9m:3s (0h:0m:0s left)
Log-likelihood cutoff on original alignment: -45881.285
NOTE: Bootstrap correlation coefficient of split occurrence frequencies: 0.999
TREE SEARCH COMPLETED AFTER 200 ITERATIONS / Time: 0h:9m:3s

--------------------------------------------------------------------
|                    FINALIZING TREE SEARCH                        |
--------------------------------------------------------------------
Performs final model parameters optimization
Estimate model parameters (epsilon = 0.010)
1. Initial log-likelihood: -45795.202
Optimal log-likelihood: -45795.193
Gamma shape alpha: 1.306
Parameters optimization took 1 rounds (0.178 sec)
BEST SCORE FOUND : -45795.193
Creating bootstrap support values...
Split supports printed to NEXUS file /data/leuven/358/vsc35887/master_thesis/iqtree_output/refolded_fullglyco_E1_famsa_iqtree/refolded_fullglyco_E1_AA_famsa.splits.nex
Total tree length: 79.900

Total number of iterations: 200
CPU time used for tree search: 1941.193 sec (0h:32m:21s)
Wall-clock time used for tree search: 397.184 sec (0h:6m:37s)
Total CPU time used: 2554.332 sec (0h:42m:34s)
Total wall-clock time used: 544.601 sec (0h:9m:4s)

Computing bootstrap consensus tree...
Reading input file /data/leuven/358/vsc35887/master_thesis/iqtree_output/refolded_fullglyco_E1_famsa_iqtree/refolded_fullglyco_E1_AA_famsa.splits.nex...
190 taxa and 997 splits.
Consensus tree written to /data/leuven/358/vsc35887/master_thesis/iqtree_output/refolded_fullglyco_E1_famsa_iqtree/refolded_fullglyco_E1_AA_famsa.contree
Reading input trees file /data/leuven/358/vsc35887/master_thesis/iqtree_output/refolded_fullglyco_E1_famsa_iqtree/refolded_fullglyco_E1_AA_famsa.contree
Log-likelihood of consensus tree: -45796.245

Analysis results written to: 
  IQ-TREE report:                /data/leuven/358/vsc35887/master_thesis/iqtree_output/refolded_fullglyco_E1_famsa_iqtree/refolded_fullglyco_E1_AA_famsa.iqtree
  Maximum-likelihood tree:       /data/leuven/358/vsc35887/master_thesis/iqtree_output/refolded_fullglyco_E1_famsa_iqtree/refolded_fullglyco_E1_AA_famsa.treefile
  Likelihood distances:          /data/leuven/358/vsc35887/master_thesis/iqtree_output/refolded_fullglyco_E1_famsa_iqtree/refolded_fullglyco_E1_AA_famsa.mldist

Ultrafast bootstrap approximation results written to:
  Split support values:          /data/leuven/358/vsc35887/master_thesis/iqtree_output/refolded_fullglyco_E1_famsa_iqtree/refolded_fullglyco_E1_AA_famsa.splits.nex
  Consensus tree:                /data/leuven/358/vsc35887/master_thesis/iqtree_output/refolded_fullglyco_E1_famsa_iqtree/refolded_fullglyco_E1_AA_famsa.contree
  Screen log file:               /data/leuven/358/vsc35887/master_thesis/iqtree_output/refolded_fullglyco_E1_famsa_iqtree/refolded_fullglyco_E1_AA_famsa.log

Date and Time: Mon Sep 16 16:32:46 2024
