IQ-TREE multicore version 2.3.6 for Linux x86 64-bit built Aug  4 2024
Developed by Bui Quang Minh, Nguyen Lam Tung, Olga Chernomor, Heiko Schmidt,
Dominik Schrempf, Michael Woodhams, Ly Trong Nhan, Thomas Wong

Host:    r25i13n07 (AVX512, FMA3, 188 GB RAM)
Command: /usr/local/bin/iqtree2 -s refolded_fullglyco_E2_3di_famsa_trim35.fas -m 3DI -bb 1000 -alrt 1000 -nt AUTO -pre /data/leuven/358/vsc35887/master_thesis/iqtree_output/refolded_fullglyco_E2_famsa_iqtree/refolded_fullglyco_E2_3di_famsa_trim35
Seed:    693526 (Using SPRNG - Scalable Parallel Random Number Generator)
Time:    Tue Sep 17 13:29:45 2024
Kernel:  AVX+FMA - auto-detect threads (16 CPU cores detected)

Reading alignment file refolded_fullglyco_E2_3di_famsa_trim35.fas ... Fasta format detected
Reading fasta file: done in 0.00302697 secs using 39.81% CPU
Alignment most likely contains protein sequences
Alignment has 189 sequences with 329 columns, 329 distinct patterns
326 parsimony-informative, 3 singleton sites, 0 constant sites
                                                                                           Gap/Ambiguity  Composition  p-value
Analyzing sequences: done in 0.00818447 secs using 1465% CPU
   1  HPHV_Bald_eagle_hepacivirus_E2_364-657_AlphaFold.pdb                                        22.49%    passed     85.11%
   2  HPHV_Bamboo_rat_hepacivirus_OM451124_E2_367-619_AlphaFold.pdb                               30.40%    passed     99.70%
   3  HPHV_Bamboo_rat_hepacivirus_OM480528_E2_358-622_AlphaFold.pdb                               26.75%    passed     84.25%
   4  HPHV_Bat_hepacivirus_BK013349_E2_357-614_AlphaFold.pdb                                      28.57%    passed     98.50%
   5  HPHV_Bat_hepacivirus_TA166TZA2013_E2_328-576_AlphaFold.pdb                                  27.96%    passed     91.01%
   6  HPHV_Catfish_hepacivirus_E2_552-803_AlphaFold.pdb                                           31.31%    passed     32.83%
   7  HPHV_Chaetodon_aureofaciatus_hepacivirus_isolate_F25_E2_475-626_AlphaFold.pdb               58.66%    passed     66.90%
   8  HPHV_Chinese_broad-headed_pond_turtle_hepacivirus_E2_495-722_AlphaFold.pdb                  32.83%    passed     91.84%
   9  HPHV_Chinese_softshell_turtle_hepacivirus_E2_501-725_AlphaFold.pdb                          34.65%    passed     16.25%
  10  HPHV_Crab_eating_macaque_hepacivirus_E2_395-642_AlphaFold.pdb                               31.31%    passed     93.37%
  11  HPHV_Cyprichromis_hepacivirus_E2_337-528_AlphaFold.pdb                                      46.20%    passed     25.92%
  12  HPHV_Duck_hepacivirus_HCL-1_E2_483-754_AlphaFold.pdb                                        24.92%    passed     98.06%
  13  HPHV_Equine_hepacivirus_E2_392-724_AlphaFold.pdb                                            18.24%    passed     40.08%
  14  HPHV_Gecko_hepacivirus_E2_504-775_AlphaFold.pdb                                             22.19%    passed     35.53%
  15  HPHV_Gerbil_hepacivirus_E2_407-679_AlphaFold.pdb                                            25.53%    passed     64.06%
  16  HPHV_Guangxi_chinese_leopard_gecko_hepacivirus_E2_984-1226_AlphaFold.pdb                    29.48%    failed      0.52%
  17  HPHV_Guangxi_houndshark_hepacivirus_E2_538-759_AlphaFold.pdb                                37.69%    passed     27.48%
  18  HPHV_Guereza_hepacivirus_E2_393-653_AlphaFold.pdb                                           29.18%    passed     71.41%
  19  HPHV_Hainan_oriental_leaf-toed_gecko_hepacivirus_E2_409-675_AlphaFold.pdb                   25.53%    passed     43.73%
  20  HPHV_Hepacivirus_F_E2_340-619_AlphaFold.pdb                                                 23.10%    passed     45.03%
  21  HPHV_Hepacivirus_F_isolate_MgHV2_E2_334-613_AlphaFold.pdb                                   23.10%    passed     65.76%
  22  HPHV_Hepacivirus_F_isolate_MgHV3_E2_334-613_AlphaFold.pdb                                   23.10%    passed     89.20%
  23  HPHV_Hepacivirus_F_isolate_MgHV4_E2_334-613_AlphaFold.pdb                                   23.10%    passed     85.37%
  24  HPHV_Hepacivirus_F_isolate_NA_E2_368-647_AlphaFold.pdb                                      23.10%    passed     96.09%
  25  HPHV_Hepacivirus_I_E2_370-623_AlphaFold.pdb                                                 27.96%    passed     82.80%
  26  HPHV_Hepacivirus_J_isolate_Hepacivirus_RMU10-3382GER2010_E2_349-698_AlphaFold.pdb           24.32%    failed      0.00%
  27  HPHV_Hepacivirus_K_E2_384-707_AlphaFold.pdb                                                 20.36%    passed     84.71%
  28  HPHV_Hepacivirus_L_E2_365-629_AlphaFold.pdb                                                 26.14%    passed     92.75%
  29  HPHV_Hepacivirus_M_E2_383-702_AlphaFold.pdb                                                 21.28%    passed     99.52%
  30  HPHV_Hepacivirus_N_E2_348-612_AlphaFold.pdb                                                 26.75%    passed     83.79%
  31  HPHV_Hepacivirus_N_isolate_IME_BovHep_01_E2_358-611_AlphaFold.pdb                           27.96%    passed     80.32%
  32  HPHV_Hepacivirus_P_E2_339-606_AlphaFold.pdb                                                 27.96%    passed     76.64%
  33  HPHV_Hepacivirus_Q_strain_GDZQ-15_E2_431-644_AlphaFold.pdb                                  35.87%    passed     78.54%
  34  HPHV_Hepacivirus_horseDH1HUN2013_E2_403-724_AlphaFold.pdb                                   18.24%    passed      7.54%
  35  HPHV_Hepacivirus_sp._E2_584-699_AlphaFold.pdb                                               65.05%    passed     12.08%
  36  HPHV_Hepacivirus_sp._clone_B32_E2_340-608_AlphaFold.pdb                                     27.66%    passed     61.43%
  37  HPHV_Hepatitis_C_virus_genotype_1_E2_384-745_AlphaFold.pdb                                  17.33%    failed      0.88%
  38  HPHV_Hepatitis_C_virus_genotype_2_E2_384-749_AlphaFold.pdb                                  17.02%    passed     16.25%
  39  HPHV_Hepatitis_C_virus_genotype_3_E2_384-752_AlphaFold.pdb                                  16.72%    passed     21.65%
  40  HPHV_Hepatitis_C_virus_genotype_4_E2_384-745_AlphaFold.pdb                                  17.33%    failed      2.31%
  41  HPHV_Hepatitis_C_virus_genotype_5_E2_384-746_AlphaFold.pdb                                  17.02%    failed      0.58%
  42  HPHV_Hepatitis_C_virus_genotype_6_E2_388-750_AlphaFold.pdb                                  17.02%    failed      0.27%
  43  HPHV_Hepatitis_C_virus_genotype_7_E2_384-749_AlphaFold.pdb                                  17.02%    failed      2.71%
  44  HPHV_Hepatitis_GB_virus_B_E2_350-669_AlphaFold.pdb                                          25.53%    passed     99.77%
  45  HPHV_Jingmen_Rhinolophus_sinicus_hepacivirus_E2_363-616_AlphaFold.pdb                       29.48%    passed     99.57%
  46  HPHV_Jogalong_virus_P1-10_E2_279-581_AlphaFold.pdb                                          23.40%    passed     59.65%
  47  HPHV_Longquan_Niviventer_fulvescens_hepacivirus_1_E2_470-733_AlphaFold.pdb                  28.27%    passed     97.26%
  48  HPHV_Longquan_Niviventer_niviventer_hepacivirus_1_E2_462-730_AlphaFold.pdb                  26.44%    passed     46.33%
  49  HPHV_Longquan_Rhinolophus_pusillus_hepacivirus_E2_372-633_AlphaFold.pdb                     25.84%    passed     98.34%
  50  HPHV_Mutant_Hepacivirus_clone_S83cc_E2_385-749_AlphaFold.pdb                                17.02%    passed     19.75%
  51  HPHV_Mutant_Hepacivirus_clone_T9cc_E2_385-749_AlphaFold.pdb                                 17.02%    failed      0.18%
  52  HPHV_Nanhai_ghost_shark_hepacivirus_1_E2_208-359_AlphaFold.pdb                              53.80%    passed     14.41%
  53  HPHV_Nanhai_ghost_shark_hepacivirus_2_E2_500-643_AlphaFold.pdb                              56.23%    passed     46.81%
  54  HPHV_Non-primate_hepacivirus_NZP1_E2_402-724_AlphaFold.pdb                                  17.93%    passed     37.47%
  55  HPHV_Non-primate_hepacivirus_strain_CU_isolate_III_E2_408-727_AlphaFold.pdb                 18.24%    passed     71.89%
  56  HPHV_Northern_treeshrew_hepacivirus_E2_369-627_AlphaFold.pdb                                31.00%    passed     96.59%
  57  HPHV_Norway_rat_hepacivirus_1_E2_451-719_AlphaFold.pdb                                      27.05%    passed     85.34%
  58  HPHV_Norway_rat_hepacivirus_2_E2_383-652_AlphaFold.pdb                                      23.40%    passed      9.79%
  59  HPHV_Possum_hepacivrus_E2_342-627_AlphaFold.pdb                                             26.14%    passed     58.11%
  60  HPHV_Recombinant_Hepacivirus_E2_388-746_AlphaFold.pdb                                       17.02%    failed      0.00%
  61  HPHV_Rhizomys_pruinosus_hepacivirus_E2_363-635_AlphaFold.pdb                                24.32%    passed     96.58%
  62  HPHV_Ringtail_hepacivirus_E2_356-639_AlphaFold.pdb                                          25.53%    passed     91.70%
  63  HPHV_Rodent_hepacivirus_05VZ-14-118_E2_358-619_AlphaFold.pdb                                27.66%    passed     83.33%
  64  HPHV_Rodent_hepacivirus_B349PAN2014_E2_352-625_AlphaFold.pdb                                25.23%    passed     89.23%
  65  HPHV_Rodent_hepacivirus_CRT125-BCOD2010_E2_375-710_AlphaFold.pdb                            25.53%    failed      0.00%
  66  HPHV_Rodent_hepacivirus_CRT352-BCOD2010_E2_368-700_AlphaFold.pdb                            26.44%    failed      0.00%
  67  HPHV_Rodent_hepacivirus_CRT382COD2010_E2_439-714_AlphaFold.pdb                              25.84%    passed     43.41%
  68  HPHV_Rodent_hepacivirus_CRT490-BCOD2010_E2_377-715_AlphaFold.pdb                            26.14%    failed      0.00%
  69  HPHV_Rodent_hepacivirus_CRT64-ACOD2010_E2_380-712_AlphaFold.pdb                             27.05%    failed      0.00%
  70  HPHV_Rodent_hepacivirus_CRT682COD2010_E2_390-643_AlphaFold.pdb                              32.83%    passed     90.31%
  71  HPHV_Rodent_hepacivirus_E2_355-633_AlphaFold.pdb                                            24.01%    passed     71.10%
  72  HPHV_Rodent_hepacivirus_MOZ329-AMOZ2011_E2_385-715_AlphaFold.pdb                            28.57%    failed      0.00%
  73  HPHV_Rodent_hepacivirus_MOZ329-CMOZ2011_E2_439-705_AlphaFold.pdb                            28.57%    passed     47.15%
  74  HPHV_Rodent_hepacivirus_RO22799BeAn812052_E2_357-619_AlphaFold.pdb                          28.57%    passed     98.21%
  75  HPHV_Rodent_hepacivirus_TA085TZA2013_E2_410-681_AlphaFold.pdb                               27.05%    passed     97.45%
  76  HPHV_Rodent_hepacivirus_TA100-ATZA2013_E2_369-696_AlphaFold.pdb                             26.75%    failed      0.00%
  77  HPHV_Rodent_hepacivirus_TA142TZA2013_E2_360-691_AlphaFold.pdb                               27.36%    failed      0.03%
  78  HPHV_Rodent_hepacivirus_TA498-ATZA2013_E2_405-745_AlphaFold.pdb                             25.53%    failed      0.00%
  79  HPHV_Rodent_hepacivirus_TA498-CTZA2013_E2_438-709_AlphaFold.pdb                             27.05%    passed     77.55%
  80  HPHV_Rodent_hepacivirus_TA531-ATZA2013_E2_380-715_AlphaFold.pdb                             27.05%    failed      0.00%
  81  HPHV_Rodent_hepacivirus_TZ25757TZA2011_E2_368-646_AlphaFold.pdb                             24.32%    passed     93.40%
  82  HPHV_Rodent_hepacivirus_rn-1_E2_451-719_AlphaFold.pdb                                       27.05%    passed     80.75%
  83  HPHV_Rodent_hepacvirus_RtAs-HCVIM2014_E2_409-658_AlphaFold.pdb                              34.65%    failed      0.30%
  84  HPHV_Rodent_hepacvirus_RtMc-HCVTibet2014_E2_332-607_AlphaFold.pdb                           24.92%    passed     94.40%
  85  HPHV_Sifaka_hepacivirus_MH824541_E2_405-654_AlphaFold.pdb                                   32.52%    passed     79.57%
  86  HPHV_Sifaka_hepacivirus_MT371438_E2_397-657_AlphaFold.pdb                                   29.18%    passed     84.65%
  87  HPHV_Sigmodontinae_hepacivirus_E2_368-633_AlphaFold.pdb                                     25.84%    passed     75.83%
  88  HPHV_Viviparous_lizard_hepacivirus_E2_749-966_AlphaFold.pdb                                 36.17%    passed     38.19%
  89  HPHV_Wenling_shark_virus_E2_495-708_AlphaFold.pdb                                           39.21%    passed     12.67%
  90  HPHV_Wenzhou_Apodemus_agrarius_hepacivirus_1_E2_359-599_AlphaFold.pdb                       34.65%    passed     99.20%
  91  HPHV_Wenzhou_Suncus_murinus_hepacivirus_1_E2_359-595_AlphaFold.pdb                          35.87%    passed     87.75%
  92  HPHV_Western_African_lungfish_hepacivirus_E2_573-809_AlphaFold.pdb                          40.12%    failed      0.00%
  93  HPHV_White_sucker_hepacivirus_E2_670-820_AlphaFold.pdb                                      54.41%    passed     92.74%
  94  HPHV_Wufeng_Niviventer_fulvescens_hepacivirus_1_E2_419-671_AlphaFold.pdb                    31.61%    passed     66.96%
  95  HPHV_Wufeng_Niviventer_niviventer_hepacivirus_1_E2_410-677_AlphaFold.pdb                    27.05%    passed     70.41%
  96  HPHV_Wufeng_Typhlomys_cinereus_hepacivirus_1_E2_369-639_AlphaFold.pdb                       27.36%    passed     95.27%
  97  HPHV_Wufeng_Typhlomys_cinereus_hepacivirus_2_E2_363-626_AlphaFold.pdb                       27.66%    passed     85.58%
  98  HPHV_Wufeng_Typhlomys_cinereus_hepacivirus_3_E2_357-627_AlphaFold.pdb                       25.53%    passed     99.71%
  99  HPHV_Xiamen_guitarfish_hepacivirus_E2_623-791_AlphaFold.pdb                                 48.94%    passed     82.52%
 100  HPHV_Xiamen_sepia_Stingray_hepacivirus_E2_716-847_AlphaFold.pdb                             62.01%    passed     66.87%
 101  HPHV_Yili_teratoscincus_roborowskii_hepacivirus_E2_865-1097_AlphaFold.pdb                   37.99%    failed      0.00%
 102  HPPV_Bat_GB-like_virus_E2_219-535_AlphaFold.pdb                                             14.29%    passed     11.51%
 103  HPPV_Bat_pegivirus_PDB-1734_E2_348-709_AlphaFold.pdb                                         8.21%    passed     17.33%
 104  HPPV_Bat_pegivirus_PDB-24_E2_220-583_AlphaFold.pdb                                           6.69%    passed     72.93%
 105  HPPV_Bat_pegivirus_PDB-303_E2_221-539_AlphaFold.pdb                                         14.29%    passed     33.53%
 106  HPPV_Bat_pegivirus_PDB-34.1_E2_479-813_AlphaFold.pdb                                        12.77%    passed     14.03%
 107  HPPV_Bat_pegivirus_PDB-491.2_E2_289-656_AlphaFold.pdb                                        5.78%    passed     36.35%
 108  HPPV_Bat_pegivirus_PDB-694_E2_258-574_AlphaFold.pdb                                         14.29%    passed      8.21%
 109  HPPV_Bat_pegivirus_PDB-737B_E2_247-610_AlphaFold.pdb                                         6.08%    passed     23.81%
 110  HPPV_Bat_pegivirus_PDB-838_E2_294-654_AlphaFold.pdb                                          6.99%    passed     85.69%
 111  HPPV_Chimpanzee_GB_virus_C_E2_211-572_AlphaFold.pdb                                          6.08%    passed     86.52%
 112  HPPV_Dolphin_pegivirus_E2_219-562_AlphaFold.pdb                                             11.55%    passed     99.24%
 113  HPPV_Dremomys_pernyi_pegivirus_isolate_SC_C7-54.2_2022_E2_388-745_AlphaFold.pdb             11.55%    failed      0.68%
 114  HPPV_Eospalax_rufescens_pegivirus_isolate_SC_C3-19.2_2021_E2_403-759_AlphaFold.pdb          10.64%    passed     28.21%
 115  HPPV_Equine_Pegivirus_E2_261-534_AlphaFold.pdb                                              22.80%    failed      0.00%
 116  HPPV_Feline_pegivirus_E2_220-528_AlphaFold.pdb                                              15.20%    passed     60.33%
 117  HPPV_GB_virus_E2_255-581_AlphaFold.pdb                                                      12.77%    passed     98.52%
 118  HPPV_Goose_pegivirus_1_E2_339-580_AlphaFold.pdb                                             36.17%    passed     15.28%
 119  HPPV_Goose_pegivirus_2_E2_244-554_AlphaFold.pdb                                             14.29%    passed     96.82%
 120  HPPV_Hepatitis_GB_virus_A_E2_276-631_AlphaFold.pdb                                           6.99%    passed     47.53%
 121  HPPV_Hepatitis_G_virus_AB018667.1_E2_208-572_AlphaFold.pdb                                   6.08%    passed     66.68%
 122  HPPV_Hepatitis_G_virus_AB021287.1_E2_208-572_AlphaFold.pdb                                   6.08%    passed     72.63%
 123  HPPV_Hepatitis_G_virus_HGV-T55875_E2_239-603_AlphaFold.pdb                                   6.08%    passed     27.24%
 124  HPPV_Hepatitis_G_virus_U94695.1_E2_239-603_AlphaFold.pdb                                     6.08%    passed     73.24%
 125  HPPV_Hepatitis_G_virus_isolate_765_E2_276-640_AlphaFold.pdb                                  6.08%    passed     46.92%
 126  HPPV_Human_hepegivirus_E2_316-669_AlphaFold.pdb                                             12.46%    passed     58.66%
 127  HPPV_Leucosticte_brandti_pegivirus_XZN_E2_268-572_AlphaFold.pdb                             16.72%    passed     75.89%
 128  HPPV_Longquan_Niviventer_fulvescens_pegivirus_E2_426-778_AlphaFold.pdb                      10.03%    passed     60.28%
 129  HPPV_Longquan_Niviventer_niviventer_pegivirus_E2_426-778_AlphaFold.pdb                      10.03%    passed     60.28%
 130  HPPV_Longquan_Rhinolophus_pearsonii_pegivirus_E2_258-601_AlphaFold.pdb                      12.77%    passed     63.55%
 131  HPPV_Marmoset_pegivirus_E2_201-559_AlphaFold.pdb                                             6.99%    passed      8.80%
 132  HPPV_Montifringilla_taczanowskii_pegivirus_E2_238-555_AlphaFold.pdb                         12.46%    passed     86.75%
 133  HPPV_Nabpantry_virus_9_E2_208-571_AlphaFold.pdb                                              6.08%    passed     95.63%
 134  HPPV_Passer_montanus_pegivirus_GXN_E2_302-574_AlphaFold.pdb                                 25.84%    passed     59.18%
 135  HPPV_Pegivirus_A_56330218_E2_208-572_AlphaFold.pdb                                           6.08%    passed     39.17%
 136  HPPV_Pegivirus_A_89859249_E2_254-617_AlphaFold.pdb                                           6.08%    passed      5.90%
 137  HPPV_Pegivirus_D_E2_207-521_AlphaFold.pdb                                                   13.98%    passed     14.82%
 138  HPPV_Pegivirus_G_E2_478-828_AlphaFold.pdb                                                    8.51%    passed     88.19%
 139  HPPV_Pegivirus_I_E2_213-556_AlphaFold.pdb                                                   11.25%    passed     92.24%
 140  HPPV_Pegivirus_K_E2_213-557_AlphaFold.pdb                                                   14.29%    passed     96.28%
 141  HPPV_Phaiomys_leucurus_pegivirus_E2_436-802_AlphaFold.pdb                                    7.29%    passed     31.68%
 142  HPPV_Rodent_pegivirus_05VZ-14-Rat070_E2_423-773_AlphaFold.pdb                               11.85%    passed     26.38%
 143  HPPV_Rodent_pegivirus_RPgV-IND079_E2_428-773_AlphaFold.pdb                                  13.37%    passed     20.78%
 144  HPPV_Rodent_pegivirus_isolate_CC61_E2_412-781_AlphaFold.pdb                                  7.90%    passed     10.18%
 145  HPPV_Simian_pegivirus_SPgVkrc_RC08_E2_209-569_AlphaFold.pdb                                  7.60%    passed     73.15%
 146  HPPV_Simian_pegivirus_VGA00020_E2_208-566_AlphaFold.pdb                                      8.51%    passed     96.51%
 147  HPPV_Simian_pegivirus_myb_M77_E2_209-569_AlphaFold.pdb                                       7.60%    passed     57.44%
 148  HPPV_Southwest_bike_trail_virus_E2_365-727_AlphaFold.pdb                                     6.38%    passed     42.02%
 149  HPPV_Ticpantry_virus_3_E2_289-654_AlphaFold.pdb                                              6.08%    passed     68.14%
 150  HPPV_Tree_shrew_pegivirus_E2_366-706_AlphaFold.pdb                                          15.50%    passed     27.49%
 151  HPPV_Wenzhou_Rattus_norvegicus_pegivirus_1_E2_399-752_AlphaFold.pdb                          9.42%    passed     33.59%
 152  HPPV_Wenzhou_Rattus_tanezumi_pegivirus_1_E2_415-767_AlphaFold.pdb                            9.73%    passed     37.06%
 153  HPPV_Wufeng_Blarinella_griselda_pegivirus_1_E2_353-706_AlphaFold.pdb                        11.85%    passed     60.01%
 154  HPPV_Wufeng_Crocidura_attenuata_pegivirus_1_E2_349-700_AlphaFold.pdb                        12.16%    passed     13.74%
 155  HPPV_Wufeng_Niviventer_fulvescens_pegivirus_1_E2_431-770_AlphaFold.pdb                      13.98%    passed     44.47%
 156  HPUN_Wenling_moray_eel_hepacivirus_E2_474-688_AlphaFold.pdb                                 43.77%    passed     75.32%
 157  PLPV_Atypical_porcine_pestivirus_E2_705-940_AlphaFold.pdb                                   35.56%    passed     73.24%
 158  PLPV_Bat_pestivirus_BtSk-PestV-1GX2017_E2_724-948_AlphaFold.pdb                             35.87%    failed      0.00%
 159  PLPV_Border_disease_virus_X818_E2_691-1063_AlphaFold.pdb                                     7.90%    passed     63.26%
 160  PLPV_Bovine_viral_diarrhea_virus_1_E2_693-1065_AlphaFold.pdb                                 7.90%    passed     52.47%
 161  PLPV_Bovine_viral_diarrhea_virus_2_E2_693-1063_AlphaFold.pdb                                 7.90%    passed     24.85%
 162  PLPV_Bovine_viral_diarrhea_virus_3_Th04_KhonKaen_E2_692-1060_AlphaFold.pdb                   8.21%    passed     50.01%
 163  PLPV_Classical_swine_fever_virus_E2_690-1062_AlphaFold.pdb                                   7.90%    passed      9.41%
 164  PLPV_Dongyang_pangolin_virus_isolate_DYCS_E2_679-1040_AlphaFold.pdb                          9.42%    passed     54.21%
 165  PLPV_Frog_pestivirus_E2_1517-1614_AlphaFold.pdb                                             71.43%    failed      0.15%
 166  PLPV_Jingmen_Crocidura_shantungensis_pestivirus_1_E2_528-896_AlphaFold.pdb                  10.03%    passed     24.69%
 167  PLPV_Linda_virus_strain_Austria1_E2_703-1075_AlphaFold.pdb                                   8.21%    passed     24.44%
 168  PLPV_Norway_rat_pestivirus_isolate_NrPVNYC-D23_E2_836-1212_AlphaFold.pdb                    10.94%    failed      3.39%
 169  PLPV_Pangolin_pestivirus_1_isolate_ZJ-F1_E2_706-1073_AlphaFold.pdb                           9.42%    passed     48.39%
 170  PLPV_Pangolin_pestivirus_strain_PPeVBIME1P019Tpangolin2018_E2_681-1046_AlphaFold.pdb         9.12%    passed     11.83%
 171  PLPV_Pangolin_pestivirus_strain_PPeVBIME3P019Tpangolin2018_E2_682-1049_AlphaFold.pdb         8.51%    passed     44.47%
 172  PLPV_Pangolin_pestivirus_strain_PPeVBIME5P141Tpangolin2018_E2_683-1048_AlphaFold.pdb         8.81%    passed     22.68%
 173  PLPV_Pangolin_pestivirus_strain_PPeVBIME6P141Tpangolin2018_E2_710-1079_AlphaFold.pdb         8.51%    passed     34.67%
 174  PLPV_Pangolin_pestivirus_strain_PPeVBIME6P226Tpangolin2018_E2_712-1078_AlphaFold.pdb         8.51%    passed     38.57%
 175  PLPV_Pangolin_pestivirus_strain_PPeVBIME7P022Tpangolin2018_E2_682-1048_AlphaFold.pdb         8.81%    passed     14.28%
 176  PLPV_Pestivirus_Burdur05-TR_E2_691-1062_AlphaFold.pdb                                        7.90%    passed     35.11%
 177  PLPV_Pestivirus_PG-2_E2_690-1062_AlphaFold.pdb                                               7.90%    passed     60.27%
 178  PLPV_Pestivirus_giraffe-1_H138_E2_689-1061_AlphaFold.pdb                                     7.90%    passed     20.97%
 179  PLPV_Pestivirus_reindeer-1_V60-Krefeld_E2_691-1063_AlphaFold.pdb                             7.90%    passed     39.21%
 180  PLPV_Pestivirus_sp._isolate_ovineIt338710-32017_E2_690-1061_AlphaFold.pdb                    7.90%    passed     48.74%
 181  PLPV_Pestivirus_strain_Aydin04-TR_E2_691-1062_AlphaFold.pdb                                  7.90%    passed     11.29%
 182  PLPV_Phocoena_pestivirus_isolate_NS170386_E2_539-915_AlphaFold.pdb                           7.60%    passed     15.13%
 183  PLPV_Porcine_pestivirus_isolate_Bungowannah_E2_695-1070_AlphaFold.pdb                        8.21%    passed     21.11%
 184  PLPV_Pronghorn_antelope_pestivirus_E2_688-1058_AlphaFold.pdb                                 9.12%    passed     18.65%
 185  PLPV_Rodent_pestivirus_isolate_RtAp-PestVJL2014_E2_821-1193_AlphaFold.pdb                   11.85%    passed     47.22%
 186  PLPV_Rodent_pestivirus_isolate_RtNn-PestVHuB2014_E2_833-1209_AlphaFold.pdb                  10.94%    passed     25.00%
 187  PLPV_Tunisian_small_ruminant_pestivirus_strain_920192007AG_E2_690-1062_AlphaFold.pdb         7.90%    passed     24.61%
 188  PLPV_Wenzhou_Pipistrellus_abramus_pestivirus_1_isolate_YJB_Pabr_E2_700-1071_AlphaFold.pdb    8.51%    passed     17.65%
 189  PLPV_Zikole_virus_E2_710-948_AlphaFold.pdb                                                  33.43%    failed      0.05%
WARNING: 7 sequences contain more than 50% gaps/ambiguity
****  TOTAL                                                                                       20.95%  27 sequences failed composition chi2 test (p-value<5%; df=19)
NOTE: HPPV_Longquan_Niviventer_niviventer_pegivirus_E2_426-778_AlphaFold.pdb is identical to HPPV_Longquan_Niviventer_fulvescens_pegivirus_E2_426-778_AlphaFold.pdb but kept for subsequent analysis

Create initial parsimony tree by phylogenetic likelihood library (PLL)... 0.067 seconds
Generating 1000 samples for ultrafast bootstrap (seed: 693526)...
Reading model parameters from file 3DI
WARNING: Normalizing state frequencies so that sum of them equals to 1

NOTE: 11 MB RAM (0 GB) is required!
Measuring multi-threading efficiency up to 16 CPU cores
Increase to 10 rounds for branch lengths
39 trees examined
Threads: 1 / Time: 16.287 sec / Speedup: 1.000 / Efficiency: 100% / LogL: -88346
Threads: 2 / Time: 10.569 sec / Speedup: 1.541 / Efficiency: 77% / LogL: -88346
Threads: 3 / Time: 8.557 sec / Speedup: 1.903 / Efficiency: 63% / LogL: -88346
Threads: 4 / Time: 7.358 sec / Speedup: 2.214 / Efficiency: 55% / LogL: -88346
Threads: 5 / Time: 6.946 sec / Speedup: 2.345 / Efficiency: 47% / LogL: -88346
BEST NUMBER OF THREADS: 4

Estimate model parameters (epsilon = 0.100)
1. Initial log-likelihood: -59277.375
Optimal log-likelihood: -58632.765
Parameters optimization took 1 rounds (0.096 sec)
Wrote distance file to... 
Computing ML distances based on estimated model parameters...
Calculating distance matrix: done in 0.274295 secs using 399.3% CPU
Computing ML distances took 0.274503 sec (of wall-clock time) 1.095546 sec (of CPU time)
Setting up auxiliary I and S matrices: done in 0.000450687 secs using 327.7% CPU
Computing RapidNJ tree took 0.050665 sec (of wall-clock time) 0.081977 sec (of CPU time)
Log-likelihood of RapidNJ tree: -58722.884
--------------------------------------------------------------------
|             INITIALIZING CANDIDATE TREE SET                      |
--------------------------------------------------------------------
Generating 98 parsimony trees... 5.952 second
Computing log-likelihood of 98 initial trees ... 2.485 seconds
Current best score: -58532.402

Do NNI search on 20 best initial trees
Estimate model parameters (epsilon = 0.100)
BETTER TREE FOUND at iteration 1: -58426.302
Estimate model parameters (epsilon = 0.100)
BETTER TREE FOUND at iteration 2: -58396.955
Estimate model parameters (epsilon = 0.100)
BETTER TREE FOUND at iteration 3: -58386.909
Estimate model parameters (epsilon = 0.100)
BETTER TREE FOUND at iteration 5: -58379.487
Iteration 10 / LogL: -58397.395 / Time: 0h:1m:3s
Estimate model parameters (epsilon = 0.100)
BETTER TREE FOUND at iteration 11: -58378.339
Iteration 20 / LogL: -58422.019 / Time: 0h:1m:9s
Finish initializing candidate tree set (20)
Current best tree score: -58378.339 / CPU time: 18.794
Number of iterations: 20
--------------------------------------------------------------------
|               OPTIMIZING CANDIDATE TREE SET                      |
--------------------------------------------------------------------
Estimate model parameters (epsilon = 0.100)
BETTER TREE FOUND at iteration 22: -58367.914
Estimate model parameters (epsilon = 0.100)
BETTER TREE FOUND at iteration 28: -58358.193
Iteration 30 / LogL: -58411.700 / Time: 0h:1m:14s (0h:4m:11s left)
Estimate model parameters (epsilon = 0.100)
BETTER TREE FOUND at iteration 33: -58347.755
Estimate model parameters (epsilon = 0.100)
BETTER TREE FOUND at iteration 34: -58341.500
Estimate model parameters (epsilon = 0.100)
BETTER TREE FOUND at iteration 39: -58340.101
Iteration 40 / LogL: -58343.348 / Time: 0h:1m:19s (0h:3m:21s left)
Estimate model parameters (epsilon = 0.100)
BETTER TREE FOUND at iteration 46: -58335.679
Iteration 50 / LogL: -58345.277 / Time: 0h:1m:24s (0h:2m:45s left)
Log-likelihood cutoff on original alignment: -58468.650
Estimate model parameters (epsilon = 0.100)
BETTER TREE FOUND at iteration 60: -58335.455
Iteration 60 / LogL: -58335.455 / Time: 0h:1m:29s (0h:2m:31s left)
Estimate model parameters (epsilon = 0.100)
BETTER TREE FOUND at iteration 61: -58335.395
Iteration 70 / LogL: -58358.387 / Time: 0h:1m:34s (0h:2m:4s left)
Iteration 80 / LogL: -58343.989 / Time: 0h:1m:39s (0h:1m:41s left)
Estimate model parameters (epsilon = 0.100)
BETTER TREE FOUND at iteration 81: -58332.678
Iteration 90 / LogL: -58347.213 / Time: 0h:1m:44s (0h:1m:46s left)
Estimate model parameters (epsilon = 0.100)
BETTER TREE FOUND at iteration 91: -58327.958
Estimate model parameters (epsilon = 0.100)
BETTER TREE FOUND at iteration 100: -58322.936
Iteration 100 / LogL: -58322.936 / Time: 0h:1m:49s (0h:1m:50s left)
Log-likelihood cutoff on original alignment: -58468.650
NOTE: Bootstrap correlation coefficient of split occurrence frequencies: 0.984
NOTE: UFBoot does not converge, continue at least 100 more iterations
Estimate model parameters (epsilon = 0.100)
BETTER TREE FOUND at iteration 106: -58322.181
Estimate model parameters (epsilon = 0.100)
BETTER TREE FOUND at iteration 108: -58317.579
Iteration 110 / LogL: -58335.195 / Time: 0h:1m:55s (0h:1m:43s left)
Iteration 120 / LogL: -58334.338 / Time: 0h:1m:59s (0h:1m:28s left)
Estimate model parameters (epsilon = 0.100)
BETTER TREE FOUND at iteration 129: -58315.796
Iteration 130 / LogL: -58335.958 / Time: 0h:2m:5s (0h:1m:35s left)
Iteration 140 / LogL: -58318.892 / Time: 0h:2m:10s (0h:1m:23s left)
Iteration 150 / LogL: -58362.989 / Time: 0h:2m:14s (0h:1m:11s left)
Log-likelihood cutoff on original alignment: -58468.650
Estimate model parameters (epsilon = 0.100)
BETTER TREE FOUND at iteration 155: -58314.108
Iteration 160 / LogL: -58349.715 / Time: 0h:2m:20s (0h:1m:23s left)
Iteration 170 / LogL: -58316.021 / Time: 0h:2m:25s (0h:1m:13s left)
Iteration 180 / LogL: -58364.680 / Time: 0h:2m:30s (0h:1m:3s left)
Iteration 190 / LogL: -58336.815 / Time: 0h:2m:35s (0h:0m:53s left)
Iteration 200 / LogL: -58320.242 / Time: 0h:2m:40s (0h:0m:44s left)
Log-likelihood cutoff on original alignment: -58468.650
NOTE: Bootstrap correlation coefficient of split occurrence frequencies: 0.976
NOTE: UFBoot does not converge, continue at least 100 more iterations
Iteration 210 / LogL: -58321.018 / Time: 0h:2m:46s (0h:1m:11s left)
Iteration 220 / LogL: -58346.243 / Time: 0h:2m:51s (0h:1m:2s left)
Iteration 230 / LogL: -58326.137 / Time: 0h:2m:56s (0h:0m:53s left)
Iteration 240 / LogL: -58346.042 / Time: 0h:3m:1s (0h:0m:45s left)
Estimate model parameters (epsilon = 0.100)
BETTER TREE FOUND at iteration 243: -58312.594
Iteration 250 / LogL: -58323.335 / Time: 0h:3m:6s (0h:1m:9s left)
Log-likelihood cutoff on original alignment: -58468.650
Iteration 260 / LogL: -58322.558 / Time: 0h:3m:12s (0h:1m:1s left)
Iteration 270 / LogL: -58331.456 / Time: 0h:3m:17s (0h:0m:53s left)
Iteration 280 / LogL: -58319.989 / Time: 0h:3m:22s (0h:0m:45s left)
Iteration 290 / LogL: -58314.291 / Time: 0h:3m:27s (0h:0m:38s left)
Iteration 300 / LogL: -58329.412 / Time: 0h:3m:32s (0h:0m:30s left)
Log-likelihood cutoff on original alignment: -58468.650
NOTE: Bootstrap correlation coefficient of split occurrence frequencies: 0.993
Estimate model parameters (epsilon = 0.100)
BETTER TREE FOUND at iteration 309: -58312.183
Iteration 310 / LogL: -58335.968 / Time: 0h:3m:38s (0h:1m:9s left)
Iteration 320 / LogL: -58325.130 / Time: 0h:3m:43s (0h:1m:2s left)
Iteration 330 / LogL: -58330.205 / Time: 0h:3m:48s (0h:0m:54s left)
Iteration 340 / LogL: -58315.234 / Time: 0h:3m:53s (0h:0m:47s left)
Iteration 350 / LogL: -58351.148 / Time: 0h:3m:58s (0h:0m:40s left)
Log-likelihood cutoff on original alignment: -58468.650
Iteration 360 / LogL: -58313.100 / Time: 0h:4m:4s (0h:0m:33s left)
Iteration 370 / LogL: -58324.352 / Time: 0h:4m:9s (0h:0m:26s left)
Iteration 380 / LogL: -58360.316 / Time: 0h:4m:14s (0h:0m:19s left)
Iteration 390 / LogL: -58322.707 / Time: 0h:4m:19s (0h:0m:12s left)
Iteration 400 / LogL: -58314.286 / Time: 0h:4m:24s (0h:0m:5s left)
Log-likelihood cutoff on original alignment: -58468.650
NOTE: Bootstrap correlation coefficient of split occurrence frequencies: 0.996
Iteration 410 / LogL: -58322.378 / Time: 0h:4m:30s (0h:0m:59s left)
TREE SEARCH COMPLETED AFTER 410 ITERATIONS / Time: 0h:4m:30s

--------------------------------------------------------------------
|                    FINALIZING TREE SEARCH                        |
--------------------------------------------------------------------
Performs final model parameters optimization
Estimate model parameters (epsilon = 0.010)
1. Initial log-likelihood: -58312.183
Optimal log-likelihood: -58312.183
Parameters optimization took 1 rounds (0.032 sec)
BEST SCORE FOUND : -58312.183

Testing tree branches by SH-like aLRT with 1000 replicates...
0.355 sec.
Creating bootstrap support values...
Split supports printed to NEXUS file /data/leuven/358/vsc35887/master_thesis/iqtree_output/refolded_fullglyco_E2_famsa_iqtree/refolded_fullglyco_E2_3di_famsa_trim35.splits.nex
Total tree length: 47.323

Total number of iterations: 410
CPU time used for tree search: 821.486 sec (0h:13m:41s)
Wall-clock time used for tree search: 219.671 sec (0h:3m:39s)
Total CPU time used: 951.547 sec (0h:15m:51s)
Total wall-clock time used: 270.893 sec (0h:4m:30s)

Computing bootstrap consensus tree...
Reading input file /data/leuven/358/vsc35887/master_thesis/iqtree_output/refolded_fullglyco_E2_famsa_iqtree/refolded_fullglyco_E2_3di_famsa_trim35.splits.nex...
189 taxa and 1277 splits.
Consensus tree written to /data/leuven/358/vsc35887/master_thesis/iqtree_output/refolded_fullglyco_E2_famsa_iqtree/refolded_fullglyco_E2_3di_famsa_trim35.contree
Reading input trees file /data/leuven/358/vsc35887/master_thesis/iqtree_output/refolded_fullglyco_E2_famsa_iqtree/refolded_fullglyco_E2_3di_famsa_trim35.contree
Log-likelihood of consensus tree: -58312.459

Analysis results written to: 
  IQ-TREE report:                /data/leuven/358/vsc35887/master_thesis/iqtree_output/refolded_fullglyco_E2_famsa_iqtree/refolded_fullglyco_E2_3di_famsa_trim35.iqtree
  Maximum-likelihood tree:       /data/leuven/358/vsc35887/master_thesis/iqtree_output/refolded_fullglyco_E2_famsa_iqtree/refolded_fullglyco_E2_3di_famsa_trim35.treefile
  Likelihood distances:          /data/leuven/358/vsc35887/master_thesis/iqtree_output/refolded_fullglyco_E2_famsa_iqtree/refolded_fullglyco_E2_3di_famsa_trim35.mldist

Ultrafast bootstrap approximation results written to:
  Split support values:          /data/leuven/358/vsc35887/master_thesis/iqtree_output/refolded_fullglyco_E2_famsa_iqtree/refolded_fullglyco_E2_3di_famsa_trim35.splits.nex
  Consensus tree:                /data/leuven/358/vsc35887/master_thesis/iqtree_output/refolded_fullglyco_E2_famsa_iqtree/refolded_fullglyco_E2_3di_famsa_trim35.contree
  Screen log file:               /data/leuven/358/vsc35887/master_thesis/iqtree_output/refolded_fullglyco_E2_famsa_iqtree/refolded_fullglyco_E2_3di_famsa_trim35.log

Date and Time: Tue Sep 17 13:34:16 2024
