IQ-TREE multicore version 2.3.6 for Linux x86 64-bit built Aug  4 2024
Developed by Bui Quang Minh, Nguyen Lam Tung, Olga Chernomor, Heiko Schmidt,
Dominik Schrempf, Michael Woodhams, Ly Trong Nhan, Thomas Wong

Host:    r25i13n07 (AVX512, FMA3, 188 GB RAM)
Command: /usr/local/bin/iqtree2 -s refolded_fullglyco_E2_3di_famsa.fas -m 3DI -bb 1000 -alrt 1000 -nt AUTO -pre /data/leuven/358/vsc35887/master_thesis/iqtree_output/refolded_fullglyco_E2_famsa_iqtree/refolded_fullglyco_E2_3di_famsa
Seed:    526988 (Using SPRNG - Scalable Parallel Random Number Generator)
Time:    Tue Sep 17 13:22:58 2024
Kernel:  AVX+FMA - auto-detect threads (16 CPU cores detected)

Reading alignment file refolded_fullglyco_E2_3di_famsa.fas ... Fasta format detected
Reading fasta file: done in 0.00476439 secs using 63.79% CPU
Alignment most likely contains protein sequences
Alignment has 189 sequences with 1042 columns, 946 distinct patterns
616 parsimony-informative, 140 singleton sites, 286 constant sites
                                                                                           Gap/Ambiguity  Composition  p-value
Analyzing sequences: done in 9.46401e-05 secs using 267.3% CPU
   1  HPHV_Bald_eagle_hepacivirus_E2_364-657_AlphaFold.pdb                                        71.79%    passed     62.55%
   2  HPHV_Bamboo_rat_hepacivirus_OM451124_E2_367-619_AlphaFold.pdb                               75.72%    passed     97.89%
   3  HPHV_Bamboo_rat_hepacivirus_OM480528_E2_358-622_AlphaFold.pdb                               74.57%    passed     52.98%
   4  HPHV_Bat_hepacivirus_BK013349_E2_357-614_AlphaFold.pdb                                      75.24%    passed     99.71%
   5  HPHV_Bat_hepacivirus_TA166TZA2013_E2_328-576_AlphaFold.pdb                                  76.10%    passed     98.34%
   6  HPHV_Catfish_hepacivirus_E2_552-803_AlphaFold.pdb                                           75.82%    passed     22.57%
   7  HPHV_Chaetodon_aureofaciatus_hepacivirus_isolate_F25_E2_475-626_AlphaFold.pdb               85.41%    passed     63.89%
   8  HPHV_Chinese_broad-headed_pond_turtle_hepacivirus_E2_495-722_AlphaFold.pdb                  78.12%    passed     86.37%
   9  HPHV_Chinese_softshell_turtle_hepacivirus_E2_501-725_AlphaFold.pdb                          78.41%    passed      5.93%
  10  HPHV_Crab_eating_macaque_hepacivirus_E2_395-642_AlphaFold.pdb                               76.20%    passed     98.54%
  11  HPHV_Cyprichromis_hepacivirus_E2_337-528_AlphaFold.pdb                                      81.57%    failed      3.30%
  12  HPHV_Duck_hepacivirus_HCL-1_E2_483-754_AlphaFold.pdb                                        73.90%    passed     95.38%
  13  HPHV_Equine_hepacivirus_E2_392-724_AlphaFold.pdb                                            68.04%    passed     77.55%
  14  HPHV_Gecko_hepacivirus_E2_504-775_AlphaFold.pdb                                             73.90%    passed     37.46%
  15  HPHV_Gerbil_hepacivirus_E2_407-679_AlphaFold.pdb                                            73.80%    passed     86.24%
  16  HPHV_Guangxi_chinese_leopard_gecko_hepacivirus_E2_984-1226_AlphaFold.pdb                    76.68%    failed      2.46%
  17  HPHV_Guangxi_houndshark_hepacivirus_E2_538-759_AlphaFold.pdb                                78.69%    passed      8.79%
  18  HPHV_Guereza_hepacivirus_E2_393-653_AlphaFold.pdb                                           74.95%    passed     82.08%
  19  HPHV_Hainan_oriental_leaf-toed_gecko_hepacivirus_E2_409-675_AlphaFold.pdb                   74.38%    passed     19.85%
  20  HPHV_Hepacivirus_F_E2_340-619_AlphaFold.pdb                                                 73.13%    passed     53.18%
  21  HPHV_Hepacivirus_F_isolate_MgHV2_E2_334-613_AlphaFold.pdb                                   73.13%    passed     61.87%
  22  HPHV_Hepacivirus_F_isolate_MgHV3_E2_334-613_AlphaFold.pdb                                   73.13%    passed     66.13%
  23  HPHV_Hepacivirus_F_isolate_MgHV4_E2_334-613_AlphaFold.pdb                                   73.13%    passed     63.70%
  24  HPHV_Hepacivirus_F_isolate_NA_E2_368-647_AlphaFold.pdb                                      73.13%    passed     97.51%
  25  HPHV_Hepacivirus_I_E2_370-623_AlphaFold.pdb                                                 75.62%    passed     92.07%
  26  HPHV_Hepacivirus_J_isolate_Hepacivirus_RMU10-3382GER2010_E2_349-698_AlphaFold.pdb           66.41%    failed      0.00%
  27  HPHV_Hepacivirus_K_E2_384-707_AlphaFold.pdb                                                 68.91%    passed     34.72%
  28  HPHV_Hepacivirus_L_E2_365-629_AlphaFold.pdb                                                 74.57%    passed     98.04%
  29  HPHV_Hepacivirus_M_E2_383-702_AlphaFold.pdb                                                 69.29%    passed     65.13%
  30  HPHV_Hepacivirus_N_E2_348-612_AlphaFold.pdb                                                 74.57%    passed     79.59%
  31  HPHV_Hepacivirus_N_isolate_IME_BovHep_01_E2_358-611_AlphaFold.pdb                           75.62%    passed     90.62%
  32  HPHV_Hepacivirus_P_E2_339-606_AlphaFold.pdb                                                 74.28%    passed     29.63%
  33  HPHV_Hepacivirus_Q_strain_GDZQ-15_E2_431-644_AlphaFold.pdb                                  79.46%    passed     75.30%
  34  HPHV_Hepacivirus_horseDH1HUN2013_E2_403-724_AlphaFold.pdb                                   69.10%    passed     26.83%
  35  HPHV_Hepacivirus_sp._E2_584-699_AlphaFold.pdb                                               88.87%    passed     11.45%
  36  HPHV_Hepacivirus_sp._clone_B32_E2_340-608_AlphaFold.pdb                                     74.18%    passed     12.75%
  37  HPHV_Hepatitis_C_virus_genotype_1_E2_384-745_AlphaFold.pdb                                  65.26%    failed      0.36%
  38  HPHV_Hepatitis_C_virus_genotype_2_E2_384-749_AlphaFold.pdb                                  64.88%    passed     13.55%
  39  HPHV_Hepatitis_C_virus_genotype_3_E2_384-752_AlphaFold.pdb                                  64.59%    passed      7.59%
  40  HPHV_Hepatitis_C_virus_genotype_4_E2_384-745_AlphaFold.pdb                                  65.26%    failed      1.12%
  41  HPHV_Hepatitis_C_virus_genotype_5_E2_384-746_AlphaFold.pdb                                  65.16%    failed      1.31%
  42  HPHV_Hepatitis_C_virus_genotype_6_E2_388-750_AlphaFold.pdb                                  65.16%    failed      0.04%
  43  HPHV_Hepatitis_C_virus_genotype_7_E2_384-749_AlphaFold.pdb                                  64.88%    failed      0.19%
  44  HPHV_Hepatitis_GB_virus_B_E2_350-669_AlphaFold.pdb                                          69.29%    passed     10.84%
  45  HPHV_Jingmen_Rhinolophus_sinicus_hepacivirus_E2_363-616_AlphaFold.pdb                       75.62%    passed     99.65%
  46  HPHV_Jogalong_virus_P1-10_E2_279-581_AlphaFold.pdb                                          70.92%    failed      0.58%
  47  HPHV_Longquan_Niviventer_fulvescens_hepacivirus_1_E2_470-733_AlphaFold.pdb                  74.66%    passed     94.90%
  48  HPHV_Longquan_Niviventer_niviventer_hepacivirus_1_E2_462-730_AlphaFold.pdb                  74.18%    passed     24.35%
  49  HPHV_Longquan_Rhinolophus_pusillus_hepacivirus_E2_372-633_AlphaFold.pdb                     74.86%    passed     96.56%
  50  HPHV_Mutant_Hepacivirus_clone_S83cc_E2_385-749_AlphaFold.pdb                                64.97%    failed      4.24%
  51  HPHV_Mutant_Hepacivirus_clone_T9cc_E2_385-749_AlphaFold.pdb                                 64.97%    failed      0.43%
  52  HPHV_Nanhai_ghost_shark_hepacivirus_1_E2_208-359_AlphaFold.pdb                              85.41%    passed     18.02%
  53  HPHV_Nanhai_ghost_shark_hepacivirus_2_E2_500-643_AlphaFold.pdb                              86.18%    passed     49.91%
  54  HPHV_Non-primate_hepacivirus_NZP1_E2_402-724_AlphaFold.pdb                                  69.00%    passed     44.61%
  55  HPHV_Non-primate_hepacivirus_strain_CU_isolate_III_E2_408-727_AlphaFold.pdb                 69.29%    passed     88.87%
  56  HPHV_Northern_treeshrew_hepacivirus_E2_369-627_AlphaFold.pdb                                75.14%    passed     94.38%
  57  HPHV_Norway_rat_hepacivirus_1_E2_451-719_AlphaFold.pdb                                      74.18%    passed     75.15%
  58  HPHV_Norway_rat_hepacivirus_2_E2_383-652_AlphaFold.pdb                                      74.09%    passed      5.09%
  59  HPHV_Possum_hepacivrus_E2_342-627_AlphaFold.pdb                                             72.55%    passed     45.27%
  60  HPHV_Recombinant_Hepacivirus_E2_388-746_AlphaFold.pdb                                       65.55%    failed      0.00%
  61  HPHV_Rhizomys_pruinosus_hepacivirus_E2_363-635_AlphaFold.pdb                                73.80%    passed     84.94%
  62  HPHV_Ringtail_hepacivirus_E2_356-639_AlphaFold.pdb                                          72.74%    passed     63.09%
  63  HPHV_Rodent_hepacivirus_05VZ-14-118_E2_358-619_AlphaFold.pdb                                74.86%    passed     67.71%
  64  HPHV_Rodent_hepacivirus_B349PAN2014_E2_352-625_AlphaFold.pdb                                73.70%    passed     82.76%
  65  HPHV_Rodent_hepacivirus_CRT125-BCOD2010_E2_375-710_AlphaFold.pdb                            67.75%    failed      0.00%
  66  HPHV_Rodent_hepacivirus_CRT352-BCOD2010_E2_368-700_AlphaFold.pdb                            68.04%    failed      0.00%
  67  HPHV_Rodent_hepacivirus_CRT382COD2010_E2_439-714_AlphaFold.pdb                              73.51%    passed     73.86%
  68  HPHV_Rodent_hepacivirus_CRT490-BCOD2010_E2_377-715_AlphaFold.pdb                            67.47%    failed      0.00%
  69  HPHV_Rodent_hepacivirus_CRT64-ACOD2010_E2_380-712_AlphaFold.pdb                             68.04%    failed      0.00%
  70  HPHV_Rodent_hepacivirus_CRT682COD2010_E2_390-643_AlphaFold.pdb                              75.62%    passed     65.27%
  71  HPHV_Rodent_hepacivirus_E2_355-633_AlphaFold.pdb                                            73.22%    passed     60.89%
  72  HPHV_Rodent_hepacivirus_MOZ329-AMOZ2011_E2_385-715_AlphaFold.pdb                            68.23%    failed      0.00%
  73  HPHV_Rodent_hepacivirus_MOZ329-CMOZ2011_E2_439-705_AlphaFold.pdb                            74.38%    passed     53.36%
  74  HPHV_Rodent_hepacivirus_RO22799BeAn812052_E2_357-619_AlphaFold.pdb                          74.76%    passed     97.56%
  75  HPHV_Rodent_hepacivirus_TA085TZA2013_E2_410-681_AlphaFold.pdb                               73.90%    passed     96.55%
  76  HPHV_Rodent_hepacivirus_TA100-ATZA2013_E2_369-696_AlphaFold.pdb                             68.52%    failed      0.00%
  77  HPHV_Rodent_hepacivirus_TA142TZA2013_E2_360-691_AlphaFold.pdb                               68.14%    failed      0.00%
  78  HPHV_Rodent_hepacivirus_TA498-ATZA2013_E2_405-745_AlphaFold.pdb                             67.27%    failed      0.00%
  79  HPHV_Rodent_hepacivirus_TA498-CTZA2013_E2_438-709_AlphaFold.pdb                             73.90%    passed     75.00%
  80  HPHV_Rodent_hepacivirus_TA531-ATZA2013_E2_380-715_AlphaFold.pdb                             67.75%    failed      0.00%
  81  HPHV_Rodent_hepacivirus_TZ25757TZA2011_E2_368-646_AlphaFold.pdb                             73.22%    passed     72.54%
  82  HPHV_Rodent_hepacivirus_rn-1_E2_451-719_AlphaFold.pdb                                       74.18%    passed     62.81%
  83  HPHV_Rodent_hepacvirus_RtAs-HCVIM2014_E2_409-658_AlphaFold.pdb                              76.01%    failed      0.05%
  84  HPHV_Rodent_hepacvirus_RtMc-HCVTibet2014_E2_332-607_AlphaFold.pdb                           73.51%    passed     96.53%
  85  HPHV_Sifaka_hepacivirus_MH824541_E2_405-654_AlphaFold.pdb                                   76.01%    passed     20.14%
  86  HPHV_Sifaka_hepacivirus_MT371438_E2_397-657_AlphaFold.pdb                                   74.95%    passed     68.83%
  87  HPHV_Sigmodontinae_hepacivirus_E2_368-633_AlphaFold.pdb                                     74.47%    passed     70.58%
  88  HPHV_Viviparous_lizard_hepacivirus_E2_749-966_AlphaFold.pdb                                 79.08%    passed     30.02%
  89  HPHV_Wenling_shark_virus_E2_495-708_AlphaFold.pdb                                           79.46%    passed     15.67%
  90  HPHV_Wenzhou_Apodemus_agrarius_hepacivirus_1_E2_359-599_AlphaFold.pdb                       76.87%    passed     89.41%
  91  HPHV_Wenzhou_Suncus_murinus_hepacivirus_1_E2_359-595_AlphaFold.pdb                          77.26%    passed     73.52%
  92  HPHV_Western_African_lungfish_hepacivirus_E2_573-809_AlphaFold.pdb                          77.26%    failed      0.00%
  93  HPHV_White_sucker_hepacivirus_E2_670-820_AlphaFold.pdb                                      85.51%    passed     86.80%
  94  HPHV_Wufeng_Niviventer_fulvescens_hepacivirus_1_E2_419-671_AlphaFold.pdb                    75.72%    passed     16.56%
  95  HPHV_Wufeng_Niviventer_niviventer_hepacivirus_1_E2_410-677_AlphaFold.pdb                    74.28%    passed     26.15%
  96  HPHV_Wufeng_Typhlomys_cinereus_hepacivirus_1_E2_369-639_AlphaFold.pdb                       73.99%    passed     91.58%
  97  HPHV_Wufeng_Typhlomys_cinereus_hepacivirus_2_E2_363-626_AlphaFold.pdb                       74.66%    passed     76.02%
  98  HPHV_Wufeng_Typhlomys_cinereus_hepacivirus_3_E2_357-627_AlphaFold.pdb                       73.99%    passed     99.12%
  99  HPHV_Xiamen_guitarfish_hepacivirus_E2_623-791_AlphaFold.pdb                                 83.78%    passed     89.67%
 100  HPHV_Xiamen_sepia_Stingray_hepacivirus_E2_716-847_AlphaFold.pdb                             87.33%    passed     42.67%
 101  HPHV_Yili_teratoscincus_roborowskii_hepacivirus_E2_865-1097_AlphaFold.pdb                   77.64%    failed      0.00%
 102  HPPV_Bat_GB-like_virus_E2_219-535_AlphaFold.pdb                                             69.58%    passed     29.56%
 103  HPPV_Bat_pegivirus_PDB-1734_E2_348-709_AlphaFold.pdb                                        65.26%    failed      1.13%
 104  HPPV_Bat_pegivirus_PDB-24_E2_220-583_AlphaFold.pdb                                          65.07%    passed     59.66%
 105  HPPV_Bat_pegivirus_PDB-303_E2_221-539_AlphaFold.pdb                                         69.39%    passed     53.10%
 106  HPPV_Bat_pegivirus_PDB-34.1_E2_479-813_AlphaFold.pdb                                        67.85%    passed      9.00%
 107  HPPV_Bat_pegivirus_PDB-491.2_E2_289-656_AlphaFold.pdb                                       64.68%    passed     24.58%
 108  HPPV_Bat_pegivirus_PDB-694_E2_258-574_AlphaFold.pdb                                         69.58%    passed     11.25%
 109  HPPV_Bat_pegivirus_PDB-737B_E2_247-610_AlphaFold.pdb                                        65.07%    passed     13.01%
 110  HPPV_Bat_pegivirus_PDB-838_E2_294-654_AlphaFold.pdb                                         65.36%    passed     77.08%
 111  HPPV_Chimpanzee_GB_virus_C_E2_211-572_AlphaFold.pdb                                         65.26%    passed     80.86%
 112  HPPV_Dolphin_pegivirus_E2_219-562_AlphaFold.pdb                                             66.99%    passed     94.88%
 113  HPPV_Dremomys_pernyi_pegivirus_isolate_SC_C7-54.2_2022_E2_388-745_AlphaFold.pdb             65.64%    failed      0.71%
 114  HPPV_Eospalax_rufescens_pegivirus_isolate_SC_C3-19.2_2021_E2_403-759_AlphaFold.pdb          65.74%    passed     11.96%
 115  HPPV_Equine_Pegivirus_E2_261-534_AlphaFold.pdb                                              73.70%    failed      0.00%
 116  HPPV_Feline_pegivirus_E2_220-528_AlphaFold.pdb                                              70.35%    passed     39.79%
 117  HPPV_GB_virus_E2_255-581_AlphaFold.pdb                                                      68.62%    passed     97.30%
 118  HPPV_Goose_pegivirus_1_E2_339-580_AlphaFold.pdb                                             76.78%    passed     33.39%
 119  HPPV_Goose_pegivirus_2_E2_244-554_AlphaFold.pdb                                             70.15%    passed     88.66%
 120  HPPV_Hepatitis_GB_virus_A_E2_276-631_AlphaFold.pdb                                          65.83%    passed     44.70%
 121  HPPV_Hepatitis_G_virus_AB018667.1_E2_208-572_AlphaFold.pdb                                  64.97%    passed     43.40%
 122  HPPV_Hepatitis_G_virus_AB021287.1_E2_208-572_AlphaFold.pdb                                  64.97%    passed     49.07%
 123  HPPV_Hepatitis_G_virus_HGV-T55875_E2_239-603_AlphaFold.pdb                                  64.97%    passed      9.88%
 124  HPPV_Hepatitis_G_virus_U94695.1_E2_239-603_AlphaFold.pdb                                    64.97%    passed     18.21%
 125  HPPV_Hepatitis_G_virus_isolate_765_E2_276-640_AlphaFold.pdb                                 64.97%    passed     47.90%
 126  HPPV_Human_hepegivirus_E2_316-669_AlphaFold.pdb                                             66.03%    passed     15.27%
 127  HPPV_Leucosticte_brandti_pegivirus_XZN_E2_268-572_AlphaFold.pdb                             70.73%    passed     66.90%
 128  HPPV_Longquan_Niviventer_fulvescens_pegivirus_E2_426-778_AlphaFold.pdb                      66.12%    passed      9.63%
 129  HPPV_Longquan_Niviventer_niviventer_pegivirus_E2_426-778_AlphaFold.pdb                      66.12%    passed      9.63%
 130  HPPV_Longquan_Rhinolophus_pearsonii_pegivirus_E2_258-601_AlphaFold.pdb                      66.99%    passed     21.32%
 131  HPPV_Marmoset_pegivirus_E2_201-559_AlphaFold.pdb                                            65.55%    passed      6.67%
 132  HPPV_Montifringilla_taczanowskii_pegivirus_E2_238-555_AlphaFold.pdb                         69.48%    passed     77.35%
 133  HPPV_Nabpantry_virus_9_E2_208-571_AlphaFold.pdb                                             65.07%    passed     89.64%
 134  HPPV_Passer_montanus_pegivirus_GXN_E2_302-574_AlphaFold.pdb                                 73.80%    passed     91.76%
 135  HPPV_Pegivirus_A_56330218_E2_208-572_AlphaFold.pdb                                          64.97%    passed     15.20%
 136  HPPV_Pegivirus_A_89859249_E2_254-617_AlphaFold.pdb                                          65.07%    failed      2.33%
 137  HPPV_Pegivirus_D_E2_207-521_AlphaFold.pdb                                                   69.77%    passed     16.15%
 138  HPPV_Pegivirus_G_E2_478-828_AlphaFold.pdb                                                   66.31%    passed     63.52%
 139  HPPV_Pegivirus_I_E2_213-556_AlphaFold.pdb                                                   66.99%    passed     65.40%
 140  HPPV_Pegivirus_K_E2_213-557_AlphaFold.pdb                                                   66.89%    passed     67.71%
 141  HPPV_Phaiomys_leucurus_pegivirus_E2_436-802_AlphaFold.pdb                                   64.78%    passed      6.11%
 142  HPPV_Rodent_pegivirus_05VZ-14-Rat070_E2_423-773_AlphaFold.pdb                               66.31%    failed      4.92%
 143  HPPV_Rodent_pegivirus_RPgV-IND079_E2_428-773_AlphaFold.pdb                                  66.79%    passed     12.19%
 144  HPPV_Rodent_pegivirus_isolate_CC61_E2_412-781_AlphaFold.pdb                                 64.49%    passed     15.40%
 145  HPPV_Simian_pegivirus_SPgVkrc_RC08_E2_209-569_AlphaFold.pdb                                 65.36%    passed     30.80%
 146  HPPV_Simian_pegivirus_VGA00020_E2_208-566_AlphaFold.pdb                                     65.55%    passed     91.93%
 147  HPPV_Simian_pegivirus_myb_M77_E2_209-569_AlphaFold.pdb                                      65.36%    passed     33.65%
 148  HPPV_Southwest_bike_trail_virus_E2_365-727_AlphaFold.pdb                                    65.16%    passed     35.29%
 149  HPPV_Ticpantry_virus_3_E2_289-654_AlphaFold.pdb                                             64.88%    passed     84.33%
 150  HPPV_Tree_shrew_pegivirus_E2_366-706_AlphaFold.pdb                                          67.27%    failed      4.56%
 151  HPPV_Wenzhou_Rattus_norvegicus_pegivirus_1_E2_399-752_AlphaFold.pdb                         66.03%    passed     14.06%
 152  HPPV_Wenzhou_Rattus_tanezumi_pegivirus_1_E2_415-767_AlphaFold.pdb                           66.12%    passed      8.95%
 153  HPPV_Wufeng_Blarinella_griselda_pegivirus_1_E2_353-706_AlphaFold.pdb                        66.03%    passed     23.34%
 154  HPPV_Wufeng_Crocidura_attenuata_pegivirus_1_E2_349-700_AlphaFold.pdb                        66.22%    failed      4.74%
 155  HPPV_Wufeng_Niviventer_fulvescens_pegivirus_1_E2_431-770_AlphaFold.pdb                      67.37%    passed     51.34%
 156  HPUN_Wenling_moray_eel_hepacivirus_E2_474-688_AlphaFold.pdb                                 79.37%    passed     68.22%
 157  PLPV_Atypical_porcine_pestivirus_E2_705-940_AlphaFold.pdb                                   77.35%    passed      7.11%
 158  PLPV_Bat_pestivirus_BtSk-PestV-1GX2017_E2_724-948_AlphaFold.pdb                             78.41%    failed      0.00%
 159  PLPV_Border_disease_virus_X818_E2_691-1063_AlphaFold.pdb                                    64.20%    failed      0.62%
 160  PLPV_Bovine_viral_diarrhea_virus_1_E2_693-1065_AlphaFold.pdb                                64.20%    failed      0.43%
 161  PLPV_Bovine_viral_diarrhea_virus_2_E2_693-1063_AlphaFold.pdb                                64.40%    failed      0.52%
 162  PLPV_Bovine_viral_diarrhea_virus_3_Th04_KhonKaen_E2_692-1060_AlphaFold.pdb                  64.59%    failed      0.58%
 163  PLPV_Classical_swine_fever_virus_E2_690-1062_AlphaFold.pdb                                  64.20%    failed      0.45%
 164  PLPV_Dongyang_pangolin_virus_isolate_DYCS_E2_679-1040_AlphaFold.pdb                         65.26%    failed      1.18%
 165  PLPV_Frog_pestivirus_E2_1517-1614_AlphaFold.pdb                                             90.60%    failed      0.91%
 166  PLPV_Jingmen_Crocidura_shantungensis_pestivirus_1_E2_528-896_AlphaFold.pdb                  64.59%    failed      4.60%
 167  PLPV_Linda_virus_strain_Austria1_E2_703-1075_AlphaFold.pdb                                  64.20%    failed      0.08%
 168  PLPV_Norway_rat_pestivirus_isolate_NrPVNYC-D23_E2_836-1212_AlphaFold.pdb                    63.82%    failed      0.02%
 169  PLPV_Pangolin_pestivirus_1_isolate_ZJ-F1_E2_706-1073_AlphaFold.pdb                          64.68%    failed      3.84%
 170  PLPV_Pangolin_pestivirus_strain_PPeVBIME1P019Tpangolin2018_E2_681-1046_AlphaFold.pdb        64.88%    failed      0.30%
 171  PLPV_Pangolin_pestivirus_strain_PPeVBIME3P019Tpangolin2018_E2_682-1049_AlphaFold.pdb        64.68%    failed      1.47%
 172  PLPV_Pangolin_pestivirus_strain_PPeVBIME5P141Tpangolin2018_E2_683-1048_AlphaFold.pdb        64.88%    failed      0.49%
 173  PLPV_Pangolin_pestivirus_strain_PPeVBIME6P141Tpangolin2018_E2_710-1079_AlphaFold.pdb        64.49%    failed      1.36%
 174  PLPV_Pangolin_pestivirus_strain_PPeVBIME6P226Tpangolin2018_E2_712-1078_AlphaFold.pdb        64.78%    failed      1.07%
 175  PLPV_Pangolin_pestivirus_strain_PPeVBIME7P022Tpangolin2018_E2_682-1048_AlphaFold.pdb        64.78%    failed      0.22%
 176  PLPV_Pestivirus_Burdur05-TR_E2_691-1062_AlphaFold.pdb                                       64.30%    failed      0.36%
 177  PLPV_Pestivirus_PG-2_E2_690-1062_AlphaFold.pdb                                              64.20%    failed      0.57%
 178  PLPV_Pestivirus_giraffe-1_H138_E2_689-1061_AlphaFold.pdb                                    64.20%    failed      0.04%
 179  PLPV_Pestivirus_reindeer-1_V60-Krefeld_E2_691-1063_AlphaFold.pdb                            64.20%    failed      0.18%
 180  PLPV_Pestivirus_sp._isolate_ovineIt338710-32017_E2_690-1061_AlphaFold.pdb                   64.30%    failed      0.65%
 181  PLPV_Pestivirus_strain_Aydin04-TR_E2_691-1062_AlphaFold.pdb                                 64.30%    failed      0.04%
 182  PLPV_Phocoena_pestivirus_isolate_NS170386_E2_539-915_AlphaFold.pdb                          63.82%    failed      0.17%
 183  PLPV_Porcine_pestivirus_isolate_Bungowannah_E2_695-1070_AlphaFold.pdb                       63.92%    failed      0.02%
 184  PLPV_Pronghorn_antelope_pestivirus_E2_688-1058_AlphaFold.pdb                                64.40%    failed      0.05%
 185  PLPV_Rodent_pestivirus_isolate_RtAp-PestVJL2014_E2_821-1193_AlphaFold.pdb                   64.20%    failed      0.08%
 186  PLPV_Rodent_pestivirus_isolate_RtNn-PestVHuB2014_E2_833-1209_AlphaFold.pdb                  63.82%    failed      0.75%
 187  PLPV_Tunisian_small_ruminant_pestivirus_strain_920192007AG_E2_690-1062_AlphaFold.pdb        64.20%    failed      0.13%
 188  PLPV_Wenzhou_Pipistrellus_abramus_pestivirus_1_isolate_YJB_Pabr_E2_700-1071_AlphaFold.pdb   64.30%    failed      0.04%
 189  PLPV_Zikole_virus_E2_710-948_AlphaFold.pdb                                                  77.06%    failed      0.00%
WARNING: 189 sequences contain more than 50% gaps/ambiguity
****  TOTAL                                                                                       70.50%  63 sequences failed composition chi2 test (p-value<5%; df=19)
NOTE: HPPV_Longquan_Niviventer_niviventer_pegivirus_E2_426-778_AlphaFold.pdb is identical to HPPV_Longquan_Niviventer_fulvescens_pegivirus_E2_426-778_AlphaFold.pdb but kept for subsequent analysis

Create initial parsimony tree by phylogenetic likelihood library (PLL)... 0.114 seconds
Generating 1000 samples for ultrafast bootstrap (seed: 526988)...
Reading model parameters from file 3DI
WARNING: Normalizing state frequencies so that sum of them equals to 1

NOTE: 31 MB RAM (0 GB) is required!
Measuring multi-threading efficiency up to 16 CPU cores
Increase to 10 rounds for branch lengths
15 trees examined
Threads: 1 / Time: 17.141 sec / Speedup: 1.000 / Efficiency: 100% / LogL: -106819
Threads: 2 / Time: 10.118 sec / Speedup: 1.694 / Efficiency: 85% / LogL: -106819
Threads: 3 / Time: 7.717 sec / Speedup: 2.221 / Efficiency: 74% / LogL: -106819
Threads: 4 / Time: 6.341 sec / Speedup: 2.703 / Efficiency: 68% / LogL: -106819
Threads: 5 / Time: 5.565 sec / Speedup: 3.080 / Efficiency: 62% / LogL: -106819
Threads: 6 / Time: 5.030 sec / Speedup: 3.408 / Efficiency: 57% / LogL: -106819
Threads: 7 / Time: 4.550 sec / Speedup: 3.767 / Efficiency: 54% / LogL: -106819
Threads: 8 / Time: 4.359 sec / Speedup: 3.932 / Efficiency: 49% / LogL: -106819
BEST NUMBER OF THREADS: 7

Estimate model parameters (epsilon = 0.100)
1. Initial log-likelihood: -79335.461
Optimal log-likelihood: -71942.405
Parameters optimization took 1 rounds (0.184 sec)
Wrote distance file to... 
Computing ML distances based on estimated model parameters...
Calculating distance matrix: done in 0.165251 secs using 698.3% CPU
Computing ML distances took 0.165575 sec (of wall-clock time) 1.154315 sec (of CPU time)
Setting up auxiliary I and S matrices: done in 0.000541767 secs using 314.5% CPU
Computing RapidNJ tree took 0.090413 sec (of wall-clock time) 0.215032 sec (of CPU time)
Log-likelihood of RapidNJ tree: -72337.358
--------------------------------------------------------------------
|             INITIALIZING CANDIDATE TREE SET                      |
--------------------------------------------------------------------
Generating 98 parsimony trees... 10.937 second
Computing log-likelihood of 98 initial trees ... 4.249 seconds
Current best score: -71942.405

Do NNI search on 20 best initial trees
Estimate model parameters (epsilon = 0.100)
BETTER TREE FOUND at iteration 1: -71812.343
Estimate model parameters (epsilon = 0.100)
BETTER TREE FOUND at iteration 2: -71757.818
Iteration 10 / LogL: -71781.415 / Time: 0h:1m:25s
Iteration 20 / LogL: -71779.138 / Time: 0h:1m:33s
Finish initializing candidate tree set (20)
Current best tree score: -71757.818 / CPU time: 32.218
Number of iterations: 20
--------------------------------------------------------------------
|               OPTIMIZING CANDIDATE TREE SET                      |
--------------------------------------------------------------------
Estimate model parameters (epsilon = 0.100)
BETTER TREE FOUND at iteration 24: -71748.872
Estimate model parameters (epsilon = 0.100)
BETTER TREE FOUND at iteration 26: -71739.302
Iteration 30 / LogL: -71753.940 / Time: 0h:1m:41s (0h:5m:36s left)
Estimate model parameters (epsilon = 0.100)
BETTER TREE FOUND at iteration 35: -71728.352
Iteration 40 / LogL: -71811.636 / Time: 0h:1m:49s (0h:4m:25s left)
Iteration 50 / LogL: -71741.182 / Time: 0h:1m:57s (0h:3m:23s left)
Log-likelihood cutoff on original alignment: -71841.427
Estimate model parameters (epsilon = 0.100)
BETTER TREE FOUND at iteration 59: -71712.997
Iteration 60 / LogL: -71738.233 / Time: 0h:2m:5s (0h:3m:29s left)
Iteration 70 / LogL: -71732.593 / Time: 0h:2m:12s (0h:2m:51s left)
Iteration 80 / LogL: -71732.061 / Time: 0h:2m:20s (0h:2m:19s left)
Iteration 90 / LogL: -71786.170 / Time: 0h:2m:27s (0h:1m:54s left)
Iteration 100 / LogL: -71739.558 / Time: 0h:2m:34s (0h:1m:32s left)
Log-likelihood cutoff on original alignment: -71835.502
NOTE: Bootstrap correlation coefficient of split occurrence frequencies: 0.990
NOTE: UFBoot does not converge, continue at least 100 more iterations
Estimate model parameters (epsilon = 0.100)
BETTER TREE FOUND at iteration 110: -71705.194
Iteration 110 / LogL: -71705.194 / Time: 0h:2m:42s (0h:2m:28s left)
Estimate model parameters (epsilon = 0.100)
BETTER TREE FOUND at iteration 114: -71704.808
Iteration 120 / LogL: -71727.664 / Time: 0h:2m:50s (0h:2m:14s left)
Iteration 130 / LogL: -71705.235 / Time: 0h:2m:58s (0h:1m:55s left)
Iteration 140 / LogL: -71722.087 / Time: 0h:3m:5s (0h:1m:38s left)
Iteration 150 / LogL: -71717.983 / Time: 0h:3m:13s (0h:1m:23s left)
Log-likelihood cutoff on original alignment: -71835.502
Iteration 160 / LogL: -71705.107 / Time: 0h:3m:21s (0h:1m:8s left)
Iteration 170 / LogL: -71722.111 / Time: 0h:3m:29s (0h:0m:54s left)
Iteration 180 / LogL: -71705.516 / Time: 0h:3m:36s (0h:0m:41s left)
Iteration 190 / LogL: -71727.098 / Time: 0h:3m:44s (0h:0m:28s left)
Iteration 200 / LogL: -71725.591 / Time: 0h:3m:51s (0h:0m:16s left)
Log-likelihood cutoff on original alignment: -71835.502
NOTE: Bootstrap correlation coefficient of split occurrence frequencies: 0.987
NOTE: UFBoot does not converge, continue at least 100 more iterations
Iteration 210 / LogL: -71784.030 / Time: 0h:3m:59s (0h:1m:43s left)
Iteration 220 / LogL: -71706.371 / Time: 0h:4m:7s (0h:1m:30s left)
Iteration 230 / LogL: -71711.963 / Time: 0h:4m:14s (0h:1m:17s left)
Estimate model parameters (epsilon = 0.100)
BETTER TREE FOUND at iteration 231: -71704.681
Iteration 240 / LogL: -71716.912 / Time: 0h:4m:22s (0h:1m:39s left)
Iteration 250 / LogL: -71713.387 / Time: 0h:4m:30s (0h:1m:27s left)
Log-likelihood cutoff on original alignment: -71835.502
Iteration 260 / LogL: -71710.335 / Time: 0h:4m:38s (0h:1m:16s left)
Estimate model parameters (epsilon = 0.100)
BETTER TREE FOUND at iteration 270: -71703.648
Iteration 270 / LogL: -71703.648 / Time: 0h:4m:46s (0h:1m:46s left)
Iteration 280 / LogL: -71715.526 / Time: 0h:4m:53s (0h:1m:34s left)
Iteration 290 / LogL: -71706.390 / Time: 0h:5m:1s (0h:1m:23s left)
Iteration 300 / LogL: -71743.039 / Time: 0h:5m:8s (0h:1m:12s left)
Log-likelihood cutoff on original alignment: -71835.502
NOTE: Bootstrap correlation coefficient of split occurrence frequencies: 0.997
Iteration 310 / LogL: -71762.460 / Time: 0h:5m:16s (0h:1m:32s left)
Estimate model parameters (epsilon = 0.100)
BETTER TREE FOUND at iteration 320: -71703.120
Iteration 320 / LogL: -71703.120 / Time: 0h:5m:24s (0h:1m:41s left)
Iteration 330 / LogL: -71730.099 / Time: 0h:5m:31s (0h:1m:30s left)
Iteration 340 / LogL: -71737.426 / Time: 0h:5m:39s (0h:1m:20s left)
Iteration 350 / LogL: -71749.975 / Time: 0h:5m:47s (0h:1m:9s left)
Log-likelihood cutoff on original alignment: -71835.502
Iteration 360 / LogL: -71724.090 / Time: 0h:5m:55s (0h:0m:59s left)
Iteration 370 / LogL: -71726.118 / Time: 0h:6m:2s (0h:0m:49s left)
Iteration 380 / LogL: -71773.181 / Time: 0h:6m:10s (0h:0m:39s left)
Iteration 390 / LogL: -71717.214 / Time: 0h:6m:18s (0h:0m:29s left)
Iteration 400 / LogL: -71726.526 / Time: 0h:6m:26s (0h:0m:19s left)
Log-likelihood cutoff on original alignment: -71835.502
NOTE: Bootstrap correlation coefficient of split occurrence frequencies: 0.997
Iteration 410 / LogL: -71705.882 / Time: 0h:6m:34s (0h:1m:26s left)
Iteration 420 / LogL: -71710.926 / Time: 0h:6m:42s (0h:1m:16s left)
TREE SEARCH COMPLETED AFTER 421 ITERATIONS / Time: 0h:6m:43s

--------------------------------------------------------------------
|                    FINALIZING TREE SEARCH                        |
--------------------------------------------------------------------
Performs final model parameters optimization
Estimate model parameters (epsilon = 0.010)
1. Initial log-likelihood: -71703.120
Optimal log-likelihood: -71703.119
Parameters optimization took 1 rounds (0.051 sec)
BEST SCORE FOUND : -71703.119

Testing tree branches by SH-like aLRT with 1000 replicates...
0.613 sec.
Creating bootstrap support values...
Split supports printed to NEXUS file /data/leuven/358/vsc35887/master_thesis/iqtree_output/refolded_fullglyco_E2_famsa_iqtree/refolded_fullglyco_E2_3di_famsa.splits.nex
Total tree length: 49.637

Total number of iterations: 421
CPU time used for tree search: 2249.284 sec (0h:37m:29s)
Wall-clock time used for tree search: 341.801 sec (0h:5m:41s)
Total CPU time used: 2467.781 sec (0h:41m:7s)
Total wall-clock time used: 404.567 sec (0h:6m:44s)

Computing bootstrap consensus tree...
Reading input file /data/leuven/358/vsc35887/master_thesis/iqtree_output/refolded_fullglyco_E2_famsa_iqtree/refolded_fullglyco_E2_3di_famsa.splits.nex...
189 taxa and 1236 splits.
Consensus tree written to /data/leuven/358/vsc35887/master_thesis/iqtree_output/refolded_fullglyco_E2_famsa_iqtree/refolded_fullglyco_E2_3di_famsa.contree
Reading input trees file /data/leuven/358/vsc35887/master_thesis/iqtree_output/refolded_fullglyco_E2_famsa_iqtree/refolded_fullglyco_E2_3di_famsa.contree
Log-likelihood of consensus tree: -71704.714

Analysis results written to: 
  IQ-TREE report:                /data/leuven/358/vsc35887/master_thesis/iqtree_output/refolded_fullglyco_E2_famsa_iqtree/refolded_fullglyco_E2_3di_famsa.iqtree
  Maximum-likelihood tree:       /data/leuven/358/vsc35887/master_thesis/iqtree_output/refolded_fullglyco_E2_famsa_iqtree/refolded_fullglyco_E2_3di_famsa.treefile
  Likelihood distances:          /data/leuven/358/vsc35887/master_thesis/iqtree_output/refolded_fullglyco_E2_famsa_iqtree/refolded_fullglyco_E2_3di_famsa.mldist

Ultrafast bootstrap approximation results written to:
  Split support values:          /data/leuven/358/vsc35887/master_thesis/iqtree_output/refolded_fullglyco_E2_famsa_iqtree/refolded_fullglyco_E2_3di_famsa.splits.nex
  Consensus tree:                /data/leuven/358/vsc35887/master_thesis/iqtree_output/refolded_fullglyco_E2_famsa_iqtree/refolded_fullglyco_E2_3di_famsa.contree
  Screen log file:               /data/leuven/358/vsc35887/master_thesis/iqtree_output/refolded_fullglyco_E2_famsa_iqtree/refolded_fullglyco_E2_3di_famsa.log

Date and Time: Tue Sep 17 13:29:43 2024
